#
# A fatal error has been detected by the Java Runtime Environment:
#
#  EXCEPTION_ACCESS_VIOLATION (0xc0000005) at pc=0x00000197537d6095, pid=6700, tid=10456
#
# JRE version: OpenJDK Runtime Environment (11.0.10) (build 11.0.10+0-b96-7249189)
# Java VM: OpenJDK 64-Bit Server VM (11.0.10+0-b96-7249189, mixed mode, tiered, compressed oops, g1 gc, windows-amd64)
# Problematic frame:
# v  ~StubRoutines::checkcast_arraycopy_uninit
#
# No core dump will be written. Minidumps are not enabled by default on client versions of Windows
#
# If you would like to submit a bug report, please visit:
#   https://bugreport.java.com/bugreport/crash.jsp
#

---------------  S U M M A R Y ------------

Command Line: --add-opens=java.base/java.util=ALL-UNNAMED --add-opens=java.base/java.lang=ALL-UNNAMED --add-opens=java.base/java.lang.invoke=ALL-UNNAMED --add-opens=java.base/java.util=ALL-UNNAMED --add-opens=java.prefs/java.util.prefs=ALL-UNNAMED --add-opens=java.prefs/java.util.prefs=ALL-UNNAMED --add-opens=java.base/java.nio.charset=ALL-UNNAMED --add-opens=java.base/java.net=ALL-UNNAMED --add-opens=java.base/java.util.concurrent.atomic=ALL-UNNAMED -Xmx2048m -Dfile.encoding=UTF-8 -Duser.country=IN -Duser.language=en -Duser.variant org.gradle.launcher.daemon.bootstrap.GradleDaemon 7.0.2

Host: Intel(R) Core(TM) i3-7100U CPU @ 2.40GHz, 4 cores, 7G,  Windows 10 , 64 bit Build 19041 (10.0.19041.546)
Time: Tue Dec 14 22:57:46 2021 Pacific Standard Time elapsed time: 243.641506 seconds (0d 0h 4m 3s)

---------------  T H R E A D  ---------------

Current thread (0x000001976b65e000):  JavaThread "Daemon worker" [_thread_in_Java, id=10456, stack(0x0000008655e00000,0x0000008655f00000)]

Stack: [0x0000008655e00000,0x0000008655f00000],  sp=0x0000008655ef9888,  free space=998k
Native frames: (J=compiled Java code, j=interpreted, Vv=VM code, C=native code)
C  0x00000197537d6095


siginfo: EXCEPTION_ACCESS_VIOLATION (0xc0000005), reading address 0x000001976c896000


Register to memory mapping:

RIP=0x00000197537d6095 is at begin+149 in a stub
StubRoutines::checkcast_arraycopy_uninit [0x00000197537d6000, 0x00000197537d61af[ (431 bytes)
RAX=0x0000000100001408 is a pointer to class: 
java.lang.Comparable {0x0000000100001410}
RBX=0x0000000000001242 is an unknown value
RCX=0x00000000001150c0 is an unknown value
RDX=0xfffffffffffff520 is an unknown value
RSP=0x0000008655ef9888 is pointing into the stack for thread: 0x000001976b65e000
RBP=0x0000008655ef98b0 is pointing into the stack for thread: 0x000001976b65e000
RSI=0x0000000089670228 is pointing into object: [Ljava.lang.Comparable; 
{0x0000000089670218} - klass: 'java/lang/Comparable'[]
 - length: 4674
RDI=0x000001976c896000 is an unknown value
R8 =0x0000000100001408 is a pointer to class: 
java.lang.Comparable {0x0000000100001410}
R9 =0x00000197698d0058 is pointing into metadata
R10=0x0000000100013f08 is a pointer to class: 
R11=0x0000000100664c40 is pointing into metadata
R12=0x0 is NULL
R13=
[error occurred during error reporting (printing register info), id 0xc0000005, EXCEPTION_ACCESS_VIOLATION (0xc0000005) at pc=0x00007ff8f34bc9e6]

Registers:
RAX=0x0000000100001408, RBX=0x0000000000001242, RCX=0x00000000001150c0, RDX=0xfffffffffffff520
RSP=0x0000008655ef9888, RBP=0x0000008655ef98b0, RSI=0x0000000089670228, RDI=0x000001976c896000
R8 =0x0000000100001408, R9 =0x00000197698d0058, R10=0x0000000100013f08, R11=0x0000000100664c40
R12=0x0000000000000000, R13=0x0000000089674b30, R14=0x0000000000001242, R15=0x000001976b65e000
RIP=0x00000197537d6095, EFLAGS=0x0000000000010202

Top of Stack: (sp=0x0000008655ef9888)
0x0000008655ef9888:   0000000089c23ac8 0000000000000020
0x0000008655ef9898:   000000008b82cf18 0000000089670228
0x0000008655ef98a8:   0000000000000921 0000000089670218
0x0000008655ef98b8:   000001975ba5eb46 000001976b65e000
0x0000008655ef98c8:   00000000896701c0 0000000089670118
0x0000008655ef98d8:   0000000000000000 0000000100001408
0x0000008655ef98e8:   0000000000000020 0000000089c1f1b0
0x0000008655ef98f8:   0000000000000000 000000008d1ff330
0x0000008655ef9908:   0000000000000008 0000000000000000
0x0000008655ef9918:   000000008d1ff330 0000000000000020
0x0000008655ef9928:   00000000808db078 0000124200001866
0x0000008655ef9938:   000001976f3ab268 0000000000000000
0x0000008655ef9948:   0000000082121b18 0000008655ef99c8
0x0000008655ef9958:   00000197537a9f16 0000008655ef9978
0x0000008655ef9968:   00000197537a9f16 0000000089670208
0x0000008655ef9978:   000000008d1ff330 0000008655ef9980 

Instructions: (pc=0x00000197537d6095)
0x00000197537d5f95:   00 41 ff d2 48 83 c4 20 4c 8b 3c 24 4c 8b 74 24
0x00000197537d5fa5:   08 4c 8b 6c 24 10 4c 8b 64 24 18 4c 8b 5c 24 20
0x00000197537d5fb5:   4c 8b 54 24 28 4c 8b 4c 24 30 4c 8b 44 24 38 48
0x00000197537d5fc5:   8b 7c 24 40 48 8b 74 24 48 48 8b 6c 24 50 48 8b
0x00000197537d5fd5:   5c 24 60 48 8b 54 24 68 48 8b 4c 24 70 48 8b 44
0x00000197537d5fe5:   24 78 48 81 c4 80 00 00 00 4c 8b 2c 24 4c 8b 74
0x00000197537d5ff5:   24 08 49 8b f9 49 8b f2 c9 c3 90 55 48 8b ec 49
0x00000197537d6005:   8b c1 4c 8b cf 4c 8b d6 48 8b f9 48 8b f2 49 8b
0x00000197537d6015:   d0 48 8b c8 4c 8b 44 24 30 48 83 ec 10 4c 89 2c
0x00000197537d6025:   24 4c 89 74 24 08 48 8d 3c 97 4c 8d 2c 96 4c 8b
0x00000197537d6035:   f2 48 f7 da 0f 85 1f 00 00 00 48 33 c0 e9 57 01
0x00000197537d6045:   00 00 66 0f 1f 84 00 00 00 00 00 41 89 44 95 00
0x00000197537d6055:   48 ff c2 0f 84 55 00 00 00 8b 04 97 48 85 c0 74
0x00000197537d6065:   ea 44 8b 58 08 49 c1 e3 03 4d 3b d8 74 dd 4d 3b
0x00000197537d6075:   04 0b 74 d7 83 f9 20 0f 85 21 00 00 00 50 49 8b
0x00000197537d6085:   c0 51 57 49 8b 7b 28 8b 0f 48 83 c7 08 48 85 c0
0x00000197537d6095:   f2 48 af 5f 59 58 75 06 4d 89 43 20 eb ad 4c 03
0x00000197537d60a5:   f2 49 8b c6 48 f7 d0 75 08 e9 eb 00 00 00 48 33
0x00000197537d60b5:   c0 48 89 64 24 d8 48 81 ec 80 00 00 00 48 89 44
0x00000197537d60c5:   24 78 48 89 4c 24 70 48 89 54 24 68 48 89 5c 24
0x00000197537d60d5:   60 48 89 6c 24 50 48 89 74 24 48 48 89 7c 24 40
0x00000197537d60e5:   4c 89 44 24 38 4c 89 4c 24 30 4c 89 54 24 28 4c
0x00000197537d60f5:   89 5c 24 20 4c 89 64 24 18 4c 89 6c 24 10 4c 89
0x00000197537d6105:   74 24 08 4c 89 3c 24 48 8b ce 49 8b d6 48 83 ec
0x00000197537d6115:   20 f7 c4 0f 00 00 00 0f 84 1a 00 00 00 48 83 ec
0x00000197537d6125:   08 49 ba 30 f7 5f f3 f8 7f 00 00 41 ff d2 48 83
0x00000197537d6135:   c4 08 e9 0d 00 00 00 49 ba 30 f7 5f f3 f8 7f 00
0x00000197537d6145:   00 41 ff d2 48 83 c4 20 4c 8b 3c 24 4c 8b 74 24
0x00000197537d6155:   08 4c 8b 6c 24 10 4c 8b 64 24 18 4c 8b 5c 24 20
0x00000197537d6165:   4c 8b 54 24 28 4c 8b 4c 24 30 4c 8b 44 24 38 48
0x00000197537d6175:   8b 7c 24 40 48 8b 74 24 48 48 8b 6c 24 50 48 8b
0x00000197537d6185:   5c 24 60 48 8b 54 24 68 48 8b 4c 24 70 48 8b 44 


Stack slot to memory mapping:
stack at sp + 0 slots: 0x0000000089c23ac8 is pointing into object: [Ljava.lang.Object; 
{0x0000000089c1f1b0} - klass: 'java/lang/Object'[]
 - length: 6246
stack at sp + 1 slots: 0x0000000000000020 is an unknown value
stack at sp + 2 slots: 0x000000008b82cf18 is an oop: 
[error occurred during error reporting (inspecting top of stack), id 0xc0000005, EXCEPTION_ACCESS_VIOLATION (0xc0000005) at pc=0x00000001000001d9]

StubRoutines::checkcast_arraycopy_uninit [0x00000197537d6000, 0x00000197537d61af[ (431 bytes)
---------------  P R O C E S S  ---------------

Threads class SMR info:
_java_thread_list=0x0000019771a05510, length=40, elements={
0x000001974fcbb800, 0x000001976988e800, 0x0000019769898000, 0x000001976a213800,
0x00000197698a8800, 0x00000197698ab000, 0x00000197698b4000, 0x00000197698b6000,
0x00000197698b8000, 0x000001976a366000, 0x000001976b715800, 0x000001976a4a6800,
0x000001976c25a000, 0x000001976d24b000, 0x000001976b796000, 0x000001976b65d000,
0x000001976b65e000, 0x000001976c762000, 0x000001976c1a6000, 0x000001976c1a7000,
0x000001976c1a4800, 0x000001976c1a3000, 0x000001976c1a1800, 0x000001976c1a2000,
0x000001976c1a5800, 0x000001976c1a8000, 0x000001976c1a3800, 0x000001976d203000,
0x000001976d1ff000, 0x000001976d200000, 0x000001976d1fe800, 0x000001976d201800,
0x000001976d205000, 0x000001976d202800, 0x000001976d200800, 0x000001976d209800,
0x000001976d20d000, 0x000001976d207800, 0x000001976d208000, 0x000001976d209000
}

Java Threads: ( => current thread )
  0x000001974fcbb800 JavaThread "main" [_thread_blocked, id=9368, stack(0x0000008654500000,0x0000008654600000)]
  0x000001976988e800 JavaThread "Reference Handler" daemon [_thread_blocked, id=2272, stack(0x0000008654c00000,0x0000008654d00000)]
  0x0000019769898000 JavaThread "Finalizer" daemon [_thread_blocked, id=6440, stack(0x0000008654d00000,0x0000008654e00000)]
  0x000001976a213800 JavaThread "Signal Dispatcher" daemon [_thread_blocked, id=6512, stack(0x0000008654e00000,0x0000008654f00000)]
  0x00000197698a8800 JavaThread "Attach Listener" daemon [_thread_blocked, id=3980, stack(0x0000008654f00000,0x0000008655000000)]
  0x00000197698ab000 JavaThread "Service Thread" daemon [_thread_blocked, id=2120, stack(0x0000008655000000,0x0000008655100000)]
  0x00000197698b4000 JavaThread "C2 CompilerThread0" daemon [_thread_in_native, id=7292, stack(0x0000008655100000,0x0000008655200000)]
  0x00000197698b6000 JavaThread "C1 CompilerThread0" daemon [_thread_blocked, id=7192, stack(0x0000008655200000,0x0000008655300000)]
  0x00000197698b8000 JavaThread "Sweeper thread" daemon [_thread_blocked, id=3964, stack(0x0000008655300000,0x0000008655400000)]
  0x000001976a366000 JavaThread "Common-Cleaner" daemon [_thread_blocked, id=8140, stack(0x0000008655400000,0x0000008655500000)]
  0x000001976b715800 JavaThread "Daemon health stats" [_thread_blocked, id=7948, stack(0x0000008655900000,0x0000008655a00000)]
  0x000001976a4a6800 JavaThread "Incoming local TCP Connector on port 54546" [_thread_in_native, id=4076, stack(0x0000008655600000,0x0000008655700000)]
  0x000001976c25a000 JavaThread "Daemon periodic checks" [_thread_blocked, id=7684, stack(0x0000008655a00000,0x0000008655b00000)]
  0x000001976d24b000 JavaThread "Daemon" [_thread_blocked, id=11216, stack(0x0000008655b00000,0x0000008655c00000)]
  0x000001976b796000 JavaThread "Handler for socket connection from /127.0.0.1:54546 to /127.0.0.1:54547" [_thread_in_native, id=8496, stack(0x0000008655c00000,0x0000008655d00000)]
  0x000001976b65d000 JavaThread "Cancel handler" [_thread_blocked, id=3024, stack(0x0000008655d00000,0x0000008655e00000)]
=>0x000001976b65e000 JavaThread "Daemon worker" [_thread_in_Java, id=10456, stack(0x0000008655e00000,0x0000008655f00000)]
  0x000001976c762000 JavaThread "Asynchronous log dispatcher for DefaultDaemonConnection: socket connection from /127.0.0.1:54546 to /127.0.0.1:54547" [_thread_blocked, id=872, stack(0x0000008656000000,0x0000008656100000)]
  0x000001976c1a6000 JavaThread "Daemon client event forwarder" [_thread_blocked, id=4276, stack(0x0000008656200000,0x0000008656300000)]
  0x000001976c1a7000 JavaThread "Cache worker for file hash cache (C:\Users\DELL\.gradle\caches\7.0.2\fileHashes)" [_thread_blocked, id=4380, stack(0x0000008656300000,0x0000008656400000)]
  0x000001976c1a4800 JavaThread "File lock request listener" [_thread_in_native, id=5436, stack(0x0000008656400000,0x0000008656500000)]
  0x000001976c1a3000 JavaThread "Cache worker for journal cache (C:\Users\DELL\.gradle\caches\journal-1)" [_thread_blocked, id=3792, stack(0x0000008656600000,0x0000008656700000)]
  0x000001976c1a1800 JavaThread "Cache worker for file hash cache (C:\Users\DELL\AndroidStudioProjects\MyApplication\.gradle\7.0.2\fileHashes)" [_thread_blocked, id=428, stack(0x0000008656700000,0x0000008656800000)]
  0x000001976c1a2000 JavaThread "File watcher server" daemon [_thread_in_native, id=9240, stack(0x0000008656800000,0x0000008656900000)]
  0x000001976c1a5800 JavaThread "File watcher consumer" daemon [_thread_blocked, id=4488, stack(0x0000008656900000,0x0000008656a00000)]
  0x000001976c1a8000 JavaThread "jar transforms" [_thread_blocked, id=6284, stack(0x0000008656a00000,0x0000008656b00000)]
  0x000001976c1a3800 JavaThread "jar transforms Thread 2" [_thread_blocked, id=344, stack(0x0000008656b00000,0x0000008656c00000)]
  0x000001976d203000 JavaThread "jar transforms Thread 3" [_thread_blocked, id=10980, stack(0x0000008656c00000,0x0000008656d00000)]
  0x000001976d1ff000 JavaThread "jar transforms Thread 4" [_thread_blocked, id=5764, stack(0x0000008656d00000,0x0000008656e00000)]
  0x000001976d200000 JavaThread "Cache worker for checksums cache (C:\Users\DELL\AndroidStudioProjects\MyApplication\.gradle\checksums)" [_thread_blocked, id=3856, stack(0x0000008656e00000,0x0000008656f00000)]
  0x000001976d1fe800 JavaThread "Cache worker for cache directory md-supplier (C:\Users\DELL\.gradle\caches\7.0.2\md-supplier)" [_thread_blocked, id=9860, stack(0x0000008656f00000,0x0000008657000000)]
  0x000001976d201800 JavaThread "Cache worker for cache directory md-rule (C:\Users\DELL\.gradle\caches\7.0.2\md-rule)" [_thread_blocked, id=10564, stack(0x0000008657000000,0x0000008657100000)]
  0x000001976d205000 JavaThread "Cache worker for execution history cache (C:\Users\DELL\.gradle\caches\7.0.2\executionHistory)" [_thread_blocked, id=6312, stack(0x0000008657100000,0x0000008657200000)]
  0x000001976d202800 JavaThread "Cache worker for file content cache (C:\Users\DELL\.gradle\caches\7.0.2\fileContent)" [_thread_blocked, id=9204, stack(0x0000008657200000,0x0000008657300000)]
  0x000001976d200800 JavaThread "Cache worker for dependencies-accessors (C:\Users\DELL\AndroidStudioProjects\MyApplication\.gradle\7.0.2\dependencies-accessors)" [_thread_blocked, id=9312, stack(0x0000008657300000,0x0000008657400000)]
  0x000001976d209800 JavaThread "Cache worker for Build Output Cleanup Cache (C:\Users\DELL\AndroidStudioProjects\MyApplication\.gradle\buildOutputCleanup)" [_thread_blocked, id=4832, stack(0x0000008657400000,0x0000008657500000)]
  0x000001976d20d000 JavaThread "Build operations" [_thread_blocked, id=4712, stack(0x0000008657500000,0x0000008657600000)]
  0x000001976d207800 JavaThread "Build operations Thread 2" [_thread_blocked, id=4648, stack(0x0000008657600000,0x0000008657700000)]
  0x000001976d208000 JavaThread "Build operations Thread 3" [_thread_blocked, id=2112, stack(0x0000008657800000,0x0000008657900000)]
  0x000001976d209000 JavaThread "Build operations Thread 4" [_thread_blocked, id=6220, stack(0x0000008657900000,0x0000008657a00000)]

Other Threads:
  0x000001976988b000 VMThread "VM Thread" [stack: 0x0000008654b00000,0x0000008654c00000] [id=952]
  0x000001976a38f800 WatcherThread [stack: 0x0000008655500000,0x0000008655600000] [id=268]
  0x000001974fcd4000 GCTaskThread "GC Thread#0" [stack: 0x0000008654600000,0x0000008654700000] [id=11020]
  0x000001976acde800 GCTaskThread "GC Thread#1" [stack: 0x0000008655700000,0x0000008655800000] [id=6056]
  0x000001976ab57800 GCTaskThread "GC Thread#2" [stack: 0x0000008655800000,0x0000008655900000] [id=4084]
  0x000001976b7b3000 GCTaskThread "GC Thread#3" [stack: 0x0000008656500000,0x0000008656600000] [id=11144]
  0x000001974fd04000 ConcurrentGCThread "G1 Main Marker" [stack: 0x0000008654700000,0x0000008654800000] [id=5272]
  0x000001974fd06000 ConcurrentGCThread "G1 Conc#0" [stack: 0x0000008654800000,0x0000008654900000] [id=7096]
  0x000001974fd86000 ConcurrentGCThread "G1 Refine#0" [stack: 0x0000008654900000,0x0000008654a00000] [id=5228]
  0x00000197696e0800 ConcurrentGCThread "G1 Young RemSet Sampling" [stack: 0x0000008654a00000,0x0000008654b00000] [id=7972]

Threads with active compile tasks:
C2 CompilerThread0 243689 11620       4       java.util.ComparableTimSort::mergeLo (656 bytes)

VM state:not at safepoint (normal execution)

VM Mutex/Monitor currently owned by a thread: None

Heap address: 0x0000000080000000, size: 2048 MB, Compressed Oops mode: 32-bit
Narrow klass base: 0x0000000000000000, Narrow klass shift: 3
Compressed class space size: 1073741824 Address: 0x0000000100000000

Heap:
 garbage-first heap   total 324608K, used 246900K [0x0000000080000000, 0x0000000100000000)
  region size 1024K, 169 young (173056K), 2 survivors (2048K)
 Metaspace       used 66572K, capacity 68382K, committed 68480K, reserved 1110016K
  class space    used 8171K, capacity 8784K, committed 8832K, reserved 1048576K
Heap Regions: E=young(eden), S=young(survivor), O=old, HS=humongous(starts), HC=humongous(continues), CS=collection set, F=free, A=archive, TAMS=top-at-mark-start (previous, next)
|   0|0x0000000080000000, 0x0000000080100000, 0x0000000080100000|100%| O|  |TAMS 0x0000000080100000, 0x0000000080000000| Untracked 
|   1|0x0000000080100000, 0x0000000080200000, 0x0000000080200000|100%| O|  |TAMS 0x0000000080200000, 0x0000000080100000| Untracked 
|   2|0x0000000080200000, 0x0000000080300000, 0x0000000080300000|100%| O|  |TAMS 0x0000000080300000, 0x0000000080200000| Untracked 
|   3|0x0000000080300000, 0x0000000080400000, 0x0000000080400000|100%|HS|  |TAMS 0x0000000080400000, 0x0000000080300000| Complete 
|   4|0x0000000080400000, 0x0000000080500000, 0x0000000080500000|100%|HC|  |TAMS 0x0000000080500000, 0x0000000080400000| Complete 
|   5|0x0000000080500000, 0x0000000080600000, 0x0000000080600000|100%|HC|  |TAMS 0x0000000080600000, 0x0000000080500000| Complete 
|   6|0x0000000080600000, 0x0000000080700000, 0x0000000080700000|100%| O|  |TAMS 0x0000000080700000, 0x0000000080600000| Untracked 
|   7|0x0000000080700000, 0x0000000080800000, 0x0000000080800000|100%| O|  |TAMS 0x0000000080800000, 0x0000000080700000| Untracked 
|   8|0x0000000080800000, 0x0000000080900000, 0x0000000080900000|100%| O|  |TAMS 0x0000000080900000, 0x0000000080800000| Untracked 
|   9|0x0000000080900000, 0x0000000080a00000, 0x0000000080a00000|100%| O|  |TAMS 0x0000000080a00000, 0x0000000080900000| Untracked 
|  10|0x0000000080a00000, 0x0000000080b00000, 0x0000000080b00000|100%| O|  |TAMS 0x0000000080b00000, 0x0000000080a00000| Untracked 
|  11|0x0000000080b00000, 0x0000000080c00000, 0x0000000080c00000|100%| O|  |TAMS 0x0000000080c00000, 0x0000000080b00000| Untracked 
|  12|0x0000000080c00000, 0x0000000080d00000, 0x0000000080d00000|100%| O|  |TAMS 0x0000000080d00000, 0x0000000080c00000| Untracked 
|  13|0x0000000080d00000, 0x0000000080e00000, 0x0000000080e00000|100%| O|  |TAMS 0x0000000080e00000, 0x0000000080d00000| Untracked 
|  14|0x0000000080e00000, 0x0000000080effff8, 0x0000000080f00000| 99%| O|  |TAMS 0x0000000080effff8, 0x0000000080e00000| Untracked 
|  15|0x0000000080f00000, 0x0000000081000000, 0x0000000081000000|100%| O|  |TAMS 0x0000000081000000, 0x0000000080f00000| Untracked 
|  16|0x0000000081000000, 0x0000000081100000, 0x0000000081100000|100%| O|  |TAMS 0x0000000081100000, 0x0000000081000000| Untracked 
|  17|0x0000000081100000, 0x0000000081200000, 0x0000000081200000|100%|HS|  |TAMS 0x0000000081200000, 0x0000000081100000| Complete 
|  18|0x0000000081200000, 0x0000000081300000, 0x0000000081300000|100%|HC|  |TAMS 0x0000000081300000, 0x0000000081200000| Complete 
|  19|0x0000000081300000, 0x0000000081400000, 0x0000000081400000|100%|HS|  |TAMS 0x0000000081400000, 0x0000000081300000| Complete 
|  20|0x0000000081400000, 0x0000000081500000, 0x0000000081500000|100%|HC|  |TAMS 0x0000000081500000, 0x0000000081400000| Complete 
|  21|0x0000000081500000, 0x0000000081600000, 0x0000000081600000|100%|HC|  |TAMS 0x0000000081600000, 0x0000000081500000| Complete 
|  22|0x0000000081600000, 0x0000000081700000, 0x0000000081700000|100%|HS|  |TAMS 0x0000000081700000, 0x0000000081600000| Complete 
|  23|0x0000000081700000, 0x0000000081800000, 0x0000000081800000|100%|HC|  |TAMS 0x0000000081800000, 0x0000000081700000| Complete 
|  24|0x0000000081800000, 0x0000000081900000, 0x0000000081900000|100%|HC|  |TAMS 0x0000000081900000, 0x0000000081800000| Complete 
|  25|0x0000000081900000, 0x0000000081a00000, 0x0000000081a00000|100%|HC|  |TAMS 0x0000000081a00000, 0x0000000081900000| Complete 
|  26|0x0000000081a00000, 0x0000000081b00000, 0x0000000081b00000|100%|HC|  |TAMS 0x0000000081b00000, 0x0000000081a00000| Complete 
|  27|0x0000000081b00000, 0x0000000081c00000, 0x0000000081c00000|100%| O|  |TAMS 0x0000000081c00000, 0x0000000081b00000| Untracked 
|  28|0x0000000081c00000, 0x0000000081d00000, 0x0000000081d00000|100%| O|  |TAMS 0x0000000081d00000, 0x0000000081c00000| Untracked 
|  29|0x0000000081d00000, 0x0000000081e00000, 0x0000000081e00000|100%| O|  |TAMS 0x0000000081e00000, 0x0000000081d00000| Untracked 
|  30|0x0000000081e00000, 0x0000000081f00000, 0x0000000081f00000|100%| O|  |TAMS 0x0000000081f00000, 0x0000000081e00000| Untracked 
|  31|0x0000000081f00000, 0x0000000082000000, 0x0000000082000000|100%| O|  |TAMS 0x0000000082000000, 0x0000000081f00000| Untracked 
|  32|0x0000000082000000, 0x0000000082100000, 0x0000000082100000|100%| O|  |TAMS 0x0000000082100000, 0x0000000082000000| Untracked 
|  33|0x0000000082100000, 0x0000000082200000, 0x0000000082200000|100%| O|  |TAMS 0x0000000082200000, 0x0000000082100000| Untracked 
|  34|0x0000000082200000, 0x0000000082300000, 0x0000000082300000|100%| O|  |TAMS 0x0000000082300000, 0x0000000082200000| Untracked 
|  35|0x0000000082300000, 0x0000000082400000, 0x0000000082400000|100%| O|  |TAMS 0x0000000082400000, 0x0000000082300000| Untracked 
|  36|0x0000000082400000, 0x0000000082500000, 0x0000000082500000|100%| O|  |TAMS 0x0000000082500000, 0x0000000082400000| Untracked 
|  37|0x0000000082500000, 0x0000000082600000, 0x0000000082600000|100%| O|  |TAMS 0x0000000082600000, 0x0000000082500000| Untracked 
|  38|0x0000000082600000, 0x0000000082700000, 0x0000000082700000|100%| O|  |TAMS 0x0000000082700000, 0x0000000082600000| Untracked 
|  39|0x0000000082700000, 0x0000000082800000, 0x0000000082800000|100%| O|  |TAMS 0x0000000082800000, 0x0000000082700000| Untracked 
|  40|0x0000000082800000, 0x0000000082900000, 0x0000000082900000|100%|HS|  |TAMS 0x0000000082900000, 0x0000000082800000| Complete 
|  41|0x0000000082900000, 0x0000000082a00000, 0x0000000082a00000|100%|HC|  |TAMS 0x0000000082a00000, 0x0000000082900000| Complete 
|  42|0x0000000082a00000, 0x0000000082b00000, 0x0000000082b00000|100%|HC|  |TAMS 0x0000000082b00000, 0x0000000082a00000| Complete 
|  43|0x0000000082b00000, 0x0000000082c00000, 0x0000000082c00000|100%|HC|  |TAMS 0x0000000082c00000, 0x0000000082b00000| Complete 
|  44|0x0000000082c00000, 0x0000000082d00000, 0x0000000082d00000|100%|HC|  |TAMS 0x0000000082d00000, 0x0000000082c00000| Complete 
|  45|0x0000000082d00000, 0x0000000082e00000, 0x0000000082e00000|100%| O|  |TAMS 0x0000000082e00000, 0x0000000082d00000| Untracked 
|  46|0x0000000082e00000, 0x0000000082f00000, 0x0000000082f00000|100%| O|  |TAMS 0x0000000082f00000, 0x0000000082e00000| Untracked 
|  47|0x0000000082f00000, 0x0000000083000000, 0x0000000083000000|100%| O|  |TAMS 0x0000000083000000, 0x0000000082f00000| Untracked 
|  48|0x0000000083000000, 0x0000000083100000, 0x0000000083100000|100%| O|  |TAMS 0x0000000083000000, 0x0000000083000000| Untracked 
|  49|0x0000000083100000, 0x0000000083200000, 0x0000000083200000|100%| O|  |TAMS 0x0000000083200000, 0x0000000083100000| Untracked 
|  50|0x0000000083200000, 0x0000000083300000, 0x0000000083300000|100%| O|  |TAMS 0x0000000083300000, 0x0000000083200000| Untracked 
|  51|0x0000000083300000, 0x0000000083400000, 0x0000000083400000|100%| O|  |TAMS 0x0000000083400000, 0x0000000083300000| Untracked 
|  52|0x0000000083400000, 0x0000000083500000, 0x0000000083500000|100%| O|  |TAMS 0x0000000083500000, 0x0000000083400000| Untracked 
|  53|0x0000000083500000, 0x0000000083600000, 0x0000000083600000|100%| O|  |TAMS 0x0000000083600000, 0x0000000083500000| Untracked 
|  54|0x0000000083600000, 0x0000000083700000, 0x0000000083700000|100%| O|  |TAMS 0x00000000836dce00, 0x0000000083600000| Untracked 
|  55|0x0000000083700000, 0x0000000083800000, 0x0000000083800000|100%|HS|  |TAMS 0x0000000083800000, 0x0000000083700000| Complete 
|  56|0x0000000083800000, 0x0000000083900000, 0x0000000083900000|100%|HC|  |TAMS 0x0000000083900000, 0x0000000083800000| Complete 
|  57|0x0000000083900000, 0x0000000083a00000, 0x0000000083a00000|100%|HC|  |TAMS 0x0000000083a00000, 0x0000000083900000| Complete 
|  58|0x0000000083a00000, 0x0000000083b00000, 0x0000000083b00000|100%| O|  |TAMS 0x0000000083a00000, 0x0000000083a00000| Untracked 
|  59|0x0000000083b00000, 0x0000000083c00000, 0x0000000083c00000|100%| O|  |TAMS 0x0000000083b00000, 0x0000000083b00000| Untracked 
|  60|0x0000000083c00000, 0x0000000083d00000, 0x0000000083d00000|100%| O|  |TAMS 0x0000000083c00000, 0x0000000083c00000| Untracked 
|  61|0x0000000083d00000, 0x0000000083e00000, 0x0000000083e00000|100%| O|  |TAMS 0x0000000083d00000, 0x0000000083d00000| Untracked 
|  62|0x0000000083e00000, 0x0000000083f00000, 0x0000000083f00000|100%| O|  |TAMS 0x0000000083e00000, 0x0000000083e00000| Untracked 
|  63|0x0000000083f00000, 0x0000000084000000, 0x0000000084000000|100%| O|  |TAMS 0x0000000083f00000, 0x0000000083f00000| Untracked 
|  64|0x0000000084000000, 0x0000000084100000, 0x0000000084100000|100%| O|  |TAMS 0x0000000084000000, 0x0000000084000000| Untracked 
|  65|0x0000000084100000, 0x0000000084200000, 0x0000000084200000|100%| O|  |TAMS 0x0000000084100000, 0x0000000084100000| Untracked 
|  66|0x0000000084200000, 0x0000000084300000, 0x0000000084300000|100%| O|  |TAMS 0x0000000084200000, 0x0000000084200000| Untracked 
|  67|0x0000000084300000, 0x0000000084400000, 0x0000000084400000|100%| O|  |TAMS 0x0000000084300000, 0x0000000084300000| Untracked 
|  68|0x0000000084400000, 0x0000000084500000, 0x0000000084500000|100%| O|  |TAMS 0x0000000084400000, 0x0000000084400000| Untracked 
|  69|0x0000000084500000, 0x0000000084600000, 0x0000000084600000|100%| O|  |TAMS 0x0000000084500000, 0x0000000084500000| Untracked 
|  70|0x0000000084600000, 0x0000000084700000, 0x0000000084700000|100%| O|  |TAMS 0x0000000084600000, 0x0000000084600000| Untracked 
|  71|0x0000000084700000, 0x0000000084800000, 0x0000000084800000|100%| O|  |TAMS 0x0000000084700000, 0x0000000084700000| Untracked 
|  72|0x0000000084800000, 0x000000008481d400, 0x0000000084900000| 11%| O|  |TAMS 0x0000000084800000, 0x0000000084800000| Untracked 
|  73|0x0000000084900000, 0x0000000084a00000, 0x0000000084a00000|100%|HS|  |TAMS 0x0000000084900000, 0x0000000084900000| Complete 
|  74|0x0000000084a00000, 0x0000000084b00000, 0x0000000084b00000|100%|HS|  |TAMS 0x0000000084a00000, 0x0000000084a00000| Complete 
|  75|0x0000000084b00000, 0x0000000084b00000, 0x0000000084c00000|  0%| F|  |TAMS 0x0000000084b00000, 0x0000000084b00000| Untracked 
|  76|0x0000000084c00000, 0x0000000084c00000, 0x0000000084d00000|  0%| F|  |TAMS 0x0000000084c00000, 0x0000000084c00000| Untracked 
|  77|0x0000000084d00000, 0x0000000084d00000, 0x0000000084e00000|  0%| F|  |TAMS 0x0000000084d00000, 0x0000000084d00000| Untracked 
|  78|0x0000000084e00000, 0x0000000084e00000, 0x0000000084f00000|  0%| F|  |TAMS 0x0000000084e00000, 0x0000000084e00000| Untracked 
|  79|0x0000000084f00000, 0x0000000084f00000, 0x0000000085000000|  0%| F|  |TAMS 0x0000000084f00000, 0x0000000084f00000| Untracked 
|  80|0x0000000085000000, 0x0000000085000000, 0x0000000085100000|  0%| F|  |TAMS 0x0000000085000000, 0x0000000085000000| Untracked 
|  81|0x0000000085100000, 0x0000000085100000, 0x0000000085200000|  0%| F|  |TAMS 0x0000000085100000, 0x0000000085100000| Untracked 
|  82|0x0000000085200000, 0x0000000085200000, 0x0000000085300000|  0%| F|  |TAMS 0x0000000085200000, 0x0000000085200000| Untracked 
|  83|0x0000000085300000, 0x0000000085300000, 0x0000000085400000|  0%| F|  |TAMS 0x0000000085300000, 0x0000000085300000| Untracked 
|  84|0x0000000085400000, 0x0000000085400000, 0x0000000085500000|  0%| F|  |TAMS 0x0000000085400000, 0x0000000085400000| Untracked 
|  85|0x0000000085500000, 0x0000000085500000, 0x0000000085600000|  0%| F|  |TAMS 0x0000000085500000, 0x0000000085500000| Untracked 
|  86|0x0000000085600000, 0x0000000085600000, 0x0000000085700000|  0%| F|  |TAMS 0x0000000085600000, 0x0000000085600000| Untracked 
|  87|0x0000000085700000, 0x0000000085700000, 0x0000000085800000|  0%| F|  |TAMS 0x0000000085700000, 0x0000000085700000| Untracked 
|  88|0x0000000085800000, 0x0000000085800000, 0x0000000085900000|  0%| F|  |TAMS 0x0000000085800000, 0x0000000085800000| Untracked 
|  89|0x0000000085900000, 0x0000000085900000, 0x0000000085a00000|  0%| F|  |TAMS 0x0000000085900000, 0x0000000085900000| Untracked 
|  90|0x0000000085a00000, 0x0000000085a00000, 0x0000000085b00000|  0%| F|  |TAMS 0x0000000085a00000, 0x0000000085a00000| Untracked 
|  91|0x0000000085b00000, 0x0000000085b00000, 0x0000000085c00000|  0%| F|  |TAMS 0x0000000085b00000, 0x0000000085b00000| Untracked 
|  92|0x0000000085c00000, 0x0000000085c00000, 0x0000000085d00000|  0%| F|  |TAMS 0x0000000085c00000, 0x0000000085c00000| Untracked 
|  93|0x0000000085d00000, 0x0000000085d00000, 0x0000000085e00000|  0%| F|  |TAMS 0x0000000085d00000, 0x0000000085d00000| Untracked 
|  94|0x0000000085e00000, 0x0000000085e00000, 0x0000000085f00000|  0%| F|  |TAMS 0x0000000085e00000, 0x0000000085e00000| Untracked 
|  95|0x0000000085f00000, 0x0000000085f00000, 0x0000000086000000|  0%| F|  |TAMS 0x0000000085f00000, 0x0000000085f00000| Untracked 
|  96|0x0000000086000000, 0x0000000086000000, 0x0000000086100000|  0%| F|  |TAMS 0x0000000086000000, 0x0000000086000000| Untracked 
|  97|0x0000000086100000, 0x0000000086100000, 0x0000000086200000|  0%| F|  |TAMS 0x0000000086100000, 0x0000000086100000| Untracked 
|  98|0x0000000086200000, 0x0000000086200000, 0x0000000086300000|  0%| F|  |TAMS 0x0000000086200000, 0x0000000086200000| Untracked 
|  99|0x0000000086300000, 0x0000000086300000, 0x0000000086400000|  0%| F|  |TAMS 0x0000000086300000, 0x0000000086300000| Untracked 
| 100|0x0000000086400000, 0x0000000086400000, 0x0000000086500000|  0%| F|  |TAMS 0x0000000086400000, 0x0000000086400000| Untracked 
| 101|0x0000000086500000, 0x0000000086500000, 0x0000000086600000|  0%| F|  |TAMS 0x0000000086500000, 0x0000000086500000| Untracked 
| 102|0x0000000086600000, 0x0000000086600000, 0x0000000086700000|  0%| F|  |TAMS 0x0000000086600000, 0x0000000086600000| Untracked 
| 103|0x0000000086700000, 0x0000000086700000, 0x0000000086800000|  0%| F|  |TAMS 0x0000000086700000, 0x0000000086700000| Untracked 
| 104|0x0000000086800000, 0x0000000086800000, 0x0000000086900000|  0%| F|  |TAMS 0x0000000086800000, 0x0000000086800000| Untracked 
| 105|0x0000000086900000, 0x0000000086900000, 0x0000000086a00000|  0%| F|  |TAMS 0x0000000086900000, 0x0000000086900000| Untracked 
| 106|0x0000000086a00000, 0x0000000086a00000, 0x0000000086b00000|  0%| F|  |TAMS 0x0000000086a00000, 0x0000000086a00000| Untracked 
| 107|0x0000000086b00000, 0x0000000086b00000, 0x0000000086c00000|  0%| F|  |TAMS 0x0000000086b00000, 0x0000000086b00000| Untracked 
| 108|0x0000000086c00000, 0x0000000086c00000, 0x0000000086d00000|  0%| F|  |TAMS 0x0000000086c00000, 0x0000000086c00000| Untracked 
| 109|0x0000000086d00000, 0x0000000086d00000, 0x0000000086e00000|  0%| F|  |TAMS 0x0000000086d00000, 0x0000000086d00000| Untracked 
| 110|0x0000000086e00000, 0x0000000086e00000, 0x0000000086f00000|  0%| F|  |TAMS 0x0000000086e00000, 0x0000000086e00000| Untracked 
| 111|0x0000000086f00000, 0x0000000086f00000, 0x0000000087000000|  0%| F|  |TAMS 0x0000000086f00000, 0x0000000086f00000| Untracked 
| 112|0x0000000087000000, 0x0000000087000000, 0x0000000087100000|  0%| F|  |TAMS 0x0000000087000000, 0x0000000087000000| Untracked 
| 113|0x0000000087100000, 0x0000000087100000, 0x0000000087200000|  0%| F|  |TAMS 0x0000000087100000, 0x0000000087100000| Untracked 
| 114|0x0000000087200000, 0x0000000087200000, 0x0000000087300000|  0%| F|  |TAMS 0x0000000087200000, 0x0000000087200000| Untracked 
| 115|0x0000000087300000, 0x0000000087300000, 0x0000000087400000|  0%| F|  |TAMS 0x0000000087300000, 0x0000000087300000| Untracked 
| 116|0x0000000087400000, 0x0000000087400000, 0x0000000087500000|  0%| F|  |TAMS 0x0000000087400000, 0x0000000087400000| Untracked 
| 117|0x0000000087500000, 0x0000000087500000, 0x0000000087600000|  0%| F|  |TAMS 0x0000000087500000, 0x0000000087500000| Untracked 
| 118|0x0000000087600000, 0x0000000087600000, 0x0000000087700000|  0%| F|  |TAMS 0x0000000087600000, 0x0000000087600000| Untracked 
| 119|0x0000000087700000, 0x0000000087700000, 0x0000000087800000|  0%| F|  |TAMS 0x0000000087700000, 0x0000000087700000| Untracked 
| 120|0x0000000087800000, 0x0000000087800000, 0x0000000087900000|  0%| F|  |TAMS 0x0000000087800000, 0x0000000087800000| Untracked 
| 121|0x0000000087900000, 0x0000000087900000, 0x0000000087a00000|  0%| F|  |TAMS 0x0000000087900000, 0x0000000087900000| Untracked 
| 122|0x0000000087a00000, 0x0000000087a00000, 0x0000000087b00000|  0%| F|  |TAMS 0x0000000087a00000, 0x0000000087a00000| Untracked 
| 123|0x0000000087b00000, 0x0000000087b00000, 0x0000000087c00000|  0%| F|  |TAMS 0x0000000087b00000, 0x0000000087b00000| Untracked 
| 124|0x0000000087c00000, 0x0000000087c00000, 0x0000000087d00000|  0%| F|  |TAMS 0x0000000087c00000, 0x0000000087c00000| Untracked 
| 125|0x0000000087d00000, 0x0000000087d00000, 0x0000000087e00000|  0%| F|  |TAMS 0x0000000087d00000, 0x0000000087d00000| Untracked 
| 126|0x0000000087e00000, 0x0000000087f00000, 0x0000000087f00000|100%| S|CS|TAMS 0x0000000087e00000, 0x0000000087e00000| Complete 
| 127|0x0000000087f00000, 0x0000000087f00000, 0x0000000088000000|  0%| F|  |TAMS 0x0000000087f00000, 0x0000000087f00000| Untracked 
| 128|0x0000000088000000, 0x0000000088000000, 0x0000000088100000|  0%| F|  |TAMS 0x0000000088000000, 0x0000000088000000| Untracked 
| 129|0x0000000088100000, 0x0000000088100000, 0x0000000088200000|  0%| F|  |TAMS 0x0000000088100000, 0x0000000088100000| Untracked 
| 130|0x0000000088200000, 0x0000000088200000, 0x0000000088300000|  0%| F|  |TAMS 0x0000000088200000, 0x0000000088200000| Untracked 
| 131|0x0000000088300000, 0x0000000088300000, 0x0000000088400000|  0%| F|  |TAMS 0x0000000088300000, 0x0000000088300000| Untracked 
| 132|0x0000000088400000, 0x0000000088400000, 0x0000000088500000|  0%| F|  |TAMS 0x0000000088400000, 0x0000000088400000| Untracked 
| 133|0x0000000088500000, 0x0000000088600000, 0x0000000088600000|100%| S|CS|TAMS 0x0000000088500000, 0x0000000088500000| Complete 
| 134|0x0000000088600000, 0x0000000088600000, 0x0000000088700000|  0%| F|  |TAMS 0x0000000088600000, 0x0000000088600000| Untracked 
| 135|0x0000000088700000, 0x0000000088700000, 0x0000000088800000|  0%| F|  |TAMS 0x0000000088700000, 0x0000000088700000| Untracked 
| 136|0x0000000088800000, 0x0000000088800000, 0x0000000088900000|  0%| F|  |TAMS 0x0000000088800000, 0x0000000088800000| Untracked 
| 137|0x0000000088900000, 0x0000000088900000, 0x0000000088a00000|  0%| F|  |TAMS 0x0000000088900000, 0x0000000088900000| Untracked 
| 138|0x0000000088a00000, 0x0000000088a00000, 0x0000000088b00000|  0%| F|  |TAMS 0x0000000088a00000, 0x0000000088a00000| Untracked 
| 139|0x0000000088b00000, 0x0000000088b00000, 0x0000000088c00000|  0%| F|  |TAMS 0x0000000088b00000, 0x0000000088b00000| Untracked 
| 140|0x0000000088c00000, 0x0000000088c00000, 0x0000000088d00000|  0%| F|  |TAMS 0x0000000088c00000, 0x0000000088c00000| Untracked 
| 141|0x0000000088d00000, 0x0000000088d00000, 0x0000000088e00000|  0%| F|  |TAMS 0x0000000088d00000, 0x0000000088d00000| Untracked 
| 142|0x0000000088e00000, 0x0000000088e00000, 0x0000000088f00000|  0%| F|  |TAMS 0x0000000088e00000, 0x0000000088e00000| Untracked 
| 143|0x0000000088f00000, 0x0000000088f00000, 0x0000000089000000|  0%| F|  |TAMS 0x0000000088f00000, 0x0000000088f00000| Untracked 
| 144|0x0000000089000000, 0x0000000089000000, 0x0000000089100000|  0%| F|  |TAMS 0x0000000089000000, 0x0000000089000000| Untracked 
| 145|0x0000000089100000, 0x0000000089100000, 0x0000000089200000|  0%| F|  |TAMS 0x0000000089100000, 0x0000000089100000| Untracked 
| 146|0x0000000089200000, 0x0000000089200000, 0x0000000089300000|  0%| F|  |TAMS 0x0000000089200000, 0x0000000089200000| Untracked 
| 147|0x0000000089300000, 0x0000000089300000, 0x0000000089400000|  0%| F|  |TAMS 0x0000000089300000, 0x0000000089300000| Untracked 
| 148|0x0000000089400000, 0x0000000089400000, 0x0000000089500000|  0%| F|  |TAMS 0x0000000089400000, 0x0000000089400000| Untracked 
| 149|0x0000000089500000, 0x0000000089500000, 0x0000000089600000|  0%| F|  |TAMS 0x0000000089500000, 0x0000000089500000| Untracked 
| 150|0x0000000089600000, 0x0000000089696840, 0x0000000089700000| 58%| E|  |TAMS 0x0000000089600000, 0x0000000089600000| Complete 
| 151|0x0000000089700000, 0x0000000089800000, 0x0000000089800000|100%| E|CS|TAMS 0x0000000089700000, 0x0000000089700000| Complete 
| 152|0x0000000089800000, 0x0000000089900000, 0x0000000089900000|100%| E|CS|TAMS 0x0000000089800000, 0x0000000089800000| Complete 
| 153|0x0000000089900000, 0x0000000089a00000, 0x0000000089a00000|100%| E|CS|TAMS 0x0000000089900000, 0x0000000089900000| Complete 
| 154|0x0000000089a00000, 0x0000000089b00000, 0x0000000089b00000|100%| E|CS|TAMS 0x0000000089a00000, 0x0000000089a00000| Complete 
| 155|0x0000000089b00000, 0x0000000089c00000, 0x0000000089c00000|100%| E|CS|TAMS 0x0000000089b00000, 0x0000000089b00000| Complete 
| 156|0x0000000089c00000, 0x0000000089d00000, 0x0000000089d00000|100%| E|CS|TAMS 0x0000000089c00000, 0x0000000089c00000| Complete 
| 157|0x0000000089d00000, 0x0000000089e00000, 0x0000000089e00000|100%| E|CS|TAMS 0x0000000089d00000, 0x0000000089d00000| Complete 
| 158|0x0000000089e00000, 0x0000000089f00000, 0x0000000089f00000|100%| E|CS|TAMS 0x0000000089e00000, 0x0000000089e00000| Complete 
| 159|0x0000000089f00000, 0x000000008a000000, 0x000000008a000000|100%| E|CS|TAMS 0x0000000089f00000, 0x0000000089f00000| Complete 
| 160|0x000000008a000000, 0x000000008a100000, 0x000000008a100000|100%| E|CS|TAMS 0x000000008a000000, 0x000000008a000000| Complete 
| 161|0x000000008a100000, 0x000000008a200000, 0x000000008a200000|100%| E|CS|TAMS 0x000000008a100000, 0x000000008a100000| Complete 
| 162|0x000000008a200000, 0x000000008a300000, 0x000000008a300000|100%| E|CS|TAMS 0x000000008a200000, 0x000000008a200000| Complete 
| 163|0x000000008a300000, 0x000000008a400000, 0x000000008a400000|100%| E|CS|TAMS 0x000000008a300000, 0x000000008a300000| Complete 
| 164|0x000000008a400000, 0x000000008a500000, 0x000000008a500000|100%| E|CS|TAMS 0x000000008a400000, 0x000000008a400000| Complete 
| 165|0x000000008a500000, 0x000000008a600000, 0x000000008a600000|100%| E|CS|TAMS 0x000000008a500000, 0x000000008a500000| Complete 
| 166|0x000000008a600000, 0x000000008a700000, 0x000000008a700000|100%| E|CS|TAMS 0x000000008a600000, 0x000000008a600000| Complete 
| 167|0x000000008a700000, 0x000000008a800000, 0x000000008a800000|100%| E|CS|TAMS 0x000000008a700000, 0x000000008a700000| Complete 
| 168|0x000000008a800000, 0x000000008a900000, 0x000000008a900000|100%| E|CS|TAMS 0x000000008a800000, 0x000000008a800000| Complete 
| 169|0x000000008a900000, 0x000000008aa00000, 0x000000008aa00000|100%| E|CS|TAMS 0x000000008a900000, 0x000000008a900000| Complete 
| 170|0x000000008aa00000, 0x000000008ab00000, 0x000000008ab00000|100%| E|CS|TAMS 0x000000008aa00000, 0x000000008aa00000| Complete 
| 171|0x000000008ab00000, 0x000000008ac00000, 0x000000008ac00000|100%| E|CS|TAMS 0x000000008ab00000, 0x000000008ab00000| Complete 
| 172|0x000000008ac00000, 0x000000008ad00000, 0x000000008ad00000|100%| E|CS|TAMS 0x000000008ac00000, 0x000000008ac00000| Complete 
| 173|0x000000008ad00000, 0x000000008ae00000, 0x000000008ae00000|100%| E|CS|TAMS 0x000000008ad00000, 0x000000008ad00000| Complete 
| 174|0x000000008ae00000, 0x000000008af00000, 0x000000008af00000|100%| E|  |TAMS 0x000000008ae00000, 0x000000008ae00000| Complete 
| 175|0x000000008af00000, 0x000000008b000000, 0x000000008b000000|100%| E|CS|TAMS 0x000000008af00000, 0x000000008af00000| Complete 
| 176|0x000000008b000000, 0x000000008b100000, 0x000000008b100000|100%| E|CS|TAMS 0x000000008b000000, 0x000000008b000000| Complete 
| 177|0x000000008b100000, 0x000000008b200000, 0x000000008b200000|100%| E|CS|TAMS 0x000000008b100000, 0x000000008b100000| Complete 
| 178|0x000000008b200000, 0x000000008b300000, 0x000000008b300000|100%| E|CS|TAMS 0x000000008b200000, 0x000000008b200000| Complete 
| 179|0x000000008b300000, 0x000000008b400000, 0x000000008b400000|100%| E|CS|TAMS 0x000000008b300000, 0x000000008b300000| Complete 
| 180|0x000000008b400000, 0x000000008b500000, 0x000000008b500000|100%| E|CS|TAMS 0x000000008b400000, 0x000000008b400000| Complete 
| 181|0x000000008b500000, 0x000000008b600000, 0x000000008b600000|100%| E|CS|TAMS 0x000000008b500000, 0x000000008b500000| Complete 
| 182|0x000000008b600000, 0x000000008b700000, 0x000000008b700000|100%| E|CS|TAMS 0x000000008b600000, 0x000000008b600000| Complete 
| 183|0x000000008b700000, 0x000000008b800000, 0x000000008b800000|100%| E|CS|TAMS 0x000000008b700000, 0x000000008b700000| Complete 
| 184|0x000000008b800000, 0x000000008b900000, 0x000000008b900000|100%| E|CS|TAMS 0x000000008b800000, 0x000000008b800000| Complete 
| 185|0x000000008b900000, 0x000000008ba00000, 0x000000008ba00000|100%| E|CS|TAMS 0x000000008b900000, 0x000000008b900000| Complete 
| 186|0x000000008ba00000, 0x000000008bb00000, 0x000000008bb00000|100%| E|CS|TAMS 0x000000008ba00000, 0x000000008ba00000| Complete 
| 187|0x000000008bb00000, 0x000000008bc00000, 0x000000008bc00000|100%| E|CS|TAMS 0x000000008bb00000, 0x000000008bb00000| Complete 
| 188|0x000000008bc00000, 0x000000008bd00000, 0x000000008bd00000|100%| E|CS|TAMS 0x000000008bc00000, 0x000000008bc00000| Complete 
| 189|0x000000008bd00000, 0x000000008be00000, 0x000000008be00000|100%| E|CS|TAMS 0x000000008bd00000, 0x000000008bd00000| Complete 
| 190|0x000000008be00000, 0x000000008bf00000, 0x000000008bf00000|100%| E|CS|TAMS 0x000000008be00000, 0x000000008be00000| Complete 
| 191|0x000000008bf00000, 0x000000008c000000, 0x000000008c000000|100%| E|CS|TAMS 0x000000008bf00000, 0x000000008bf00000| Complete 
| 192|0x000000008c000000, 0x000000008c100000, 0x000000008c100000|100%| E|CS|TAMS 0x000000008c000000, 0x000000008c000000| Complete 
| 193|0x000000008c100000, 0x000000008c200000, 0x000000008c200000|100%| E|CS|TAMS 0x000000008c100000, 0x000000008c100000| Complete 
| 194|0x000000008c200000, 0x000000008c300000, 0x000000008c300000|100%| E|CS|TAMS 0x000000008c200000, 0x000000008c200000| Complete 
| 195|0x000000008c300000, 0x000000008c400000, 0x000000008c400000|100%| E|CS|TAMS 0x000000008c300000, 0x000000008c300000| Complete 
| 196|0x000000008c400000, 0x000000008c500000, 0x000000008c500000|100%| E|CS|TAMS 0x000000008c400000, 0x000000008c400000| Complete 
| 197|0x000000008c500000, 0x000000008c600000, 0x000000008c600000|100%| E|CS|TAMS 0x000000008c500000, 0x000000008c500000| Complete 
| 198|0x000000008c600000, 0x000000008c700000, 0x000000008c700000|100%| E|CS|TAMS 0x000000008c600000, 0x000000008c600000| Complete 
| 199|0x000000008c700000, 0x000000008c800000, 0x000000008c800000|100%| E|CS|TAMS 0x000000008c700000, 0x000000008c700000| Complete 
| 200|0x000000008c800000, 0x000000008c900000, 0x000000008c900000|100%| E|CS|TAMS 0x000000008c800000, 0x000000008c800000| Complete 
| 201|0x000000008c900000, 0x000000008ca00000, 0x000000008ca00000|100%| E|CS|TAMS 0x000000008c900000, 0x000000008c900000| Complete 
| 202|0x000000008ca00000, 0x000000008cb00000, 0x000000008cb00000|100%| E|CS|TAMS 0x000000008ca00000, 0x000000008ca00000| Complete 
| 203|0x000000008cb00000, 0x000000008cc00000, 0x000000008cc00000|100%| E|CS|TAMS 0x000000008cb00000, 0x000000008cb00000| Complete 
| 204|0x000000008cc00000, 0x000000008cd00000, 0x000000008cd00000|100%| E|CS|TAMS 0x000000008cc00000, 0x000000008cc00000| Complete 
| 205|0x000000008cd00000, 0x000000008ce00000, 0x000000008ce00000|100%| E|CS|TAMS 0x000000008cd00000, 0x000000008cd00000| Complete 
| 206|0x000000008ce00000, 0x000000008cf00000, 0x000000008cf00000|100%| E|CS|TAMS 0x000000008ce00000, 0x000000008ce00000| Complete 
| 207|0x000000008cf00000, 0x000000008d000000, 0x000000008d000000|100%| E|CS|TAMS 0x000000008cf00000, 0x000000008cf00000| Complete 
| 208|0x000000008d000000, 0x000000008d100000, 0x000000008d100000|100%| E|CS|TAMS 0x000000008d000000, 0x000000008d000000| Complete 
| 209|0x000000008d100000, 0x000000008d200000, 0x000000008d200000|100%| E|CS|TAMS 0x000000008d100000, 0x000000008d100000| Complete 
| 210|0x000000008d200000, 0x000000008d300000, 0x000000008d300000|100%| E|CS|TAMS 0x000000008d200000, 0x000000008d200000| Complete 
| 211|0x000000008d300000, 0x000000008d400000, 0x000000008d400000|100%| E|CS|TAMS 0x000000008d300000, 0x000000008d300000| Complete 
| 212|0x000000008d400000, 0x000000008d500000, 0x000000008d500000|100%| E|CS|TAMS 0x000000008d400000, 0x000000008d400000| Complete 
| 213|0x000000008d500000, 0x000000008d600000, 0x000000008d600000|100%| E|CS|TAMS 0x000000008d500000, 0x000000008d500000| Complete 
| 214|0x000000008d600000, 0x000000008d700000, 0x000000008d700000|100%| E|CS|TAMS 0x000000008d600000, 0x000000008d600000| Complete 
| 215|0x000000008d700000, 0x000000008d800000, 0x000000008d800000|100%| E|CS|TAMS 0x000000008d700000, 0x000000008d700000| Complete 
| 216|0x000000008d800000, 0x000000008d900000, 0x000000008d900000|100%| E|CS|TAMS 0x000000008d800000, 0x000000008d800000| Complete 
| 217|0x000000008d900000, 0x000000008da00000, 0x000000008da00000|100%| E|CS|TAMS 0x000000008d900000, 0x000000008d900000| Complete 
| 218|0x000000008da00000, 0x000000008db00000, 0x000000008db00000|100%| E|CS|TAMS 0x000000008da00000, 0x000000008da00000| Complete 
| 219|0x000000008db00000, 0x000000008dc00000, 0x000000008dc00000|100%| E|CS|TAMS 0x000000008db00000, 0x000000008db00000| Complete 
| 220|0x000000008dc00000, 0x000000008dd00000, 0x000000008dd00000|100%| E|CS|TAMS 0x000000008dc00000, 0x000000008dc00000| Complete 
| 221|0x000000008dd00000, 0x000000008de00000, 0x000000008de00000|100%| E|CS|TAMS 0x000000008dd00000, 0x000000008dd00000| Complete 
| 222|0x000000008de00000, 0x000000008df00000, 0x000000008df00000|100%| E|CS|TAMS 0x000000008de00000, 0x000000008de00000| Complete 
| 223|0x000000008df00000, 0x000000008e000000, 0x000000008e000000|100%| E|CS|TAMS 0x000000008df00000, 0x000000008df00000| Complete 
| 224|0x000000008e000000, 0x000000008e100000, 0x000000008e100000|100%| E|CS|TAMS 0x000000008e000000, 0x000000008e000000| Complete 
| 225|0x000000008e100000, 0x000000008e200000, 0x000000008e200000|100%| E|CS|TAMS 0x000000008e100000, 0x000000008e100000| Complete 
| 226|0x000000008e200000, 0x000000008e300000, 0x000000008e300000|100%| E|CS|TAMS 0x000000008e200000, 0x000000008e200000| Complete 
| 227|0x000000008e300000, 0x000000008e400000, 0x000000008e400000|100%| E|CS|TAMS 0x000000008e300000, 0x000000008e300000| Complete 
| 228|0x000000008e400000, 0x000000008e500000, 0x000000008e500000|100%| E|CS|TAMS 0x000000008e400000, 0x000000008e400000| Complete 
| 229|0x000000008e500000, 0x000000008e600000, 0x000000008e600000|100%| E|CS|TAMS 0x000000008e500000, 0x000000008e500000| Complete 
| 230|0x000000008e600000, 0x000000008e700000, 0x000000008e700000|100%| E|CS|TAMS 0x000000008e600000, 0x000000008e600000| Complete 
| 231|0x000000008e700000, 0x000000008e800000, 0x000000008e800000|100%| E|CS|TAMS 0x000000008e700000, 0x000000008e700000| Complete 
| 232|0x000000008e800000, 0x000000008e900000, 0x000000008e900000|100%| E|CS|TAMS 0x000000008e800000, 0x000000008e800000| Complete 
| 233|0x000000008e900000, 0x000000008ea00000, 0x000000008ea00000|100%| E|CS|TAMS 0x000000008e900000, 0x000000008e900000| Complete 
| 234|0x000000008ea00000, 0x000000008eb00000, 0x000000008eb00000|100%| E|CS|TAMS 0x000000008ea00000, 0x000000008ea00000| Complete 
| 235|0x000000008eb00000, 0x000000008ec00000, 0x000000008ec00000|100%| E|CS|TAMS 0x000000008eb00000, 0x000000008eb00000| Complete 
| 236|0x000000008ec00000, 0x000000008ed00000, 0x000000008ed00000|100%| E|CS|TAMS 0x000000008ec00000, 0x000000008ec00000| Complete 
| 237|0x000000008ed00000, 0x000000008ee00000, 0x000000008ee00000|100%| E|CS|TAMS 0x000000008ed00000, 0x000000008ed00000| Complete 
| 238|0x000000008ee00000, 0x000000008ef00000, 0x000000008ef00000|100%| E|CS|TAMS 0x000000008ee00000, 0x000000008ee00000| Complete 
| 239|0x000000008ef00000, 0x000000008f000000, 0x000000008f000000|100%| E|CS|TAMS 0x000000008ef00000, 0x000000008ef00000| Complete 
| 240|0x000000008f000000, 0x000000008f100000, 0x000000008f100000|100%| E|CS|TAMS 0x000000008f000000, 0x000000008f000000| Complete 
| 241|0x000000008f100000, 0x000000008f200000, 0x000000008f200000|100%| E|CS|TAMS 0x000000008f100000, 0x000000008f100000| Complete 
| 242|0x000000008f200000, 0x000000008f300000, 0x000000008f300000|100%| E|CS|TAMS 0x000000008f200000, 0x000000008f200000| Complete 
| 243|0x000000008f300000, 0x000000008f400000, 0x000000008f400000|100%| E|CS|TAMS 0x000000008f300000, 0x000000008f300000| Complete 
| 244|0x000000008f400000, 0x000000008f500000, 0x000000008f500000|100%| E|CS|TAMS 0x000000008f400000, 0x000000008f400000| Complete 
| 245|0x000000008f500000, 0x000000008f600000, 0x000000008f600000|100%| E|CS|TAMS 0x000000008f500000, 0x000000008f500000| Complete 
| 246|0x000000008f600000, 0x000000008f700000, 0x000000008f700000|100%| E|CS|TAMS 0x000000008f600000, 0x000000008f600000| Complete 
| 247|0x000000008f700000, 0x000000008f800000, 0x000000008f800000|100%| E|CS|TAMS 0x000000008f700000, 0x000000008f700000| Complete 
| 248|0x000000008f800000, 0x000000008f900000, 0x000000008f900000|100%| E|CS|TAMS 0x000000008f800000, 0x000000008f800000| Complete 
| 249|0x000000008f900000, 0x000000008fa00000, 0x000000008fa00000|100%| E|CS|TAMS 0x000000008f900000, 0x000000008f900000| Complete 
| 250|0x000000008fa00000, 0x000000008fb00000, 0x000000008fb00000|100%| E|CS|TAMS 0x000000008fa00000, 0x000000008fa00000| Complete 
| 251|0x000000008fb00000, 0x000000008fc00000, 0x000000008fc00000|100%| E|CS|TAMS 0x000000008fb00000, 0x000000008fb00000| Complete 
| 252|0x000000008fc00000, 0x000000008fd00000, 0x000000008fd00000|100%| E|CS|TAMS 0x000000008fc00000, 0x000000008fc00000| Complete 
| 253|0x000000008fd00000, 0x000000008fe00000, 0x000000008fe00000|100%| E|CS|TAMS 0x000000008fd00000, 0x000000008fd00000| Complete 
| 254|0x000000008fe00000, 0x000000008ff00000, 0x000000008ff00000|100%| E|CS|TAMS 0x000000008fe00000, 0x000000008fe00000| Complete 
| 255|0x000000008ff00000, 0x0000000090000000, 0x0000000090000000|100%| E|CS|TAMS 0x000000008ff00000, 0x000000008ff00000| Complete 
| 256|0x0000000090000000, 0x0000000090100000, 0x0000000090100000|100%| E|CS|TAMS 0x0000000090000000, 0x0000000090000000| Complete 
| 257|0x0000000090100000, 0x0000000090200000, 0x0000000090200000|100%| E|CS|TAMS 0x0000000090100000, 0x0000000090100000| Complete 
| 258|0x0000000090200000, 0x0000000090300000, 0x0000000090300000|100%| E|CS|TAMS 0x0000000090200000, 0x0000000090200000| Complete 
| 259|0x0000000090300000, 0x0000000090400000, 0x0000000090400000|100%| E|CS|TAMS 0x0000000090300000, 0x0000000090300000| Complete 
| 260|0x0000000090400000, 0x0000000090500000, 0x0000000090500000|100%| E|CS|TAMS 0x0000000090400000, 0x0000000090400000| Complete 
| 261|0x0000000090500000, 0x0000000090600000, 0x0000000090600000|100%| E|CS|TAMS 0x0000000090500000, 0x0000000090500000| Complete 
| 262|0x0000000090600000, 0x0000000090700000, 0x0000000090700000|100%| E|CS|TAMS 0x0000000090600000, 0x0000000090600000| Complete 
| 263|0x0000000090700000, 0x0000000090800000, 0x0000000090800000|100%| E|CS|TAMS 0x0000000090700000, 0x0000000090700000| Complete 
| 264|0x0000000090800000, 0x0000000090900000, 0x0000000090900000|100%| E|CS|TAMS 0x0000000090800000, 0x0000000090800000| Complete 
| 265|0x0000000090900000, 0x0000000090a00000, 0x0000000090a00000|100%| E|CS|TAMS 0x0000000090900000, 0x0000000090900000| Complete 
| 266|0x0000000090a00000, 0x0000000090b00000, 0x0000000090b00000|100%| E|CS|TAMS 0x0000000090a00000, 0x0000000090a00000| Complete 
| 267|0x0000000090b00000, 0x0000000090c00000, 0x0000000090c00000|100%| E|CS|TAMS 0x0000000090b00000, 0x0000000090b00000| Complete 
| 268|0x0000000090c00000, 0x0000000090d00000, 0x0000000090d00000|100%| E|CS|TAMS 0x0000000090c00000, 0x0000000090c00000| Complete 
| 269|0x0000000090d00000, 0x0000000090e00000, 0x0000000090e00000|100%| E|CS|TAMS 0x0000000090d00000, 0x0000000090d00000| Complete 
| 270|0x0000000090e00000, 0x0000000090f00000, 0x0000000090f00000|100%| E|CS|TAMS 0x0000000090e00000, 0x0000000090e00000| Complete 
| 271|0x0000000090f00000, 0x0000000091000000, 0x0000000091000000|100%| E|CS|TAMS 0x0000000090f00000, 0x0000000090f00000| Complete 
| 272|0x0000000091000000, 0x0000000091100000, 0x0000000091100000|100%| E|CS|TAMS 0x0000000091000000, 0x0000000091000000| Complete 
| 273|0x0000000091100000, 0x0000000091200000, 0x0000000091200000|100%| E|CS|TAMS 0x0000000091100000, 0x0000000091100000| Complete 
| 274|0x0000000091200000, 0x0000000091300000, 0x0000000091300000|100%| E|CS|TAMS 0x0000000091200000, 0x0000000091200000| Complete 
| 275|0x0000000091300000, 0x0000000091400000, 0x0000000091400000|100%| E|CS|TAMS 0x0000000091300000, 0x0000000091300000| Complete 
| 276|0x0000000091400000, 0x0000000091500000, 0x0000000091500000|100%| E|CS|TAMS 0x0000000091400000, 0x0000000091400000| Complete 
| 277|0x0000000091500000, 0x0000000091600000, 0x0000000091600000|100%| E|CS|TAMS 0x0000000091500000, 0x0000000091500000| Complete 
| 278|0x0000000091600000, 0x0000000091700000, 0x0000000091700000|100%| E|CS|TAMS 0x0000000091600000, 0x0000000091600000| Complete 
| 279|0x0000000091700000, 0x0000000091800000, 0x0000000091800000|100%| E|CS|TAMS 0x0000000091700000, 0x0000000091700000| Complete 
| 280|0x0000000091800000, 0x0000000091900000, 0x0000000091900000|100%| E|CS|TAMS 0x0000000091800000, 0x0000000091800000| Complete 
| 281|0x0000000091900000, 0x0000000091a00000, 0x0000000091a00000|100%| E|CS|TAMS 0x0000000091900000, 0x0000000091900000| Complete 
| 282|0x0000000091a00000, 0x0000000091b00000, 0x0000000091b00000|100%| E|CS|TAMS 0x0000000091a00000, 0x0000000091a00000| Complete 
| 283|0x0000000091b00000, 0x0000000091c00000, 0x0000000091c00000|100%| E|CS|TAMS 0x0000000091b00000, 0x0000000091b00000| Complete 
| 284|0x0000000091c00000, 0x0000000091d00000, 0x0000000091d00000|100%| E|CS|TAMS 0x0000000091c00000, 0x0000000091c00000| Complete 
| 285|0x0000000091d00000, 0x0000000091e00000, 0x0000000091e00000|100%| E|CS|TAMS 0x0000000091d00000, 0x0000000091d00000| Complete 
| 286|0x0000000091e00000, 0x0000000091f00000, 0x0000000091f00000|100%| E|CS|TAMS 0x0000000091e00000, 0x0000000091e00000| Complete 
| 287|0x0000000091f00000, 0x0000000092000000, 0x0000000092000000|100%| E|CS|TAMS 0x0000000091f00000, 0x0000000091f00000| Complete 
| 288|0x0000000092000000, 0x0000000092100000, 0x0000000092100000|100%| E|CS|TAMS 0x0000000092000000, 0x0000000092000000| Complete 
| 289|0x0000000092100000, 0x0000000092200000, 0x0000000092200000|100%| E|CS|TAMS 0x0000000092100000, 0x0000000092100000| Complete 
| 290|0x0000000092200000, 0x0000000092300000, 0x0000000092300000|100%| E|CS|TAMS 0x0000000092200000, 0x0000000092200000| Complete 
| 291|0x0000000092300000, 0x0000000092400000, 0x0000000092400000|100%| E|CS|TAMS 0x0000000092300000, 0x0000000092300000| Complete 
| 292|0x0000000092400000, 0x0000000092500000, 0x0000000092500000|100%| E|CS|TAMS 0x0000000092400000, 0x0000000092400000| Complete 
| 293|0x0000000092500000, 0x0000000092600000, 0x0000000092600000|100%| E|CS|TAMS 0x0000000092500000, 0x0000000092500000| Complete 
| 294|0x0000000092600000, 0x0000000092700000, 0x0000000092700000|100%| E|CS|TAMS 0x0000000092600000, 0x0000000092600000| Complete 
| 295|0x0000000092700000, 0x0000000092800000, 0x0000000092800000|100%| E|CS|TAMS 0x0000000092700000, 0x0000000092700000| Complete 
| 296|0x0000000092800000, 0x0000000092900000, 0x0000000092900000|100%| E|CS|TAMS 0x0000000092800000, 0x0000000092800000| Complete 
| 297|0x0000000092900000, 0x0000000092a00000, 0x0000000092a00000|100%| E|CS|TAMS 0x0000000092900000, 0x0000000092900000| Complete 
| 298|0x0000000092a00000, 0x0000000092b00000, 0x0000000092b00000|100%| E|CS|TAMS 0x0000000092a00000, 0x0000000092a00000| Complete 
| 299|0x0000000092b00000, 0x0000000092c00000, 0x0000000092c00000|100%| E|CS|TAMS 0x0000000092b00000, 0x0000000092b00000| Complete 
| 300|0x0000000092c00000, 0x0000000092d00000, 0x0000000092d00000|100%| E|CS|TAMS 0x0000000092c00000, 0x0000000092c00000| Complete 
| 301|0x0000000092d00000, 0x0000000092e00000, 0x0000000092e00000|100%| E|CS|TAMS 0x0000000092d00000, 0x0000000092d00000| Complete 
| 302|0x0000000092e00000, 0x0000000092f00000, 0x0000000092f00000|100%| E|CS|TAMS 0x0000000092e00000, 0x0000000092e00000| Complete 
| 303|0x0000000092f00000, 0x0000000093000000, 0x0000000093000000|100%| E|CS|TAMS 0x0000000092f00000, 0x0000000092f00000| Complete 
| 304|0x0000000093000000, 0x0000000093100000, 0x0000000093100000|100%| E|CS|TAMS 0x0000000093000000, 0x0000000093000000| Complete 
| 305|0x0000000093100000, 0x0000000093200000, 0x0000000093200000|100%| E|CS|TAMS 0x0000000093100000, 0x0000000093100000| Complete 
| 306|0x0000000093200000, 0x0000000093300000, 0x0000000093300000|100%| E|CS|TAMS 0x0000000093200000, 0x0000000093200000| Complete 
| 307|0x0000000093300000, 0x0000000093400000, 0x0000000093400000|100%| E|CS|TAMS 0x0000000093300000, 0x0000000093300000| Complete 
| 308|0x0000000093400000, 0x0000000093500000, 0x0000000093500000|100%| E|CS|TAMS 0x0000000093400000, 0x0000000093400000| Complete 
| 309|0x0000000093500000, 0x0000000093600000, 0x0000000093600000|100%| E|CS|TAMS 0x0000000093500000, 0x0000000093500000| Complete 
| 310|0x0000000093600000, 0x0000000093700000, 0x0000000093700000|100%| E|CS|TAMS 0x0000000093600000, 0x0000000093600000| Complete 
| 311|0x0000000093700000, 0x0000000093800000, 0x0000000093800000|100%| E|CS|TAMS 0x0000000093700000, 0x0000000093700000| Complete 
| 312|0x0000000093800000, 0x0000000093900000, 0x0000000093900000|100%| E|CS|TAMS 0x0000000093800000, 0x0000000093800000| Complete 
| 313|0x0000000093900000, 0x0000000093a00000, 0x0000000093a00000|100%| E|CS|TAMS 0x0000000093900000, 0x0000000093900000| Complete 
| 314|0x0000000093a00000, 0x0000000093b00000, 0x0000000093b00000|100%| E|CS|TAMS 0x0000000093a00000, 0x0000000093a00000| Complete 
| 315|0x0000000093b00000, 0x0000000093c00000, 0x0000000093c00000|100%| E|CS|TAMS 0x0000000093b00000, 0x0000000093b00000| Complete 
| 316|0x0000000093c00000, 0x0000000093d00000, 0x0000000093d00000|100%| E|CS|TAMS 0x0000000093c00000, 0x0000000093c00000| Complete 

Card table byte_map: [0x0000019762ba0000,0x0000019762fa0000] _byte_map_base: 0x00000197627a0000

Marking Bits (Prev, Next): (CMBitMap*) 0x000001974fcfb370, (CMBitMap*) 0x000001974fcfb338
 Prev Bits: [0x00000197653a0000, 0x00000197673a0000)
 Next Bits: [0x00000197633a0000, 0x00000197653a0000)

Polling page: 0x000001974dcc0000

Metaspace:

Usage:
  Non-class:     58.20 MB capacity,    57.03 MB ( 98%) used,  1016.93 KB (  2%) free+waste,   180.00 KB ( <1%) overhead. 
      Class:      8.58 MB capacity,     7.98 MB ( 93%) used,   530.37 KB (  6%) free+waste,    82.31 KB ( <1%) overhead. 
       Both:     66.78 MB capacity,    65.01 MB ( 97%) used,     1.51 MB (  2%) free+waste,   262.31 KB ( <1%) overhead. 

Virtual space:
  Non-class space:       60.00 MB reserved,      58.25 MB ( 97%) committed 
      Class space:        1.00 GB reserved,       8.63 MB ( <1%) committed 
             Both:        1.06 GB reserved,      66.88 MB (  6%) committed 

Chunk freelists:
   Non-Class:  50.00 KB
       Class:  0 bytes
        Both:  50.00 KB

MaxMetaspaceSize: 17179869184.00 GB
CompressedClassSpaceSize: 1.00 GB

CodeHeap 'non-profiled nmethods': size=120064Kb used=10272Kb max_used=10272Kb free=109791Kb
 bounds [0x000001975b260000, 0x000001975bc80000, 0x00000197627a0000]
CodeHeap 'profiled nmethods': size=120000Kb used=23453Kb max_used=25561Kb free=96546Kb
 bounds [0x0000019753d30000, 0x0000019755630000, 0x000001975b260000]
CodeHeap 'non-nmethods': size=5696Kb used=2270Kb max_used=2355Kb free=3425Kb
 bounds [0x00000197537a0000, 0x0000019753a10000, 0x0000019753d30000]
 total_blobs=11515 nmethods=10646 adapters=779
 compilation: enabled
              stopped_count=0, restarted_count=0
 full_count=0

Compilation events (20 events):
Event: 243.102 Thread 0x00000197698b4000 nmethod 11615 0x000001975b3d8b10 code [0x000001975b3d8ce0, 0x000001975b3d92c8]
Event: 243.215 Thread 0x00000197698b4000 11618       4       java.util.ComparableTimSort::binarySort (223 bytes)
Event: 243.242 Thread 0x00000197698b6000 11621       3       java.util.jar.Attributes::<init> (17 bytes)
Event: 243.243 Thread 0x00000197698b6000 nmethod 11621 0x0000019753dfd010 code [0x0000019753dfd200, 0x0000019753dfd548]
Event: 243.248 Thread 0x00000197698b4000 nmethod 11618 0x000001975b3fd790 code [0x000001975b3fd940, 0x000001975b3fe338]
Event: 243.248 Thread 0x00000197698b4000 11620       4       java.util.ComparableTimSort::mergeLo (656 bytes)
Event: 243.472 Thread 0x00000197698b6000 11622       3       org.gradle.internal.fingerprint.impl.DefaultFileSystemLocationFingerprint::compareTo (9 bytes)
Event: 243.473 Thread 0x00000197698b6000 nmethod 11622 0x0000019753dfc790 code [0x0000019753dfc9a0, 0x0000019753dfce78]
Event: 243.473 Thread 0x00000197698b6000 11623       3       org.gradle.internal.fingerprint.impl.DefaultFileSystemLocationFingerprint::compareTo (34 bytes)
Event: 243.473 Thread 0x00000197698b6000 nmethod 11623 0x0000019753dfc090 code [0x0000019753dfc280, 0x0000019753dfc5f8]
Event: 243.474 Thread 0x00000197698b6000 11624 %     3       org.gradle.internal.fingerprint.FingerprintHashingStrategy::appendCollectionToHasherKeepingOrder @ 7 (39 bytes)
Event: 243.474 Thread 0x00000197698b6000 nmethod 11624% 0x0000019753e00990 code [0x0000019753e00ba0, 0x0000019753e011b8]
Event: 243.475 Thread 0x00000197698b6000 11625       3       org.gradle.internal.fingerprint.FingerprintHashingStrategy::appendCollectionToHasherKeepingOrder (39 bytes)
Event: 243.476 Thread 0x00000197698b6000 nmethod 11625 0x0000019753e00010 code [0x0000019753e00220, 0x0000019753e007d8]
Event: 243.483 Thread 0x00000197698b6000 11626       3       org.gradle.internal.hash.Hashing$MessageDigestHashFunction::newHasher (12 bytes)
Event: 243.484 Thread 0x00000197698b6000 nmethod 11626 0x0000019753dff110 code [0x0000019753dff340, 0x0000019753dffba8]
Event: 243.484 Thread 0x00000197698b6000 11627       3       org.gradle.internal.hash.Hashing$DefaultHasher::<init> (10 bytes)
Event: 243.484 Thread 0x00000197698b6000 nmethod 11627 0x0000019753dc5f10 code [0x0000019753dc60c0, 0x0000019753dc6278]
Event: 243.484 Thread 0x00000197698b6000 11628       3       org.gradle.internal.hash.Hashing$DefaultHasher::hash (47 bytes)
Event: 243.486 Thread 0x00000197698b6000 nmethod 11628 0x0000019753e11290 code [0x0000019753e115a0, 0x0000019753e12668]

GC Heap History (20 events):
Event: 238.130 GC heap before
{Heap before GC invocations=71 (full 0):
 garbage-first heap   total 225280K, used 195721K [0x0000000080000000, 0x0000000100000000)
  region size 1024K, 117 young (119808K), 5 survivors (5120K)
 Metaspace       used 66543K, capacity 68377K, committed 68480K, reserved 1110016K
  class space    used 8171K, capacity 8784K, committed 8832K, reserved 1048576K
}
Event: 238.135 GC heap after
{Heap after GC invocations=72 (full 0):
 garbage-first heap   total 225280K, used 82318K [0x0000000080000000, 0x0000000100000000)
  region size 1024K, 5 young (5120K), 5 survivors (5120K)
 Metaspace       used 66543K, capacity 68377K, committed 68480K, reserved 1110016K
  class space    used 8171K, capacity 8784K, committed 8832K, reserved 1048576K
}
Event: 238.316 GC heap before
{Heap before GC invocations=72 (full 0):
 garbage-first heap   total 225280K, used 197006K [0x0000000080000000, 0x0000000100000000)
  region size 1024K, 117 young (119808K), 5 survivors (5120K)
 Metaspace       used 66543K, capacity 68377K, committed 68480K, reserved 1110016K
  class space    used 8171K, capacity 8784K, committed 8832K, reserved 1048576K
}
Event: 238.322 GC heap after
{Heap after GC invocations=73 (full 0):
 garbage-first heap   total 270336K, used 83267K [0x0000000080000000, 0x0000000100000000)
  region size 1024K, 6 young (6144K), 6 survivors (6144K)
 Metaspace       used 66543K, capacity 68377K, committed 68480K, reserved 1110016K
  class space    used 8171K, capacity 8784K, committed 8832K, reserved 1048576K
}
Event: 238.548 GC heap before
{Heap before GC invocations=73 (full 0):
 garbage-first heap   total 270336K, used 219459K [0x0000000080000000, 0x0000000100000000)
  region size 1024K, 139 young (142336K), 6 survivors (6144K)
 Metaspace       used 66543K, capacity 68377K, committed 68480K, reserved 1110016K
  class space    used 8171K, capacity 8784K, committed 8832K, reserved 1048576K
}
Event: 238.554 GC heap after
{Heap after GC invocations=74 (full 0):
 garbage-first heap   total 270336K, used 83706K [0x0000000080000000, 0x0000000100000000)
  region size 1024K, 7 young (7168K), 7 survivors (7168K)
 Metaspace       used 66543K, capacity 68377K, committed 68480K, reserved 1110016K
  class space    used 8171K, capacity 8784K, committed 8832K, reserved 1048576K
}
Event: 238.761 GC heap before
{Heap before GC invocations=74 (full 0):
 garbage-first heap   total 270336K, used 221946K [0x0000000080000000, 0x0000000100000000)
  region size 1024K, 142 young (145408K), 7 survivors (7168K)
 Metaspace       used 66543K, capacity 68377K, committed 68480K, reserved 1110016K
  class space    used 8171K, capacity 8784K, committed 8832K, reserved 1048576K
}
Event: 238.768 GC heap after
{Heap after GC invocations=75 (full 0):
 garbage-first heap   total 270336K, used 84777K [0x0000000080000000, 0x0000000100000000)
  region size 1024K, 8 young (8192K), 8 survivors (8192K)
 Metaspace       used 66543K, capacity 68377K, committed 68480K, reserved 1110016K
  class space    used 8171K, capacity 8784K, committed 8832K, reserved 1048576K
}
Event: 238.981 GC heap before
{Heap before GC invocations=75 (full 0):
 garbage-first heap   total 270336K, used 227113K [0x0000000080000000, 0x0000000100000000)
  region size 1024K, 147 young (150528K), 8 survivors (8192K)
 Metaspace       used 66543K, capacity 68377K, committed 68480K, reserved 1110016K
  class space    used 8171K, capacity 8784K, committed 8832K, reserved 1048576K
}
Event: 238.988 GC heap after
{Heap after GC invocations=76 (full 0):
 garbage-first heap   total 270336K, used 85406K [0x0000000080000000, 0x0000000100000000)
  region size 1024K, 8 young (8192K), 8 survivors (8192K)
 Metaspace       used 66543K, capacity 68377K, committed 68480K, reserved 1110016K
  class space    used 8171K, capacity 8784K, committed 8832K, reserved 1048576K
}
Event: 239.206 GC heap before
{Heap before GC invocations=76 (full 0):
 garbage-first heap   total 270336K, used 229790K [0x0000000080000000, 0x0000000100000000)
  region size 1024K, 150 young (153600K), 8 survivors (8192K)
 Metaspace       used 66543K, capacity 68377K, committed 68480K, reserved 1110016K
  class space    used 8171K, capacity 8784K, committed 8832K, reserved 1048576K
}
Event: 239.217 GC heap after
{Heap after GC invocations=77 (full 0):
 garbage-first heap   total 324608K, used 86708K [0x0000000080000000, 0x0000000100000000)
  region size 1024K, 9 young (9216K), 9 survivors (9216K)
 Metaspace       used 66543K, capacity 68377K, committed 68480K, reserved 1110016K
  class space    used 8171K, capacity 8784K, committed 8832K, reserved 1048576K
}
Event: 239.645 GC heap before
{Heap before GC invocations=77 (full 0):
 garbage-first heap   total 324608K, used 272052K [0x0000000080000000, 0x0000000100000000)
  region size 1024K, 190 young (194560K), 9 survivors (9216K)
 Metaspace       used 66543K, capacity 68377K, committed 68480K, reserved 1110016K
  class space    used 8171K, capacity 8784K, committed 8832K, reserved 1048576K
}
Event: 239.650 GC heap after
{Heap after GC invocations=78 (full 0):
 garbage-first heap   total 324608K, used 81982K [0x0000000080000000, 0x0000000100000000)
  region size 1024K, 6 young (6144K), 6 survivors (6144K)
 Metaspace       used 66543K, capacity 68377K, committed 68480K, reserved 1110016K
  class space    used 8171K, capacity 8784K, committed 8832K, reserved 1048576K
}
Event: 240.126 GC heap before
{Heap before GC invocations=78 (full 0):
 garbage-first heap   total 324608K, used 270398K [0x0000000080000000, 0x0000000100000000)
  region size 1024K, 190 young (194560K), 6 survivors (6144K)
 Metaspace       used 66543K, capacity 68377K, committed 68480K, reserved 1110016K
  class space    used 8171K, capacity 8784K, committed 8832K, reserved 1048576K
}
Event: 240.132 GC heap after
{Heap after GC invocations=79 (full 0):
 garbage-first heap   total 324608K, used 82617K [0x0000000080000000, 0x0000000100000000)
  region size 1024K, 6 young (6144K), 6 survivors (6144K)
 Metaspace       used 66543K, capacity 68377K, committed 68480K, reserved 1110016K
  class space    used 8171K, capacity 8784K, committed 8832K, reserved 1048576K
}
Event: 240.638 GC heap before
{Heap before GC invocations=79 (full 0):
 garbage-first heap   total 324608K, used 271033K [0x0000000080000000, 0x0000000100000000)
  region size 1024K, 190 young (194560K), 6 survivors (6144K)
 Metaspace       used 66543K, capacity 68377K, committed 68480K, reserved 1110016K
  class space    used 8171K, capacity 8784K, committed 8832K, reserved 1048576K
}
Event: 240.645 GC heap after
{Heap after GC invocations=80 (full 0):
 garbage-first heap   total 324608K, used 83830K [0x0000000080000000, 0x0000000100000000)
  region size 1024K, 7 young (7168K), 7 survivors (7168K)
 Metaspace       used 66543K, capacity 68377K, committed 68480K, reserved 1110016K
  class space    used 8171K, capacity 8784K, committed 8832K, reserved 1048576K
}
Event: 243.119 GC heap before
{Heap before GC invocations=80 (full 0):
 garbage-first heap   total 324608K, used 271222K [0x0000000080000000, 0x0000000100000000)
  region size 1024K, 190 young (194560K), 7 survivors (7168K)
 Metaspace       used 66569K, capacity 68382K, committed 68480K, reserved 1110016K
  class space    used 8171K, capacity 8784K, committed 8832K, reserved 1048576K
}
Event: 243.122 GC heap after
{Heap after GC invocations=81 (full 0):
 garbage-first heap   total 324608K, used 76916K [0x0000000080000000, 0x0000000100000000)
  region size 1024K, 2 young (2048K), 2 survivors (2048K)
 Metaspace       used 66569K, capacity 68382K, committed 68480K, reserved 1110016K
  class space    used 8171K, capacity 8784K, committed 8832K, reserved 1048576K
}

Deoptimization events (20 events):
Event: 243.221 Thread 0x000001976b65e000 Uncommon trap: trap_request=0xffffffd6 fr.pc=0x000001975b65d480 relative=0x00000000000011c0
Event: 243.221 Thread 0x000001976b65e000 Uncommon trap: reason=array_check action=maybe_recompile pc=0x000001975b65d480 method=java.util.ComparableTimSort.mergeHi(IIII)V @ 245 c2
Event: 243.221 Thread 0x000001976b65e000 DEOPT PACKING pc=0x000001975b65d480 sp=0x0000008655ef9770
Event: 243.221 Thread 0x000001976b65e000 DEOPT UNPACKING pc=0x00000197537c78af sp=0x0000008655ef9720 mode 2
Event: 243.225 Thread 0x000001976b65e000 Uncommon trap: trap_request=0xffffffbe fr.pc=0x000001975b824c40 relative=0x0000000000000880
Event: 243.225 Thread 0x000001976b65e000 Uncommon trap: reason=profile_predicate action=maybe_recompile pc=0x000001975b824c40 method=java.util.ComparableTimSort.binarySort([Ljava/lang/Object;III)V @ 32 c2
Event: 243.225 Thread 0x000001976b65e000 DEOPT PACKING pc=0x000001975b824c40 sp=0x0000008655ef9860
Event: 243.225 Thread 0x000001976b65e000 DEOPT UNPACKING pc=0x00000197537c78af sp=0x0000008655ef9828 mode 2
Event: 243.226 Thread 0x000001976b65e000 Uncommon trap: trap_request=0xffffffbe fr.pc=0x000001975b824c40 relative=0x0000000000000880
Event: 243.226 Thread 0x000001976b65e000 Uncommon trap: reason=profile_predicate action=maybe_recompile pc=0x000001975b824c40 method=java.util.ComparableTimSort.binarySort([Ljava/lang/Object;III)V @ 32 c2
Event: 243.226 Thread 0x000001976b65e000 DEOPT PACKING pc=0x000001975b824c40 sp=0x0000008655ef9860
Event: 243.226 Thread 0x000001976b65e000 DEOPT UNPACKING pc=0x00000197537c78af sp=0x0000008655ef9828 mode 2
Event: 243.227 Thread 0x000001976b65e000 Uncommon trap: trap_request=0xffffffbe fr.pc=0x000001975b824c40 relative=0x0000000000000880
Event: 243.227 Thread 0x000001976b65e000 Uncommon trap: reason=profile_predicate action=maybe_recompile pc=0x000001975b824c40 method=java.util.ComparableTimSort.binarySort([Ljava/lang/Object;III)V @ 32 c2
Event: 243.227 Thread 0x000001976b65e000 DEOPT PACKING pc=0x000001975b824c40 sp=0x0000008655ef9860
Event: 243.227 Thread 0x000001976b65e000 DEOPT UNPACKING pc=0x00000197537c78af sp=0x0000008655ef9828 mode 2
Event: 243.472 Thread 0x000001976b65e000 Uncommon trap: trap_request=0xffffff4d fr.pc=0x000001975b6553e4 relative=0x0000000000000224
Event: 243.472 Thread 0x000001976b65e000 Uncommon trap: reason=unstable_if action=reinterpret pc=0x000001975b6553e4 method=org.gradle.internal.fingerprint.impl.DefaultFileSystemLocationFingerprint.compareTo(Lorg/gradle/internal/fingerprint/FileSystemLocationFingerprint;)I @ 15 c2
Event: 243.472 Thread 0x000001976b65e000 DEOPT PACKING pc=0x000001975b6553e4 sp=0x0000008655ef9710
Event: 243.472 Thread 0x000001976b65e000 DEOPT UNPACKING pc=0x00000197537c78af sp=0x0000008655ef9650 mode 2

Classes redefined (0 events):
No events

Internal exceptions (20 events):
Event: 237.799 Thread 0x000001976d1ff000 Exception <a 'sun/nio/fs/WindowsException'{0x000000008c324508}> (0x000000008c324508) thrown at [./src/hotspot/share/prims/jni.cpp, line 615]
Event: 237.800 Thread 0x000001976d1ff000 Exception <a 'sun/nio/fs/WindowsException'{0x000000008c3246d8}> (0x000000008c3246d8) thrown at [./src/hotspot/share/prims/jni.cpp, line 615]
Event: 237.804 Thread 0x000001976d1ff000 Exception <a 'sun/nio/fs/WindowsException'{0x000000008c347e30}> (0x000000008c347e30) thrown at [./src/hotspot/share/prims/jni.cpp, line 615]
Event: 237.867 Thread 0x000001976d203000 Exception <a 'sun/nio/fs/WindowsException'{0x000000008a7d51d8}> (0x000000008a7d51d8) thrown at [./src/hotspot/share/prims/jni.cpp, line 615]
Event: 237.868 Thread 0x000001976d203000 Exception <a 'sun/nio/fs/WindowsException'{0x000000008a7d5390}> (0x000000008a7d5390) thrown at [./src/hotspot/share/prims/jni.cpp, line 615]
Event: 237.872 Thread 0x000001976d203000 Exception <a 'sun/nio/fs/WindowsException'{0x000000008a7e4678}> (0x000000008a7e4678) thrown at [./src/hotspot/share/prims/jni.cpp, line 615]
Event: 237.898 Thread 0x000001976d1ff000 Exception <a 'sun/nio/fs/WindowsException'{0x00000000894a75d8}> (0x00000000894a75d8) thrown at [./src/hotspot/share/prims/jni.cpp, line 615]
Event: 237.899 Thread 0x000001976d1ff000 Exception <a 'sun/nio/fs/WindowsException'{0x00000000894a77a0}> (0x00000000894a77a0) thrown at [./src/hotspot/share/prims/jni.cpp, line 615]
Event: 237.903 Thread 0x000001976d1ff000 Exception <a 'sun/nio/fs/WindowsException'{0x00000000894afae0}> (0x00000000894afae0) thrown at [./src/hotspot/share/prims/jni.cpp, line 615]
Event: 237.909 Thread 0x000001976d1ff000 Exception <a 'sun/nio/fs/WindowsException'{0x0000000088ff8098}> (0x0000000088ff8098) thrown at [./src/hotspot/share/prims/jni.cpp, line 615]
Event: 237.910 Thread 0x000001976d1ff000 Exception <a 'sun/nio/fs/WindowsException'{0x0000000088ff8258}> (0x0000000088ff8258) thrown at [./src/hotspot/share/prims/jni.cpp, line 615]
Event: 237.914 Thread 0x000001976d1ff000 Exception <a 'sun/nio/fs/WindowsException'{0x0000000088c19a28}> (0x0000000088c19a28) thrown at [./src/hotspot/share/prims/jni.cpp, line 615]
Event: 237.929 Thread 0x000001976d203000 Exception <a 'sun/nio/fs/WindowsException'{0x000000008826d020}> (0x000000008826d020) thrown at [./src/hotspot/share/prims/jni.cpp, line 615]
Event: 237.930 Thread 0x000001976d203000 Exception <a 'sun/nio/fs/WindowsException'{0x000000008826d1d8}> (0x000000008826d1d8) thrown at [./src/hotspot/share/prims/jni.cpp, line 615]
Event: 237.999 Thread 0x000001976d1ff000 Exception <a 'sun/nio/fs/WindowsException'{0x000000008c4bf3e0}> (0x000000008c4bf3e0) thrown at [./src/hotspot/share/prims/jni.cpp, line 615]
Event: 238.000 Thread 0x000001976d1ff000 Exception <a 'sun/nio/fs/WindowsException'{0x000000008c4bf598}> (0x000000008c4bf598) thrown at [./src/hotspot/share/prims/jni.cpp, line 615]
Event: 239.376 Thread 0x000001976c1a8000 Exception <a 'sun/nio/fs/WindowsException'{0x000000008e998ff8}> (0x000000008e998ff8) thrown at [./src/hotspot/share/prims/jni.cpp, line 615]
Event: 239.377 Thread 0x000001976c1a8000 Exception <a 'sun/nio/fs/WindowsException'{0x000000008e999180}> (0x000000008e999180) thrown at [./src/hotspot/share/prims/jni.cpp, line 615]
Event: 241.049 Thread 0x000001976c1a3800 Exception <a 'sun/nio/fs/WindowsException'{0x000000008a2cb5b8}> (0x000000008a2cb5b8) thrown at [./src/hotspot/share/prims/jni.cpp, line 615]
Event: 241.050 Thread 0x000001976c1a3800 Exception <a 'sun/nio/fs/WindowsException'{0x000000008a2cb790}> (0x000000008a2cb790) thrown at [./src/hotspot/share/prims/jni.cpp, line 615]

Events (20 events):
Event: 238.554 Executing VM operation: G1CollectForAllocation done
Event: 238.761 Executing VM operation: G1CollectForAllocation
Event: 238.768 Executing VM operation: G1CollectForAllocation done
Event: 238.981 Executing VM operation: G1CollectForAllocation
Event: 238.988 Executing VM operation: G1CollectForAllocation done
Event: 239.206 Executing VM operation: G1CollectForAllocation
Event: 239.206 Executing VM operation: G1CollectForAllocation done
Event: 239.206 Executing VM operation: G1CollectForAllocation
Event: 239.217 Executing VM operation: G1CollectForAllocation done
Event: 239.644 Executing VM operation: G1CollectForAllocation
Event: 239.650 Executing VM operation: G1CollectForAllocation done
Event: 240.126 Executing VM operation: G1CollectForAllocation
Event: 240.133 Executing VM operation: G1CollectForAllocation done
Event: 240.638 Executing VM operation: G1CollectForAllocation
Event: 240.646 Executing VM operation: G1CollectForAllocation done
Event: 240.999 Thread 0x000001977246e000 Thread exited: 0x000001977246e000
Event: 241.186 Thread 0x000001977033d000 Thread added: 0x000001977033d000
Event: 241.313 Thread 0x000001977033d000 Thread exited: 0x000001977033d000
Event: 243.119 Executing VM operation: G1CollectForAllocation
Event: 243.122 Executing VM operation: G1CollectForAllocation done


Dynamic libraries:
0x00007ff6d95c0000 - 0x00007ff6d95ca000 	C:\Program Files\Android\Android Studio\jre\bin\java.exe
0x00007ff939b70000 - 0x00007ff939d66000 	C:\Windows\SYSTEM32\ntdll.dll
0x00007ff938850000 - 0x00007ff93890d000 	C:\Windows\System32\KERNEL32.DLL
0x00007ff9378b0000 - 0x00007ff937b78000 	C:\Windows\System32\KERNELBASE.dll
0x00007ff9348c0000 - 0x00007ff934950000 	C:\Windows\SYSTEM32\apphelp.dll
0x00007ff937440000 - 0x00007ff937540000 	C:\Windows\System32\ucrtbase.dll
0x00007ff918b30000 - 0x00007ff918b47000 	C:\Program Files\Android\Android Studio\jre\bin\VCRUNTIME140.dll
0x00007ff918870000 - 0x00007ff918889000 	C:\Program Files\Android\Android Studio\jre\bin\jli.dll
0x00007ff9395d0000 - 0x00007ff939770000 	C:\Windows\System32\USER32.dll
0x00007ff930c00000 - 0x00007ff930e9b000 	C:\Windows\WinSxS\amd64_microsoft.windows.common-controls_6595b64144ccf1df_6.0.19041.488_none_ca04af081b815d21\COMCTL32.dll
0x00007ff9375e0000 - 0x00007ff937602000 	C:\Windows\System32\win32u.dll
0x00007ff938400000 - 0x00007ff93849e000 	C:\Windows\System32\msvcrt.dll
0x00007ff9390d0000 - 0x00007ff9390fa000 	C:\Windows\System32\GDI32.dll
0x00007ff937720000 - 0x00007ff937829000 	C:\Windows\System32\gdi32full.dll
0x00007ff937540000 - 0x00007ff9375dd000 	C:\Windows\System32\msvcp_win.dll
0x00007ff938670000 - 0x00007ff9386a0000 	C:\Windows\System32\IMM32.DLL
0x00007ff90f5c0000 - 0x00007ff90f65d000 	C:\Program Files\Android\Android Studio\jre\bin\msvcp140.dll
0x00007ff8f3330000 - 0x00007ff8f3dff000 	C:\Program Files\Android\Android Studio\jre\bin\server\jvm.dll
0x00007ff939a50000 - 0x00007ff939afc000 	C:\Windows\System32\ADVAPI32.dll
0x00007ff938f40000 - 0x00007ff938fdb000 	C:\Windows\System32\sechost.dll
0x00007ff938e10000 - 0x00007ff938f34000 	C:\Windows\System32\RPCRT4.dll
0x00007ff938fe0000 - 0x00007ff938fe8000 	C:\Windows\System32\PSAPI.DLL
0x00007ff929cb0000 - 0x00007ff929cb9000 	C:\Windows\SYSTEM32\WSOCK32.dll
0x00007ff92a230000 - 0x00007ff92a257000 	C:\Windows\SYSTEM32\WINMM.dll
0x00007ff9387e0000 - 0x00007ff93884b000 	C:\Windows\System32\WS2_32.dll
0x00007ff9308a0000 - 0x00007ff9308aa000 	C:\Windows\SYSTEM32\VERSION.dll
0x00007ff935be0000 - 0x00007ff935bf2000 	C:\Windows\SYSTEM32\kernel.appcore.dll
0x00007ff931200000 - 0x00007ff931211000 	C:\Program Files\Android\Android Studio\jre\bin\verify.dll
0x00007ff9350f0000 - 0x00007ff9352d4000 	C:\Windows\SYSTEM32\DBGHELP.DLL
0x00007ff923e40000 - 0x00007ff923e6c000 	C:\Windows\SYSTEM32\dbgcore.DLL
0x00007ff937830000 - 0x00007ff9378af000 	C:\Windows\System32\bcryptPrimitives.dll
0x00007ff919120000 - 0x00007ff919149000 	C:\Program Files\Android\Android Studio\jre\bin\java.dll
0x00007ff9325e0000 - 0x00007ff9325eb000 	C:\Program Files\Android\Android Studio\jre\bin\jimage.dll
0x00007ff92fd20000 - 0x00007ff92fd38000 	C:\Program Files\Android\Android Studio\jre\bin\zip.dll
0x00007ff937cb0000 - 0x00007ff9383f1000 	C:\Windows\System32\SHELL32.dll
0x00007ff9352e0000 - 0x00007ff935a75000 	C:\Windows\SYSTEM32\windows.storage.dll
0x00007ff938ab0000 - 0x00007ff938e05000 	C:\Windows\System32\combase.dll
0x00007ff936c50000 - 0x00007ff936c7c000 	C:\Windows\SYSTEM32\Wldp.dll
0x00007ff938730000 - 0x00007ff9387de000 	C:\Windows\System32\SHCORE.dll
0x00007ff938910000 - 0x00007ff938965000 	C:\Windows\System32\shlwapi.dll
0x00007ff9371e0000 - 0x00007ff937206000 	C:\Windows\SYSTEM32\profapi.dll
0x00007ff92b5c0000 - 0x00007ff92b5da000 	C:\Program Files\Android\Android Studio\jre\bin\net.dll
0x00007ff92db80000 - 0x00007ff92dc80000 	C:\Windows\SYSTEM32\WINHTTP.dll
0x00007ff9369d0000 - 0x00007ff936a3a000 	C:\Windows\system32\mswsock.dll
0x00007ff919100000 - 0x00007ff919114000 	C:\Program Files\Android\Android Studio\jre\bin\nio.dll
0x00007ff91a090000 - 0x00007ff91a0b7000 	C:\Users\DELL\.gradle\native\8bec1ad78214c89d9ad589b4d07fe93259594b29d510b10fafb7a158f7737e5d\windows-amd64\native-platform.dll
0x00007ff90c6f0000 - 0x00007ff90c82d000 	C:\Users\DELL\.gradle\native\53dbd7edfb1c66fb8903c78663c9afc45aea4f116125fa6feffd364cf09443e8\windows-amd64\native-platform-file-events.dll
0x00007ff9311f0000 - 0x00007ff9311fa000 	C:\Program Files\Android\Android Studio\jre\bin\management.dll
0x00007ff930b90000 - 0x00007ff930b9c000 	C:\Program Files\Android\Android Studio\jre\bin\management_ext.dll
0x00007ff936ba0000 - 0x00007ff936bb8000 	C:\Windows\SYSTEM32\CRYPTSP.dll
0x00007ff936360000 - 0x00007ff936394000 	C:\Windows\system32\rsaenh.dll
0x00007ff9372b0000 - 0x00007ff9372d7000 	C:\Windows\System32\bcrypt.dll
0x00007ff9371a0000 - 0x00007ff9371ce000 	C:\Windows\SYSTEM32\USERENV.dll
0x00007ff936bc0000 - 0x00007ff936bcc000 	C:\Windows\SYSTEM32\CRYPTBASE.dll
0x00007ff9366c0000 - 0x00007ff9366fb000 	C:\Windows\SYSTEM32\IPHLPAPI.DLL
0x00007ff939b00000 - 0x00007ff939b08000 	C:\Windows\System32\NSI.dll
0x00007ff9302a0000 - 0x00007ff9302b7000 	C:\Windows\SYSTEM32\dhcpcsvc6.DLL
0x00007ff930620000 - 0x00007ff93063d000 	C:\Windows\SYSTEM32\dhcpcsvc.DLL
0x00007ff936700000 - 0x00007ff9367cb000 	C:\Windows\SYSTEM32\DNSAPI.dll
0x00007ff912d10000 - 0x00007ff912d37000 	C:\Program Files\Android\Android Studio\jre\bin\sunec.dll
0x00007ff92dab0000 - 0x00007ff92daba000 	C:\Windows\System32\rasadhlp.dll
0x00007ff92db00000 - 0x00007ff92db7f000 	C:\Windows\System32\fwpuclnt.dll

dbghelp: loaded successfully - version: 4.0.5 - missing functions: none
symbol engine: initialized successfully - sym options: 0x614 - pdb path: .;C:\Program Files\Android\Android Studio\jre\bin;C:\Windows\SYSTEM32;C:\Windows\WinSxS\amd64_microsoft.windows.common-controls_6595b64144ccf1df_6.0.19041.488_none_ca04af081b815d21;C:\Program Files\Android\Android Studio\jre\bin\server;C:\Users\DELL\.gradle\native\8bec1ad78214c89d9ad589b4d07fe93259594b29d510b10fafb7a158f7737e5d\windows-amd64;C:\Users\DELL\.gradle\native\53dbd7edfb1c66fb8903c78663c9afc45aea4f116125fa6feffd364cf09443e8\windows-amd64

VM Arguments:
jvm_args: --add-opens=java.base/java.util=ALL-UNNAMED --add-opens=java.base/java.lang=ALL-UNNAMED --add-opens=java.base/java.lang.invoke=ALL-UNNAMED --add-opens=java.base/java.util=ALL-UNNAMED --add-opens=java.prefs/java.util.prefs=ALL-UNNAMED --add-opens=java.prefs/java.util.prefs=ALL-UNNAMED --add-opens=java.base/java.nio.charset=ALL-UNNAMED --add-opens=java.base/java.net=ALL-UNNAMED --add-opens=java.base/java.util.concurrent.atomic=ALL-UNNAMED -Xmx2048m -Dfile.encoding=UTF-8 -Duser.country=IN -Duser.language=en -Duser.variant 
java_command: org.gradle.launcher.daemon.bootstrap.GradleDaemon 7.0.2
java_class_path (initial): C:\Users\DELL\.gradle\wrapper\dists\gradle-7.0.2-bin\857tjihv64xamwrf0h14cai3r\gradle-7.0.2\lib\gradle-launcher-7.0.2.jar
Launcher Type: SUN_STANDARD

[Global flags]
     intx CICompilerCount                          = 3                                         {product} {ergonomic}
     uint ConcGCThreads                            = 1                                         {product} {ergonomic}
     uint G1ConcRefinementThreads                  = 4                                         {product} {ergonomic}
   size_t G1HeapRegionSize                         = 1048576                                   {product} {ergonomic}
    uintx GCDrainStackTargetSize                   = 64                                        {product} {ergonomic}
   size_t InitialHeapSize                          = 132120576                                 {product} {ergonomic}
   size_t MarkStackSize                            = 4194304                                   {product} {ergonomic}
   size_t MaxHeapSize                              = 2147483648                                {product} {command line}
   size_t MaxNewSize                               = 1287651328                                {product} {ergonomic}
   size_t MinHeapDeltaBytes                        = 1048576                                   {product} {ergonomic}
    uintx NonNMethodCodeHeapSize                   = 5830732                                {pd product} {ergonomic}
    uintx NonProfiledCodeHeapSize                  = 122913754                              {pd product} {ergonomic}
    uintx ProfiledCodeHeapSize                     = 122913754                              {pd product} {ergonomic}
    uintx ReservedCodeCacheSize                    = 251658240                              {pd product} {ergonomic}
     bool SegmentedCodeCache                       = true                                      {product} {ergonomic}
     bool UseCompressedClassPointers               = true                                 {lp64_product} {ergonomic}
     bool UseCompressedOops                        = true                                 {lp64_product} {ergonomic}
     bool UseG1GC                                  = true                                      {product} {ergonomic}
     bool UseLargePagesIndividualAllocation        = false                                  {pd product} {ergonomic}

Logging:
Log output configuration:
 #0: stdout all=warning uptime,level,tags
 #1: stderr all=off uptime,level,tags

Environment Variables:
PATH=C:\Windows\system32;C:\Windows;C:\Windows\System32\Wbem;C:\Windows\System32\WindowsPowerShell\v1.0\;C:\Windows\System32\OpenSSH\;C:\Users\DELL\AppData\Local\Microsoft\WindowsApps;
USERNAME=DELL
OS=Windows_NT
PROCESSOR_IDENTIFIER=Intel64 Family 6 Model 142 Stepping 9, GenuineIntel



---------------  S Y S T E M  ---------------

OS: Windows 10 , 64 bit Build 19041 (10.0.19041.546)
OS uptime: 0 days 18:09 hours

CPU:total 4 (initial active 4) (2 cores per cpu, 2 threads per core) family 6 model 142 stepping 9 microcode 0xb4, cmov, cx8, fxsr, mmx, sse, sse2, sse3, ssse3, sse4.1, sse4.2, popcnt, avx, avx2, aes, clmul, erms, 3dnowpref, lzcnt, ht, tsc, tscinvbit, bmi1, bmi2, adx, fma

Memory: 4k page, system-wide physical 8058M (3771M free)
TotalPageFile size 9978M (AvailPageFile size 5785M)
current process WorkingSet (physical memory assigned to process): 551M, peak: 551M
current process commit charge ("private bytes"): 579M, peak: 588M

vm_info: OpenJDK 64-Bit Server VM (11.0.10+0-b96-7249189) for windows-amd64 JRE (11.0.10+0-b96-7249189), built on Mar 31 2021 21:44:00 by "builder" with MS VC++ 14.0 (VS2015)

END.
