#
# A fatal error has been detected by the Java Runtime Environment:
#
#  EXCEPTION_ACCESS_VIOLATION (0xc0000005) at pc=0x00007ffa3e69001a, pid=7244, tid=2252
#
# JRE version: OpenJDK Runtime Environment (11.0.10) (build 11.0.10+0-b96-7249189)
# Java VM: OpenJDK 64-Bit Server VM (11.0.10+0-b96-7249189, mixed mode, tiered, compressed oops, g1 gc, windows-amd64)
# Problematic frame:
# V  [jvm.dll+0x64001a]
#
# No core dump will be written. Minidumps are not enabled by default on client versions of Windows
#
# If you would like to submit a bug report, please visit:
#   https://bugreport.java.com/bugreport/crash.jsp
#

---------------  S U M M A R Y ------------

Command Line: --add-opens=java.base/java.util=ALL-UNNAMED --add-opens=java.base/java.lang=ALL-UNNAMED --add-opens=java.base/java.lang.invoke=ALL-UNNAMED --add-opens=java.base/java.util=ALL-UNNAMED --add-opens=java.prefs/java.util.prefs=ALL-UNNAMED --add-opens=java.prefs/java.util.prefs=ALL-UNNAMED --add-opens=java.base/java.nio.charset=ALL-UNNAMED --add-opens=java.base/java.net=ALL-UNNAMED --add-opens=java.base/java.util.concurrent.atomic=ALL-UNNAMED -Xmx2048m -Dfile.encoding=UTF-8 -Duser.country=IN -Duser.language=en -Duser.variant org.gradle.launcher.daemon.bootstrap.GradleDaemon 7.0.2

Host: Intel(R) Core(TM) i3-7100U CPU @ 2.40GHz, 4 cores, 7G,  Windows 10 , 64 bit Build 19041 (10.0.19041.546)
Time: Wed Dec 22 14:26:44 2021 India Standard Time elapsed time: 3490.195115 seconds (0d 0h 58m 10s)

---------------  T H R E A D  ---------------

Current thread (0x000001a03d825800):  JavaThread "C2 CompilerThread0" daemon [_thread_in_native, id=2252, stack(0x0000001448100000,0x0000001448200000)]


Current CompileTask:
C2:3490195 31645       4       org.gradle.internal.component.external.model.DefaultConfigurationMetadata::getDependencies (28 bytes)

Stack: [0x0000001448100000,0x0000001448200000],  sp=0x00000014481fb6a0,  free space=1005k
Native frames: (J=compiled Java code, j=interpreted, Vv=VM code, C=native code)
V  [jvm.dll+0x64001a]
V  [jvm.dll+0x197d38]
V  [jvm.dll+0x1fb70e]
V  [jvm.dll+0x1fa7f4]
V  [jvm.dll+0x18354c]
V  [jvm.dll+0x208ee7]
V  [jvm.dll+0x207731]
V  [jvm.dll+0x6eb1cf]
V  [jvm.dll+0x6e3d45]
V  [jvm.dll+0x5ebe96]
C  [ucrtbase.dll+0x214c2]
C  [KERNEL32.DLL+0x17034]
C  [ntdll.dll+0x4cec1]


siginfo: EXCEPTION_ACCESS_VIOLATION (0xc0000005), reading address 0x0000000000000028


Register to memory mapping:

RIP=0x00007ffa3e69001a jvm.dll
RAX=0x000001a04d986b00 points into unknown readable memory: 0x0000000000000000 | 00 00 00 00 00 00 00 00
RBX=0x000001a047be1780 points into unknown readable memory: 0x00007ffa3e834350 | 50 43 83 3e fa 7f 00 00
RCX=0x0 is NULL
RDX=0x000001a03e897e60 points into unknown readable memory: 0x0000000000000056 | 56 00 00 00 00 00 00 00
RSP=0x00000014481fb6a0 is pointing into the stack for thread: 0x000001a03d825800
RBP=0x00000014481fb7a0 is pointing into the stack for thread: 0x000001a03d825800
RSI=0x000001a045bbacd0 points into unknown readable memory: 0x00007ffa3e838568 | 68 85 83 3e fa 7f 00 00
RDI=0x000000000000036c is an unknown value
R8 =0x0 is NULL
R9 =0x0 is NULL
R10=0x00000000000000ae is an unknown value
R11=0x00000000000000ae is an unknown value
R12=0x000001a04d6151c0 points into unknown readable memory: 0x00007ffa3e7c55b8 | b8 55 7c 3e fa 7f 00 00
R13=0x0000000000000003 is an unknown value
R14=0x0000000000000001 is an unknown value
R15=0x00000014481fbf20 is pointing into the stack for thread: 0x000001a03d825800


Registers:
RAX=0x000001a04d986b00, RBX=0x000001a047be1780, RCX=0x0000000000000000, RDX=0x000001a03e897e60
RSP=0x00000014481fb6a0, RBP=0x00000014481fb7a0, RSI=0x000001a045bbacd0, RDI=0x000000000000036c
R8 =0x0000000000000000, R9 =0x0000000000000000, R10=0x00000000000000ae, R11=0x00000000000000ae
R12=0x000001a04d6151c0, R13=0x0000000000000003, R14=0x0000000000000001, R15=0x00000014481fbf20
RIP=0x00007ffa3e69001a, EFLAGS=0x0000000000010297

Top of Stack: (sp=0x00000014481fb6a0)
0x00000014481fb6a0:   000001a0485dfc58 00007ffa3e9db550
0x00000014481fb6b0:   000001a0485dfc58 00000014481fb7a0
0x00000014481fb6c0:   00000014481fbac8 00000014481fb8f0
0x00000014481fb6d0:   000001a000000005 000001a041c389a0
0x00000014481fb6e0:   000001a045ed7b50 00000014481fb901
0x00000014481fb6f0:   000001a00000003e 00007ffa3e10c69c
0x00000014481fb700:   000001a000000001 000001a045bbacd0
0x00000014481fb710:   00000ace00000003 0000000000000000
0x00000014481fb720:   00000003000000ae 0000000000000001
0x00000014481fb730:   0000000000000000 000001a04d6151c0
0x00000014481fb740:   000001a04d750f60 00000000000002b8
0x00000014481fb750:   000001a045bbace0 00007ffa00000166
0x00000014481fb760:   000001a045ed8170 00000dd200000000
0x00000014481fb770:   00000014481fbc60 00007ffa00000014
0x00000014481fb780:   000001a0479703d0 000001a04dea6660
0x00000014481fb790:   000000000000036c 000001a041c3c0f0 

Instructions: (pc=0x00007ffa3e69001a)
0x00007ffa3e68ff1a:   fd ff 4d 8b 44 24 08 49 8b 0c d8 48 85 c9 74 2c
0x00007ffa3e68ff2a:   48 8b 79 10 48 85 ff 74 23 8b 41 20 48 8d 14 c7
0x00007ffa3e68ff3a:   66 0f 1f 44 00 00 4c 39 62 f8 48 8d 52 f8 75 f6
0x00007ffa3e68ff4a:   ff c8 89 41 20 48 8b 0c c7 48 89 0a 8b 95 38 03
0x00007ffa3e68ff5a:   00 00 4c 8d 6e 10 33 c0 49 8b cd 49 89 04 d8 e8
0x00007ffa3e68ff6a:   f2 d3 f8 ff 41 ff 4d 18 8b 85 38 03 00 00 ff 4e
0x00007ffa3e68ff7a:   70 ff c8 ff 4e 78 ff c0 89 85 38 03 00 00 e9 f3
0x00007ffa3e68ff8a:   fa ff ff 41 8b 44 24 2c 83 e0 7f 3c 4a 0f 84 ec
0x00007ffa3e68ff9a:   03 00 00 49 8b 04 24 49 8b cc ff 90 88 00 00 00
0x00007ffa3e68ffaa:   48 89 44 24 78 4c 8b c0 48 85 c0 74 12 48 8b c8
0x00007ffa3e68ffba:   e8 81 8d b4 ff 4c 8b 44 24 78 44 8b e8 eb 03 45
0x00007ffa3e68ffca:   8b ee 41 8d 46 ff 44 89 6c 24 70 41 be 01 00 00
0x00007ffa3e68ffda:   00 89 45 10 44 89 74 24 60 44 39 75 84 0f 86 94
0x00007ffa3e68ffea:   03 00 00 0f 1f 00 44 3b f0 76 0e 41 8b c6 41 2b
0x00007ffa3e68fffa:   c5 a8 01 0f 84 69 03 00 00 49 8b 44 24 08 41 8b
0x00007ffa3e69000a:   ce 48 89 4d 88 48 8b 0c c8 49 8b 87 28 01 00 00
0x00007ffa3e69001a:   48 63 51 28 8b 0c 90 41 3b 8f e8 00 00 00 0f 83
0x00007ffa3e69002a:   3e 03 00 00 49 8b 47 70 4c 8d 2c 89 8b d1 49 c1
0x00007ffa3e69003a:   e5 05 48 8b 48 20 42 81 7c 29 30 2f 75 00 00 0f
0x00007ffa3e69004a:   8c 18 03 00 00 48 8b 45 20 44 8b 34 90 48 8b 45
0x00007ffa3e69005a:   c0 45 8b fe 44 89 74 24 74 4c 89 75 a8 4a 8b 1c
0x00007ffa3e69006a:   f0 4d 85 c0 0f 84 74 01 00 00 41 8b 48 14 8b 44
0x00007ffa3e69007a:   24 60 3b c8 77 13 41 3b 40 18 73 0d 2b c1 83 e0
0x00007ffa3e69008a:   01 84 c0 74 1f 8b 44 24 60 49 8b 08 48 85 c9 0f
0x00007ffa3e69009a:   84 49 01 00 00 8b d0 e8 8a 7c b9 ff 84 c0 0f 84
0x00007ffa3e6900aa:   3a 01 00 00 4c 8b bd 20 03 00 00 48 8b d6 48 8b
0x00007ffa3e6900ba:   cb 4d 8b 47 10 e8 ac 17 00 00 48 8b d8 48 85 c0
0x00007ffa3e6900ca:   0f 84 d8 11 00 00 49 8b 7f 10 8b 8f a8 01 00 00
0x00007ffa3e6900da:   2b 8f d0 01 00 00 03 0d fa 0a 35 00 3b 4f 60 0f
0x00007ffa3e6900ea:   87 8c 11 00 00 48 63 70 28 49 8d bf 10 01 00 00
0x00007ffa3e6900fa:   3b 37 7c 4a 3b 77 04 7c 0a 8b d6 48 8b cf e8 c3
0x00007ffa3e69010a:   ac b5 ff 48 63 17 3b d6 7d 2f 8b c6 48 8d 0c 95 


Stack slot to memory mapping:
stack at sp + 0 slots: 0x000001a0485dfc58 points into unknown readable memory: 0x00007ffa3e7f3b50 | 50 3b 7f 3e fa 7f 00 00
stack at sp + 1 slots: 0x00007ffa3e9db550 jvm.dll
stack at sp + 2 slots: 0x000001a0485dfc58 points into unknown readable memory: 0x00007ffa3e7f3b50 | 50 3b 7f 3e fa 7f 00 00
stack at sp + 3 slots: 0x00000014481fb7a0 is pointing into the stack for thread: 0x000001a03d825800
stack at sp + 4 slots: 0x00000014481fbac8 is pointing into the stack for thread: 0x000001a03d825800
stack at sp + 5 slots: 0x00000014481fb8f0 is pointing into the stack for thread: 0x000001a03d825800
stack at sp + 6 slots: 0x000001a000000005 is an unknown value
stack at sp + 7 slots: 0x000001a041c389a0 points into unknown readable memory: 0x000000003e8d4ae8 | e8 4a 8d 3e 00 00 00 00


---------------  P R O C E S S  ---------------

Threads class SMR info:
_java_thread_list=0x000001a04d301360, length=50, elements={
0x000001a023c2e000, 0x000001a03d7f9800, 0x000001a03d7fa800, 0x000001a03d814800,
0x000001a03d817000, 0x000001a03d818000, 0x000001a03d825800, 0x000001a03d82a000,
0x000001a03d835800, 0x000001a03e2ce800, 0x000001a040748000, 0x000001a03e546800,
0x000001a040778000, 0x000001a040076800, 0x000001a040077800, 0x000001a040072800,
0x000001a040073800, 0x000001a040076000, 0x000001a0432ca000, 0x000001a0432cc800,
0x000001a0432c9000, 0x000001a0432cb800, 0x000001a0432cf800, 0x000001a0432d4800,
0x000001a0432cf000, 0x000001a047c14800, 0x000001a047c1c800, 0x000001a047c1a000,
0x000001a047c1d800, 0x000001a047c1b000, 0x000001a03e441800, 0x000001a03e43c800,
0x000001a03e43e800, 0x000001a03e442800, 0x000001a03e440000, 0x000001a03e43d800,
0x000001a03e441000, 0x000001a0436df800, 0x000001a0436e0800, 0x000001a0436dc800,
0x000001a0436df000, 0x000001a0436da800, 0x000001a0436de000, 0x000001a0436dd000,
0x000001a0436e1000, 0x000001a0436db800, 0x000001a0436e6000, 0x000001a0436e4800,
0x000001a0436e7000, 0x000001a0436e8000
}

Java Threads: ( => current thread )
  0x000001a023c2e000 JavaThread "main" [_thread_blocked, id=3872, stack(0x0000001447500000,0x0000001447600000)]
  0x000001a03d7f9800 JavaThread "Reference Handler" daemon [_thread_blocked, id=3040, stack(0x0000001447c00000,0x0000001447d00000)]
  0x000001a03d7fa800 JavaThread "Finalizer" daemon [_thread_blocked, id=9296, stack(0x0000001447d00000,0x0000001447e00000)]
  0x000001a03d814800 JavaThread "Signal Dispatcher" daemon [_thread_blocked, id=2664, stack(0x0000001447e00000,0x0000001447f00000)]
  0x000001a03d817000 JavaThread "Attach Listener" daemon [_thread_blocked, id=504, stack(0x0000001447f00000,0x0000001448000000)]
  0x000001a03d818000 JavaThread "Service Thread" daemon [_thread_blocked, id=3828, stack(0x0000001448000000,0x0000001448100000)]
=>0x000001a03d825800 JavaThread "C2 CompilerThread0" daemon [_thread_in_native, id=2252, stack(0x0000001448100000,0x0000001448200000)]
  0x000001a03d82a000 JavaThread "C1 CompilerThread0" daemon [_thread_blocked, id=7680, stack(0x0000001448200000,0x0000001448300000)]
  0x000001a03d835800 JavaThread "Sweeper thread" daemon [_thread_blocked, id=2244, stack(0x0000001448300000,0x0000001448400000)]
  0x000001a03e2ce800 JavaThread "Common-Cleaner" daemon [_thread_blocked, id=2420, stack(0x0000001448400000,0x0000001448500000)]
  0x000001a040748000 JavaThread "Daemon health stats" [_thread_blocked, id=1112, stack(0x0000001448900000,0x0000001448a00000)]
  0x000001a03e546800 JavaThread "Incoming local TCP Connector on port 57076" [_thread_in_native, id=10668, stack(0x0000001448600000,0x0000001448700000)]
  0x000001a040778000 JavaThread "Daemon periodic checks" [_thread_blocked, id=6912, stack(0x0000001448a00000,0x0000001448b00000)]
  0x000001a040076800 JavaThread "Cache worker for file hash cache (C:\Users\DELL\.gradle\caches\7.0.2\fileHashes)" [_thread_blocked, id=3968, stack(0x0000001449300000,0x0000001449400000)]
  0x000001a040077800 JavaThread "File lock request listener" [_thread_in_native, id=6376, stack(0x0000001449400000,0x0000001449500000)]
  0x000001a040072800 JavaThread "Cache worker for journal cache (C:\Users\DELL\.gradle\caches\journal-1)" [_thread_blocked, id=6008, stack(0x0000001449500000,0x0000001449600000)]
  0x000001a040073800 JavaThread "File watcher server" daemon [_thread_in_native, id=9492, stack(0x0000001449800000,0x0000001449900000)]
  0x000001a040076000 JavaThread "File watcher consumer" daemon [_thread_blocked, id=10096, stack(0x0000001449900000,0x0000001449a00000)]
  0x000001a0432ca000 JavaThread "Cache worker for execution history cache (C:\Users\DELL\.gradle\caches\7.0.2\executionHistory)" [_thread_blocked, id=5472, stack(0x0000001449d00000,0x0000001449e00000)]
  0x000001a0432cc800 JavaThread "jar transforms" [_thread_blocked, id=6660, stack(0x0000001449e00000,0x0000001449f00000)]
  0x000001a0432c9000 JavaThread "jar transforms Thread 2" [_thread_blocked, id=3920, stack(0x0000001449f00000,0x000000144a000000)]
  0x000001a0432cb800 JavaThread "Cache worker for file content cache (C:\Users\DELL\.gradle\caches\7.0.2\fileContent)" [_thread_blocked, id=5720, stack(0x000000144a000000,0x000000144a100000)]
  0x000001a0432cf800 JavaThread "jar transforms Thread 3" [_thread_blocked, id=10364, stack(0x000000144a200000,0x000000144a300000)]
  0x000001a0432d4800 JavaThread "jar transforms Thread 4" [_thread_blocked, id=5084, stack(0x000000144a800000,0x000000144a900000)]
  0x000001a0432cf000 JavaThread "Memory manager" [_thread_blocked, id=9836, stack(0x000000144a900000,0x000000144aa00000)]
  0x000001a047c14800 JavaThread "RMI Scheduler(0)" daemon [_thread_blocked, id=6576, stack(0x0000001449000000,0x0000001449100000)]
  0x000001a047c1c800 JavaThread "RMI GC Daemon" daemon [_thread_blocked, id=7780, stack(0x000000144b400000,0x000000144b500000)]
  0x000001a047c1a000 JavaThread "RMI TCP Accept-0" daemon [_thread_in_native, id=7852, stack(0x000000144b600000,0x000000144b700000)]
  0x000001a047c1d800 JavaThread "RMI Reaper" [_thread_blocked, id=5640, stack(0x000000144b700000,0x000000144b800000)]
  0x000001a047c1b000 JavaThread "Cache worker for Java compile cache (C:\Users\DELL\.gradle\caches\7.0.2\javaCompile)" [_thread_blocked, id=4612, stack(0x000000144b300000,0x000000144b400000)]
  0x000001a03e441800 JavaThread "ForkJoinPool.commonPool-worker-3" daemon [_thread_blocked, id=960, stack(0x000000144bf00000,0x000000144c000000)]
  0x000001a03e43c800 JavaThread "Daemon Thread 17" [_thread_blocked, id=9020, stack(0x0000001447200000,0x0000001447300000)]
  0x000001a03e43e800 JavaThread "Handler for socket connection from /127.0.0.1:57076 to /127.0.0.1:57972" [_thread_in_native, id=11052, stack(0x0000001447300000,0x0000001447400000)]
  0x000001a03e442800 JavaThread "Cancel handler" [_thread_blocked, id=4740, stack(0x0000001447400000,0x0000001447500000)]
  0x000001a03e440000 JavaThread "Daemon worker Thread 17" [_thread_in_Java, id=948, stack(0x0000001448b00000,0x0000001448c00000)]
  0x000001a03e43d800 JavaThread "Asynchronous log dispatcher for DefaultDaemonConnection: socket connection from /127.0.0.1:57076 to /127.0.0.1:57972" [_thread_blocked, id=4332, stack(0x0000001448c00000,0x0000001448d00000)]
  0x000001a03e441000 JavaThread "Stdin handler" [_thread_blocked, id=5176, stack(0x0000001448d00000,0x0000001448e00000)]
  0x000001a0436df800 JavaThread "Daemon client event forwarder" [_thread_blocked, id=3188, stack(0x0000001448e00000,0x0000001448f00000)]
  0x000001a0436e0800 JavaThread "Cache worker for file hash cache (C:\Users\DELL\AndroidStudioProjects\tabbar\.gradle\7.0.2\fileHashes)" [_thread_blocked, id=372, stack(0x0000001448f00000,0x0000001449000000)]
  0x000001a0436dc800 JavaThread "Cache worker for checksums cache (C:\Users\DELL\AndroidStudioProjects\tabbar\.gradle\checksums)" [_thread_blocked, id=6564, stack(0x0000001449100000,0x0000001449200000)]
  0x000001a0436df000 JavaThread "Cache worker for cache directory md-supplier (C:\Users\DELL\.gradle\caches\7.0.2\md-supplier)" [_thread_blocked, id=10116, stack(0x0000001449600000,0x0000001449700000)]
  0x000001a0436da800 JavaThread "Cache worker for cache directory md-rule (C:\Users\DELL\.gradle\caches\7.0.2\md-rule)" [_thread_blocked, id=5852, stack(0x0000001449700000,0x0000001449800000)]
  0x000001a0436de000 JavaThread "C2 CompilerThread1" daemon [_thread_in_native, id=10724, stack(0x0000001449a00000,0x0000001449b00000)]
  0x000001a0436dd000 JavaThread "Cache worker for dependencies-accessors (C:\Users\DELL\AndroidStudioProjects\tabbar\.gradle\7.0.2\dependencies-accessors)" [_thread_blocked, id=10904, stack(0x0000001449b00000,0x0000001449c00000)]
  0x000001a0436e1000 JavaThread "Cache worker for Build Output Cleanup Cache (C:\Users\DELL\AndroidStudioProjects\tabbar\.gradle\buildOutputCleanup)" [_thread_blocked, id=8772, stack(0x0000001449c00000,0x0000001449d00000)]
  0x000001a0436db800 JavaThread "Build operations" [_thread_blocked, id=1140, stack(0x000000144a100000,0x000000144a200000)]
  0x000001a0436e6000 JavaThread "Build operations Thread 2" [_thread_blocked, id=4036, stack(0x000000144a300000,0x000000144a400000)]
  0x000001a0436e4800 JavaThread "Build operations Thread 3" [_thread_blocked, id=3004, stack(0x000000144a400000,0x000000144a500000)]
  0x000001a0436e7000 JavaThread "Build operations Thread 4" [_thread_blocked, id=3168, stack(0x000000144a500000,0x000000144a600000)]
  0x000001a0436e8000 JavaThread "Cache worker for execution history cache (C:\Users\DELL\AndroidStudioProjects\tabbar\.gradle\7.0.2\executionHistory)" [_thread_blocked, id=7520, stack(0x000000144ac00000,0x000000144ad00000)]

Other Threads:
  0x000001a03d7f6000 VMThread "VM Thread" [stack: 0x0000001447b00000,0x0000001447c00000] [id=2752]
  0x000001a03e2e7800 WatcherThread [stack: 0x0000001448500000,0x0000001448600000] [id=6828]
  0x000001a023c44800 GCTaskThread "GC Thread#0" [stack: 0x0000001447600000,0x0000001447700000] [id=7640]
  0x000001a03eb21800 GCTaskThread "GC Thread#1" [stack: 0x0000001448700000,0x0000001448800000] [id=4184]
  0x000001a03e519000 GCTaskThread "GC Thread#2" [stack: 0x0000001448800000,0x0000001448900000] [id=10848]
  0x000001a040eee800 GCTaskThread "GC Thread#3" [stack: 0x0000001449200000,0x0000001449300000] [id=9900]
  0x000001a023c76000 ConcurrentGCThread "G1 Main Marker" [stack: 0x0000001447700000,0x0000001447800000] [id=3620]
  0x000001a023c78000 ConcurrentGCThread "G1 Conc#0" [stack: 0x0000001447800000,0x0000001447900000] [id=5652]
  0x000001a023d07800 ConcurrentGCThread "G1 Refine#0" [stack: 0x0000001447900000,0x0000001447a00000] [id=7200]
  0x000001a023d08800 ConcurrentGCThread "G1 Young RemSet Sampling" [stack: 0x0000001447a00000,0x0000001447b00000] [id=9968]

Threads with active compile tasks:
C2 CompilerThread03490327 31645       4       org.gradle.internal.component.external.model.DefaultConfigurationMetadata::getDependencies (28 bytes)
C2 CompilerThread13490327 31676   !   4       org.codehaus.groovy.reflection.CachedMethod::invoke (84 bytes)

VM state:not at safepoint (normal execution)

VM Mutex/Monitor currently owned by a thread: None

Heap address: 0x0000000080000000, size: 2048 MB, Compressed Oops mode: 32-bit
Narrow klass base: 0x0000000000000000, Narrow klass shift: 3
Compressed class space size: 1073741824 Address: 0x0000000100000000

Heap:
 garbage-first heap   total 270336K, used 168527K [0x0000000080000000, 0x0000000100000000)
  region size 1024K, 28 young (28672K), 2 survivors (2048K)
 Metaspace       used 144689K, capacity 150795K, committed 151084K, reserved 1179648K
  class space    used 17876K, capacity 19999K, committed 20044K, reserved 1048576K
Heap Regions: E=young(eden), S=young(survivor), O=old, HS=humongous(starts), HC=humongous(continues), CS=collection set, F=free, A=archive, TAMS=top-at-mark-start (previous, next)
|   0|0x0000000080000000, 0x0000000080100000, 0x0000000080100000|100%| O|  |TAMS 0x0000000080100000, 0x0000000080000000| Untracked 
|   1|0x0000000080100000, 0x0000000080200000, 0x0000000080200000|100%| O|  |TAMS 0x0000000080200000, 0x0000000080100000| Untracked 
|   2|0x0000000080200000, 0x0000000080300000, 0x0000000080300000|100%| O|  |TAMS 0x0000000080300000, 0x0000000080200000| Untracked 
|   3|0x0000000080300000, 0x0000000080400000, 0x0000000080400000|100%|HS|  |TAMS 0x0000000080400000, 0x0000000080300000| Complete 
|   4|0x0000000080400000, 0x0000000080500000, 0x0000000080500000|100%|HC|  |TAMS 0x0000000080500000, 0x0000000080400000| Complete 
|   5|0x0000000080500000, 0x0000000080600000, 0x0000000080600000|100%|HC|  |TAMS 0x0000000080600000, 0x0000000080500000| Complete 
|   6|0x0000000080600000, 0x0000000080700000, 0x0000000080700000|100%| O|  |TAMS 0x0000000080700000, 0x0000000080600000| Untracked 
|   7|0x0000000080700000, 0x0000000080800000, 0x0000000080800000|100%| O|  |TAMS 0x0000000080800000, 0x0000000080700000| Untracked 
|   8|0x0000000080800000, 0x0000000080900000, 0x0000000080900000|100%| O|  |TAMS 0x0000000080900000, 0x0000000080800000| Untracked 
|   9|0x0000000080900000, 0x0000000080a00000, 0x0000000080a00000|100%| O|  |TAMS 0x0000000080a00000, 0x0000000080900000| Untracked 
|  10|0x0000000080a00000, 0x0000000080b00000, 0x0000000080b00000|100%| O|  |TAMS 0x0000000080b00000, 0x0000000080a00000| Untracked 
|  11|0x0000000080b00000, 0x0000000080c00000, 0x0000000080c00000|100%| O|  |TAMS 0x0000000080c00000, 0x0000000080b00000| Untracked 
|  12|0x0000000080c00000, 0x0000000080d00000, 0x0000000080d00000|100%| O|  |TAMS 0x0000000080d00000, 0x0000000080c00000| Untracked 
|  13|0x0000000080d00000, 0x0000000080e00000, 0x0000000080e00000|100%| O|  |TAMS 0x0000000080e00000, 0x0000000080d00000| Untracked 
|  14|0x0000000080e00000, 0x0000000080f00000, 0x0000000080f00000|100%| O|  |TAMS 0x0000000080f00000, 0x0000000080e00000| Untracked 
|  15|0x0000000080f00000, 0x0000000081000000, 0x0000000081000000|100%| O|  |TAMS 0x0000000081000000, 0x0000000080f00000| Untracked 
|  16|0x0000000081000000, 0x0000000081100000, 0x0000000081100000|100%| O|  |TAMS 0x0000000081100000, 0x0000000081000000| Untracked 
|  17|0x0000000081100000, 0x0000000081200000, 0x0000000081200000|100%|HS|  |TAMS 0x0000000081200000, 0x0000000081100000| Complete 
|  18|0x0000000081200000, 0x0000000081300000, 0x0000000081300000|100%| O|  |TAMS 0x0000000081300000, 0x0000000081200000| Untracked 
|  19|0x0000000081300000, 0x0000000081400000, 0x0000000081400000|100%| O|  |TAMS 0x0000000081400000, 0x0000000081300000| Untracked 
|  20|0x0000000081400000, 0x0000000081500000, 0x0000000081500000|100%| O|  |TAMS 0x0000000081500000, 0x0000000081400000| Untracked 
|  21|0x0000000081500000, 0x0000000081600000, 0x0000000081600000|100%| O|  |TAMS 0x0000000081600000, 0x0000000081500000| Untracked 
|  22|0x0000000081600000, 0x0000000081700000, 0x0000000081700000|100%|HS|  |TAMS 0x0000000081700000, 0x0000000081600000| Complete 
|  23|0x0000000081700000, 0x0000000081800000, 0x0000000081800000|100%|HS|  |TAMS 0x0000000081800000, 0x0000000081700000| Complete 
|  24|0x0000000081800000, 0x0000000081900000, 0x0000000081900000|100%|HS|  |TAMS 0x0000000081900000, 0x0000000081800000| Complete 
|  25|0x0000000081900000, 0x0000000081a00000, 0x0000000081a00000|100%|HC|  |TAMS 0x0000000081a00000, 0x0000000081900000| Complete 
|  26|0x0000000081a00000, 0x0000000081b00000, 0x0000000081b00000|100%|HC|  |TAMS 0x0000000081b00000, 0x0000000081a00000| Complete 
|  27|0x0000000081b00000, 0x0000000081c00000, 0x0000000081c00000|100%|HS|  |TAMS 0x0000000081c00000, 0x0000000081b00000| Complete 
|  28|0x0000000081c00000, 0x0000000081d00000, 0x0000000081d00000|100%|HC|  |TAMS 0x0000000081d00000, 0x0000000081c00000| Complete 
|  29|0x0000000081d00000, 0x0000000081e00000, 0x0000000081e00000|100%| O|  |TAMS 0x0000000081e00000, 0x0000000081d00000| Untracked 
|  30|0x0000000081e00000, 0x0000000081f00000, 0x0000000081f00000|100%| O|  |TAMS 0x0000000081f00000, 0x0000000081e00000| Untracked 
|  31|0x0000000081f00000, 0x0000000082000000, 0x0000000082000000|100%| O|  |TAMS 0x0000000082000000, 0x0000000081f00000| Untracked 
|  32|0x0000000082000000, 0x0000000082100000, 0x0000000082100000|100%| O|  |TAMS 0x0000000082100000, 0x0000000082000000| Untracked 
|  33|0x0000000082100000, 0x0000000082200000, 0x0000000082200000|100%| O|  |TAMS 0x0000000082200000, 0x0000000082100000| Untracked 
|  34|0x0000000082200000, 0x0000000082300000, 0x0000000082300000|100%| O|  |TAMS 0x0000000082300000, 0x0000000082200000| Untracked 
|  35|0x0000000082300000, 0x0000000082400000, 0x0000000082400000|100%| O|  |TAMS 0x0000000082400000, 0x0000000082300000| Untracked 
|  36|0x0000000082400000, 0x0000000082500000, 0x0000000082500000|100%| O|  |TAMS 0x0000000082500000, 0x0000000082400000| Untracked 
|  37|0x0000000082500000, 0x0000000082600000, 0x0000000082600000|100%| O|  |TAMS 0x0000000082600000, 0x0000000082500000| Untracked 
|  38|0x0000000082600000, 0x0000000082700000, 0x0000000082700000|100%| O|  |TAMS 0x0000000082700000, 0x0000000082600000| Untracked 
|  39|0x0000000082700000, 0x0000000082800000, 0x0000000082800000|100%| O|  |TAMS 0x0000000082800000, 0x0000000082700000| Untracked 
|  40|0x0000000082800000, 0x0000000082900000, 0x0000000082900000|100%| O|  |TAMS 0x0000000082900000, 0x0000000082800000| Untracked 
|  41|0x0000000082900000, 0x0000000082a00000, 0x0000000082a00000|100%| O|  |TAMS 0x0000000082a00000, 0x0000000082900000| Untracked 
|  42|0x0000000082a00000, 0x0000000082b00000, 0x0000000082b00000|100%| O|  |TAMS 0x0000000082b00000, 0x0000000082a00000| Untracked 
|  43|0x0000000082b00000, 0x0000000082c00000, 0x0000000082c00000|100%|HS|  |TAMS 0x0000000082c00000, 0x0000000082b00000| Complete 
|  44|0x0000000082c00000, 0x0000000082d00000, 0x0000000082d00000|100%|HC|  |TAMS 0x0000000082d00000, 0x0000000082c00000| Complete 
|  45|0x0000000082d00000, 0x0000000082e00000, 0x0000000082e00000|100%| O|  |TAMS 0x0000000082e00000, 0x0000000082d00000| Untracked 
|  46|0x0000000082e00000, 0x0000000082f00000, 0x0000000082f00000|100%| O|  |TAMS 0x0000000082f00000, 0x0000000082e00000| Untracked 
|  47|0x0000000082f00000, 0x0000000083000000, 0x0000000083000000|100%| O|  |TAMS 0x0000000083000000, 0x0000000082f00000| Untracked 
|  48|0x0000000083000000, 0x0000000083100000, 0x0000000083100000|100%| O|  |TAMS 0x0000000083100000, 0x0000000083000000| Untracked 
|  49|0x0000000083100000, 0x0000000083200000, 0x0000000083200000|100%| O|  |TAMS 0x0000000083200000, 0x0000000083100000| Untracked 
|  50|0x0000000083200000, 0x0000000083300000, 0x0000000083300000|100%| O|  |TAMS 0x0000000083300000, 0x0000000083200000| Untracked 
|  51|0x0000000083300000, 0x0000000083400000, 0x0000000083400000|100%| O|  |TAMS 0x0000000083400000, 0x0000000083300000| Untracked 
|  52|0x0000000083400000, 0x0000000083500000, 0x0000000083500000|100%| O|  |TAMS 0x0000000083500000, 0x0000000083400000| Untracked 
|  53|0x0000000083500000, 0x0000000083600000, 0x0000000083600000|100%| O|  |TAMS 0x0000000083600000, 0x0000000083500000| Untracked 
|  54|0x0000000083600000, 0x0000000083700000, 0x0000000083700000|100%| O|  |TAMS 0x0000000083700000, 0x0000000083600000| Untracked 
|  55|0x0000000083700000, 0x0000000083800000, 0x0000000083800000|100%| O|  |TAMS 0x0000000083800000, 0x0000000083700000| Untracked 
|  56|0x0000000083800000, 0x0000000083900000, 0x0000000083900000|100%| O|  |TAMS 0x0000000083800000, 0x0000000083800000| Untracked 
|  57|0x0000000083900000, 0x0000000083a00000, 0x0000000083a00000|100%| O|  |TAMS 0x0000000083a00000, 0x0000000083900000| Untracked 
|  58|0x0000000083a00000, 0x0000000083b00000, 0x0000000083b00000|100%| O|  |TAMS 0x0000000083b00000, 0x0000000083a00000| Untracked 
|  59|0x0000000083b00000, 0x0000000083c00000, 0x0000000083c00000|100%| O|  |TAMS 0x0000000083c00000, 0x0000000083b00000| Untracked 
|  60|0x0000000083c00000, 0x0000000083d00000, 0x0000000083d00000|100%| O|  |TAMS 0x0000000083d00000, 0x0000000083c00000| Untracked 
|  61|0x0000000083d00000, 0x0000000083e00000, 0x0000000083e00000|100%| O|  |TAMS 0x0000000083e00000, 0x0000000083d00000| Untracked 
|  62|0x0000000083e00000, 0x0000000083f00000, 0x0000000083f00000|100%| O|  |TAMS 0x0000000083f00000, 0x0000000083e00000| Untracked 
|  63|0x0000000083f00000, 0x0000000084000000, 0x0000000084000000|100%| O|  |TAMS 0x0000000084000000, 0x0000000083f00000| Untracked 
|  64|0x0000000084000000, 0x0000000084100000, 0x0000000084100000|100%| O|  |TAMS 0x0000000084100000, 0x0000000084000000| Untracked 
|  65|0x0000000084100000, 0x0000000084200000, 0x0000000084200000|100%| O|  |TAMS 0x0000000084200000, 0x0000000084100000| Untracked 
|  66|0x0000000084200000, 0x0000000084300000, 0x0000000084300000|100%| O|  |TAMS 0x0000000084300000, 0x0000000084200000| Untracked 
|  67|0x0000000084300000, 0x0000000084400000, 0x0000000084400000|100%| O|  |TAMS 0x0000000084400000, 0x0000000084300000| Untracked 
|  68|0x0000000084400000, 0x0000000084500000, 0x0000000084500000|100%| O|  |TAMS 0x0000000084500000, 0x0000000084400000| Untracked 
|  69|0x0000000084500000, 0x0000000084600000, 0x0000000084600000|100%| O|  |TAMS 0x0000000084600000, 0x0000000084500000| Untracked 
|  70|0x0000000084600000, 0x0000000084700000, 0x0000000084700000|100%| O|  |TAMS 0x0000000084700000, 0x0000000084600000| Untracked 
|  71|0x0000000084700000, 0x0000000084800000, 0x0000000084800000|100%| O|  |TAMS 0x0000000084800000, 0x0000000084700000| Untracked 
|  72|0x0000000084800000, 0x0000000084900000, 0x0000000084900000|100%|HS|  |TAMS 0x0000000084900000, 0x0000000084800000| Complete 
|  73|0x0000000084900000, 0x0000000084a00000, 0x0000000084a00000|100%|HC|  |TAMS 0x0000000084a00000, 0x0000000084900000| Complete 
|  74|0x0000000084a00000, 0x0000000084b00000, 0x0000000084b00000|100%|HC|  |TAMS 0x0000000084b00000, 0x0000000084a00000| Complete 
|  75|0x0000000084b00000, 0x0000000084c00000, 0x0000000084c00000|100%| O|  |TAMS 0x0000000084c00000, 0x0000000084b00000| Untracked 
|  76|0x0000000084c00000, 0x0000000084d00000, 0x0000000084d00000|100%| O|  |TAMS 0x0000000084d00000, 0x0000000084c00000| Untracked 
|  77|0x0000000084d00000, 0x0000000084e00000, 0x0000000084e00000|100%| O|  |TAMS 0x0000000084e00000, 0x0000000084d00000| Untracked 
|  78|0x0000000084e00000, 0x0000000084f00000, 0x0000000084f00000|100%| O|  |TAMS 0x0000000084f00000, 0x0000000084e00000| Untracked 
|  79|0x0000000084f00000, 0x0000000085000000, 0x0000000085000000|100%| O|  |TAMS 0x0000000085000000, 0x0000000084f00000| Untracked 
|  80|0x0000000085000000, 0x0000000085100000, 0x0000000085100000|100%| O|  |TAMS 0x0000000085100000, 0x0000000085000000| Untracked 
|  81|0x0000000085100000, 0x0000000085100000, 0x0000000085200000|  0%| F|  |TAMS 0x0000000085100000, 0x0000000085100000| Untracked 
|  82|0x0000000085200000, 0x0000000085300000, 0x0000000085300000|100%| O|  |TAMS 0x0000000085300000, 0x0000000085200000| Untracked 
|  83|0x0000000085300000, 0x0000000085400000, 0x0000000085400000|100%| O|  |TAMS 0x0000000085400000, 0x0000000085300000| Untracked 
|  84|0x0000000085400000, 0x0000000085500000, 0x0000000085500000|100%| O|  |TAMS 0x0000000085500000, 0x0000000085400000| Untracked 
|  85|0x0000000085500000, 0x0000000085600000, 0x0000000085600000|100%| O|  |TAMS 0x0000000085600000, 0x0000000085500000| Untracked 
|  86|0x0000000085600000, 0x0000000085700000, 0x0000000085700000|100%| O|  |TAMS 0x0000000085600000, 0x0000000085600000| Untracked 
|  87|0x0000000085700000, 0x0000000085793e00, 0x0000000085800000| 57%| O|  |TAMS 0x0000000085700000, 0x0000000085700000| Untracked 
|  88|0x0000000085800000, 0x0000000085900000, 0x0000000085900000|100%| O|  |TAMS 0x0000000085900000, 0x0000000085800000| Untracked 
|  89|0x0000000085900000, 0x0000000085a00000, 0x0000000085a00000|100%| O|  |TAMS 0x0000000085a00000, 0x0000000085900000| Untracked 
|  90|0x0000000085a00000, 0x0000000085b00000, 0x0000000085b00000|100%| O|  |TAMS 0x0000000085b00000, 0x0000000085a00000| Untracked 
|  91|0x0000000085b00000, 0x0000000085c00000, 0x0000000085c00000|100%| O|  |TAMS 0x0000000085c00000, 0x0000000085b00000| Untracked 
|  92|0x0000000085c00000, 0x0000000085d00000, 0x0000000085d00000|100%| O|  |TAMS 0x0000000085d00000, 0x0000000085c00000| Untracked 
|  93|0x0000000085d00000, 0x0000000085e00000, 0x0000000085e00000|100%| O|  |TAMS 0x0000000085e00000, 0x0000000085d00000| Untracked 
|  94|0x0000000085e00000, 0x0000000085f00000, 0x0000000085f00000|100%| O|  |TAMS 0x0000000085f00000, 0x0000000085e00000| Untracked 
|  95|0x0000000085f00000, 0x0000000086000000, 0x0000000086000000|100%| O|  |TAMS 0x0000000086000000, 0x0000000085f00000| Untracked 
|  96|0x0000000086000000, 0x0000000086100000, 0x0000000086100000|100%| O|  |TAMS 0x0000000086100000, 0x0000000086000000| Untracked 
|  97|0x0000000086100000, 0x0000000086200000, 0x0000000086200000|100%| O|  |TAMS 0x0000000086200000, 0x0000000086100000| Untracked 
|  98|0x0000000086200000, 0x0000000086300000, 0x0000000086300000|100%| O|  |TAMS 0x0000000086300000, 0x0000000086200000| Untracked 
|  99|0x0000000086300000, 0x0000000086400000, 0x0000000086400000|100%| O|  |TAMS 0x0000000086400000, 0x0000000086300000| Untracked 
| 100|0x0000000086400000, 0x0000000086500000, 0x0000000086500000|100%| O|  |TAMS 0x0000000086500000, 0x0000000086400000| Untracked 
| 101|0x0000000086500000, 0x0000000086600000, 0x0000000086600000|100%|HS|  |TAMS 0x0000000086600000, 0x0000000086500000| Complete 
| 102|0x0000000086600000, 0x0000000086700000, 0x0000000086700000|100%|HC|  |TAMS 0x0000000086700000, 0x0000000086600000| Complete 
| 103|0x0000000086700000, 0x0000000086800000, 0x0000000086800000|100%|HC|  |TAMS 0x0000000086800000, 0x0000000086700000| Complete 
| 104|0x0000000086800000, 0x0000000086900000, 0x0000000086900000|100%|HC|  |TAMS 0x0000000086900000, 0x0000000086800000| Complete 
| 105|0x0000000086900000, 0x0000000086a00000, 0x0000000086a00000|100%|HC|  |TAMS 0x0000000086a00000, 0x0000000086900000| Complete 
| 106|0x0000000086a00000, 0x0000000086b00000, 0x0000000086b00000|100%| O|  |TAMS 0x0000000086b00000, 0x0000000086a00000| Untracked 
| 107|0x0000000086b00000, 0x0000000086c00000, 0x0000000086c00000|100%| O|  |TAMS 0x0000000086b4fe00, 0x0000000086b00000| Untracked 
| 108|0x0000000086c00000, 0x0000000086c00000, 0x0000000086d00000|  0%| F|  |TAMS 0x0000000086c00000, 0x0000000086c00000| Untracked 
| 109|0x0000000086d00000, 0x0000000086e00000, 0x0000000086e00000|100%| O|  |TAMS 0x0000000086e00000, 0x0000000086d00000| Untracked 
| 110|0x0000000086e00000, 0x0000000086e00000, 0x0000000086f00000|  0%| F|  |TAMS 0x0000000086e00000, 0x0000000086e00000| Untracked 
| 111|0x0000000086f00000, 0x0000000087000000, 0x0000000087000000|100%| O|  |TAMS 0x0000000087000000, 0x0000000086f00000| Untracked 
| 112|0x0000000087000000, 0x0000000087100000, 0x0000000087100000|100%| O|  |TAMS 0x0000000087100000, 0x0000000087000000| Untracked 
| 113|0x0000000087100000, 0x0000000087200000, 0x0000000087200000|100%| O|  |TAMS 0x0000000087200000, 0x0000000087100000| Untracked 
| 114|0x0000000087200000, 0x0000000087200000, 0x0000000087300000|  0%| F|  |TAMS 0x0000000087200000, 0x0000000087200000| Untracked 
| 115|0x0000000087300000, 0x0000000087300000, 0x0000000087400000|  0%| F|  |TAMS 0x0000000087300000, 0x0000000087300000| Untracked 
| 116|0x0000000087400000, 0x0000000087500000, 0x0000000087500000|100%| O|  |TAMS 0x0000000087500000, 0x0000000087400000| Untracked 
| 117|0x0000000087500000, 0x0000000087600000, 0x0000000087600000|100%| O|  |TAMS 0x0000000087600000, 0x0000000087500000| Untracked 
| 118|0x0000000087600000, 0x0000000087700000, 0x0000000087700000|100%| O|  |TAMS 0x0000000087700000, 0x0000000087600000| Untracked 
| 119|0x0000000087700000, 0x0000000087800000, 0x0000000087800000|100%| O|  |TAMS 0x0000000087800000, 0x0000000087700000| Untracked 
| 120|0x0000000087800000, 0x0000000087900000, 0x0000000087900000|100%| O|  |TAMS 0x0000000087900000, 0x0000000087800000| Untracked 
| 121|0x0000000087900000, 0x0000000087900000, 0x0000000087a00000|  0%| F|  |TAMS 0x0000000087900000, 0x0000000087900000| Untracked 
| 122|0x0000000087a00000, 0x0000000087b00000, 0x0000000087b00000|100%| O|  |TAMS 0x0000000087b00000, 0x0000000087a00000| Untracked 
| 123|0x0000000087b00000, 0x0000000087c00000, 0x0000000087c00000|100%| O|  |TAMS 0x0000000087c00000, 0x0000000087b00000| Untracked 
| 124|0x0000000087c00000, 0x0000000087d00000, 0x0000000087d00000|100%|HS|  |TAMS 0x0000000087d00000, 0x0000000087c00000| Complete 
| 125|0x0000000087d00000, 0x0000000087e00000, 0x0000000087e00000|100%|HC|  |TAMS 0x0000000087e00000, 0x0000000087d00000| Complete 
| 126|0x0000000087e00000, 0x0000000087f00000, 0x0000000087f00000|100%|HC|  |TAMS 0x0000000087f00000, 0x0000000087e00000| Complete 
| 127|0x0000000087f00000, 0x0000000088000000, 0x0000000088000000|100%|HC|  |TAMS 0x0000000088000000, 0x0000000087f00000| Complete 
| 128|0x0000000088000000, 0x0000000088100000, 0x0000000088100000|100%|HC|  |TAMS 0x0000000088100000, 0x0000000088000000| Complete 
| 129|0x0000000088100000, 0x0000000088200000, 0x0000000088200000|100%|HS|  |TAMS 0x0000000088200000, 0x0000000088100000| Complete 
| 130|0x0000000088200000, 0x0000000088300000, 0x0000000088300000|100%|HC|  |TAMS 0x0000000088300000, 0x0000000088200000| Complete 
| 131|0x0000000088300000, 0x0000000088400000, 0x0000000088400000|100%|HC|  |TAMS 0x0000000088400000, 0x0000000088300000| Complete 
| 132|0x0000000088400000, 0x0000000088400000, 0x0000000088500000|  0%| F|  |TAMS 0x0000000088400000, 0x0000000088400000| Untracked 
| 133|0x0000000088500000, 0x0000000088600000, 0x0000000088600000|100%| O|  |TAMS 0x0000000088600000, 0x0000000088500000| Untracked 
| 134|0x0000000088600000, 0x0000000088600000, 0x0000000088700000|  0%| F|  |TAMS 0x0000000088600000, 0x0000000088600000| Untracked 
| 135|0x0000000088700000, 0x0000000088700000, 0x0000000088800000|  0%| F|  |TAMS 0x0000000088700000, 0x0000000088700000| Untracked 
| 136|0x0000000088800000, 0x0000000088800000, 0x0000000088900000|  0%| F|  |TAMS 0x0000000088800000, 0x0000000088800000| Untracked 
| 137|0x0000000088900000, 0x0000000088900000, 0x0000000088a00000|  0%| F|  |TAMS 0x0000000088900000, 0x0000000088900000| Untracked 
| 138|0x0000000088a00000, 0x0000000088b00000, 0x0000000088b00000|100%| O|  |TAMS 0x0000000088b00000, 0x0000000088a00000| Untracked 
| 139|0x0000000088b00000, 0x0000000088b00000, 0x0000000088c00000|  0%| F|  |TAMS 0x0000000088b00000, 0x0000000088b00000| Untracked 
| 140|0x0000000088c00000, 0x0000000088c00000, 0x0000000088d00000|  0%| F|  |TAMS 0x0000000088c00000, 0x0000000088c00000| Untracked 
| 141|0x0000000088d00000, 0x0000000088e00000, 0x0000000088e00000|100%| O|  |TAMS 0x0000000088e00000, 0x0000000088d00000| Untracked 
| 142|0x0000000088e00000, 0x0000000088f00000, 0x0000000088f00000|100%| O|  |TAMS 0x0000000088f00000, 0x0000000088e00000| Untracked 
| 143|0x0000000088f00000, 0x0000000089000000, 0x0000000089000000|100%| O|  |TAMS 0x0000000089000000, 0x0000000088f00000| Untracked 
| 144|0x0000000089000000, 0x0000000089000000, 0x0000000089100000|  0%| F|  |TAMS 0x0000000089000000, 0x0000000089000000| Untracked 
| 145|0x0000000089100000, 0x0000000089100000, 0x0000000089200000|  0%| F|  |TAMS 0x0000000089100000, 0x0000000089100000| Untracked 
| 146|0x0000000089200000, 0x0000000089200000, 0x0000000089300000|  0%| F|  |TAMS 0x0000000089200000, 0x0000000089200000| Untracked 
| 147|0x0000000089300000, 0x0000000089300000, 0x0000000089400000|  0%| F|  |TAMS 0x0000000089300000, 0x0000000089300000| Untracked 
| 148|0x0000000089400000, 0x0000000089400000, 0x0000000089500000|  0%| F|  |TAMS 0x0000000089400000, 0x0000000089400000| Untracked 
| 149|0x0000000089500000, 0x0000000089500000, 0x0000000089600000|  0%| F|  |TAMS 0x0000000089500000, 0x0000000089500000| Untracked 
| 150|0x0000000089600000, 0x0000000089600000, 0x0000000089700000|  0%| F|  |TAMS 0x0000000089600000, 0x0000000089600000| Untracked 
| 151|0x0000000089700000, 0x0000000089700000, 0x0000000089800000|  0%| F|  |TAMS 0x0000000089700000, 0x0000000089700000| Untracked 
| 152|0x0000000089800000, 0x0000000089900000, 0x0000000089900000|100%| O|  |TAMS 0x0000000089900000, 0x0000000089800000| Untracked 
| 153|0x0000000089900000, 0x0000000089900000, 0x0000000089a00000|  0%| F|  |TAMS 0x0000000089900000, 0x0000000089900000| Untracked 
| 154|0x0000000089a00000, 0x0000000089a00000, 0x0000000089b00000|  0%| F|  |TAMS 0x0000000089a00000, 0x0000000089a00000| Untracked 
| 155|0x0000000089b00000, 0x0000000089b00000, 0x0000000089c00000|  0%| F|  |TAMS 0x0000000089b00000, 0x0000000089b00000| Untracked 
| 156|0x0000000089c00000, 0x0000000089c00000, 0x0000000089d00000|  0%| F|  |TAMS 0x0000000089c00000, 0x0000000089c00000| Untracked 
| 157|0x0000000089d00000, 0x0000000089e00000, 0x0000000089e00000|100%| O|  |TAMS 0x0000000089e00000, 0x0000000089d00000| Untracked 
| 158|0x0000000089e00000, 0x0000000089f00000, 0x0000000089f00000|100%| O|  |TAMS 0x0000000089f00000, 0x0000000089e00000| Untracked 
| 159|0x0000000089f00000, 0x000000008a000000, 0x000000008a000000|100%| O|  |TAMS 0x000000008a000000, 0x0000000089f00000| Untracked 
| 160|0x000000008a000000, 0x000000008a100000, 0x000000008a100000|100%| O|  |TAMS 0x000000008a100000, 0x000000008a000000| Untracked 
| 161|0x000000008a100000, 0x000000008a200000, 0x000000008a200000|100%| O|  |TAMS 0x000000008a200000, 0x000000008a100000| Untracked 
| 162|0x000000008a200000, 0x000000008a300000, 0x000000008a300000|100%| O|  |TAMS 0x000000008a300000, 0x000000008a200000| Untracked 
| 163|0x000000008a300000, 0x000000008a300000, 0x000000008a400000|  0%| F|  |TAMS 0x000000008a300000, 0x000000008a300000| Untracked 
| 164|0x000000008a400000, 0x000000008a400000, 0x000000008a500000|  0%| F|  |TAMS 0x000000008a400000, 0x000000008a400000| Untracked 
| 165|0x000000008a500000, 0x000000008a500000, 0x000000008a600000|  0%| F|  |TAMS 0x000000008a500000, 0x000000008a500000| Untracked 
| 166|0x000000008a600000, 0x000000008a600000, 0x000000008a700000|  0%| F|  |TAMS 0x000000008a600000, 0x000000008a600000| Untracked 
| 167|0x000000008a700000, 0x000000008a700000, 0x000000008a800000|  0%| F|  |TAMS 0x000000008a700000, 0x000000008a700000| Untracked 
| 168|0x000000008a800000, 0x000000008a800000, 0x000000008a900000|  0%| F|  |TAMS 0x000000008a800000, 0x000000008a800000| Untracked 
| 169|0x000000008a900000, 0x000000008a900000, 0x000000008aa00000|  0%| F|  |TAMS 0x000000008a900000, 0x000000008a900000| Untracked 
| 170|0x000000008aa00000, 0x000000008aa00000, 0x000000008ab00000|  0%| F|  |TAMS 0x000000008aa00000, 0x000000008aa00000| Untracked 
| 171|0x000000008ab00000, 0x000000008ab00000, 0x000000008ac00000|  0%| F|  |TAMS 0x000000008ab00000, 0x000000008ab00000| Untracked 
| 172|0x000000008ac00000, 0x000000008ac00000, 0x000000008ad00000|  0%| F|  |TAMS 0x000000008ac00000, 0x000000008ac00000| Untracked 
| 173|0x000000008ad00000, 0x000000008ad00000, 0x000000008ae00000|  0%| F|  |TAMS 0x000000008ad00000, 0x000000008ad00000| Untracked 
| 174|0x000000008ae00000, 0x000000008ae00000, 0x000000008af00000|  0%| F|  |TAMS 0x000000008ae00000, 0x000000008ae00000| Untracked 
| 175|0x000000008af00000, 0x000000008af00000, 0x000000008b000000|  0%| F|  |TAMS 0x000000008af00000, 0x000000008af00000| Untracked 
| 176|0x000000008b000000, 0x000000008b000000, 0x000000008b100000|  0%| F|  |TAMS 0x000000008b000000, 0x000000008b000000| Untracked 
| 177|0x000000008b100000, 0x000000008b100000, 0x000000008b200000|  0%| F|  |TAMS 0x000000008b100000, 0x000000008b100000| Untracked 
| 178|0x000000008b200000, 0x000000008b200000, 0x000000008b300000|  0%| F|  |TAMS 0x000000008b200000, 0x000000008b200000| Untracked 
| 179|0x000000008b300000, 0x000000008b300000, 0x000000008b400000|  0%| F|  |TAMS 0x000000008b300000, 0x000000008b300000| Untracked 
| 180|0x000000008b400000, 0x000000008b400000, 0x000000008b500000|  0%| F|  |TAMS 0x000000008b400000, 0x000000008b400000| Untracked 
| 181|0x000000008b500000, 0x000000008b500000, 0x000000008b600000|  0%| F|  |TAMS 0x000000008b500000, 0x000000008b500000| Untracked 
| 182|0x000000008b600000, 0x000000008b600000, 0x000000008b700000|  0%| F|  |TAMS 0x000000008b600000, 0x000000008b600000| Untracked 
| 183|0x000000008b700000, 0x000000008b700000, 0x000000008b800000|  0%| F|  |TAMS 0x000000008b700000, 0x000000008b700000| Untracked 
| 184|0x000000008b800000, 0x000000008b800000, 0x000000008b900000|  0%| F|  |TAMS 0x000000008b800000, 0x000000008b800000| Untracked 
| 185|0x000000008b900000, 0x000000008b900000, 0x000000008ba00000|  0%| F|  |TAMS 0x000000008b900000, 0x000000008b900000| Untracked 
| 186|0x000000008ba00000, 0x000000008ba00000, 0x000000008bb00000|  0%| F|  |TAMS 0x000000008ba00000, 0x000000008ba00000| Untracked 
| 187|0x000000008bb00000, 0x000000008bb00000, 0x000000008bc00000|  0%| F|  |TAMS 0x000000008bb00000, 0x000000008bb00000| Untracked 
| 188|0x000000008bc00000, 0x000000008bc00000, 0x000000008bd00000|  0%| F|  |TAMS 0x000000008bc00000, 0x000000008bc00000| Untracked 
| 189|0x000000008bd00000, 0x000000008bd00000, 0x000000008be00000|  0%| F|  |TAMS 0x000000008bd00000, 0x000000008bd00000| Untracked 
| 190|0x000000008be00000, 0x000000008be00000, 0x000000008bf00000|  0%| F|  |TAMS 0x000000008be00000, 0x000000008be00000| Untracked 
| 191|0x000000008bf00000, 0x000000008bf00000, 0x000000008c000000|  0%| F|  |TAMS 0x000000008bf00000, 0x000000008bf00000| Untracked 
| 192|0x000000008c000000, 0x000000008c000000, 0x000000008c100000|  0%| F|  |TAMS 0x000000008c000000, 0x000000008c000000| Untracked 
| 193|0x000000008c100000, 0x000000008c100000, 0x000000008c200000|  0%| F|  |TAMS 0x000000008c100000, 0x000000008c100000| Untracked 
| 194|0x000000008c200000, 0x000000008c200000, 0x000000008c300000|  0%| F|  |TAMS 0x000000008c200000, 0x000000008c200000| Untracked 
| 195|0x000000008c300000, 0x000000008c300000, 0x000000008c400000|  0%| F|  |TAMS 0x000000008c300000, 0x000000008c300000| Untracked 
| 196|0x000000008c400000, 0x000000008c400000, 0x000000008c500000|  0%| F|  |TAMS 0x000000008c400000, 0x000000008c400000| Untracked 
| 197|0x000000008c500000, 0x000000008c500000, 0x000000008c600000|  0%| F|  |TAMS 0x000000008c500000, 0x000000008c500000| Untracked 
| 198|0x000000008c600000, 0x000000008c600000, 0x000000008c700000|  0%| F|  |TAMS 0x000000008c600000, 0x000000008c600000| Untracked 
| 199|0x000000008c700000, 0x000000008c700000, 0x000000008c800000|  0%| F|  |TAMS 0x000000008c700000, 0x000000008c700000| Untracked 
| 200|0x000000008c800000, 0x000000008c800000, 0x000000008c900000|  0%| F|  |TAMS 0x000000008c800000, 0x000000008c800000| Untracked 
| 201|0x000000008c900000, 0x000000008c900000, 0x000000008ca00000|  0%| F|  |TAMS 0x000000008c900000, 0x000000008c900000| Untracked 
| 202|0x000000008ca00000, 0x000000008ca00000, 0x000000008cb00000|  0%| F|  |TAMS 0x000000008ca00000, 0x000000008ca00000| Untracked 
| 203|0x000000008cb00000, 0x000000008cb00000, 0x000000008cc00000|  0%| F|  |TAMS 0x000000008cb00000, 0x000000008cb00000| Untracked 
| 204|0x000000008cc00000, 0x000000008cc00000, 0x000000008cd00000|  0%| F|  |TAMS 0x000000008cc00000, 0x000000008cc00000| Untracked 
| 205|0x000000008cd00000, 0x000000008cd00000, 0x000000008ce00000|  0%| F|  |TAMS 0x000000008cd00000, 0x000000008cd00000| Untracked 
| 206|0x000000008ce00000, 0x000000008ce00000, 0x000000008cf00000|  0%| F|  |TAMS 0x000000008ce00000, 0x000000008ce00000| Untracked 
| 207|0x000000008cf00000, 0x000000008cf00000, 0x000000008d000000|  0%| F|  |TAMS 0x000000008cf00000, 0x000000008cf00000| Untracked 
| 208|0x000000008d000000, 0x000000008d000000, 0x000000008d100000|  0%| F|  |TAMS 0x000000008d000000, 0x000000008d000000| Untracked 
| 209|0x000000008d100000, 0x000000008d100000, 0x000000008d200000|  0%| F|  |TAMS 0x000000008d100000, 0x000000008d100000| Untracked 
| 210|0x000000008d200000, 0x000000008d200000, 0x000000008d300000|  0%| F|  |TAMS 0x000000008d200000, 0x000000008d200000| Untracked 
| 211|0x000000008d300000, 0x000000008d300000, 0x000000008d400000|  0%| F|  |TAMS 0x000000008d300000, 0x000000008d300000| Untracked 
| 212|0x000000008d400000, 0x000000008d400000, 0x000000008d500000|  0%| F|  |TAMS 0x000000008d400000, 0x000000008d400000| Untracked 
| 213|0x000000008d500000, 0x000000008d500000, 0x000000008d600000|  0%| F|  |TAMS 0x000000008d500000, 0x000000008d500000| Untracked 
| 214|0x000000008d600000, 0x000000008d600000, 0x000000008d700000|  0%| F|  |TAMS 0x000000008d600000, 0x000000008d600000| Untracked 
| 215|0x000000008d700000, 0x000000008d700000, 0x000000008d800000|  0%| F|  |TAMS 0x000000008d700000, 0x000000008d700000| Untracked 
| 216|0x000000008d800000, 0x000000008d800000, 0x000000008d900000|  0%| F|  |TAMS 0x000000008d800000, 0x000000008d800000| Untracked 
| 217|0x000000008d900000, 0x000000008d900000, 0x000000008da00000|  0%| F|  |TAMS 0x000000008d900000, 0x000000008d900000| Untracked 
| 218|0x000000008da00000, 0x000000008da00000, 0x000000008db00000|  0%| F|  |TAMS 0x000000008da00000, 0x000000008da00000| Untracked 
| 219|0x000000008db00000, 0x000000008db00000, 0x000000008dc00000|  0%| F|  |TAMS 0x000000008db00000, 0x000000008db00000| Untracked 
| 220|0x000000008dc00000, 0x000000008dc00000, 0x000000008dd00000|  0%| F|  |TAMS 0x000000008dc00000, 0x000000008dc00000| Untracked 
| 221|0x000000008dd00000, 0x000000008dd00000, 0x000000008de00000|  0%| F|  |TAMS 0x000000008dd00000, 0x000000008dd00000| Untracked 
| 222|0x000000008de00000, 0x000000008de00000, 0x000000008df00000|  0%| F|  |TAMS 0x000000008de00000, 0x000000008de00000| Untracked 
| 223|0x000000008df00000, 0x000000008df00000, 0x000000008e000000|  0%| F|  |TAMS 0x000000008df00000, 0x000000008df00000| Untracked 
| 224|0x000000008e000000, 0x000000008e000000, 0x000000008e100000|  0%| F|  |TAMS 0x000000008e000000, 0x000000008e000000| Untracked 
| 225|0x000000008e100000, 0x000000008e100000, 0x000000008e200000|  0%| F|  |TAMS 0x000000008e100000, 0x000000008e100000| Untracked 
| 226|0x000000008e200000, 0x000000008e200000, 0x000000008e300000|  0%| F|  |TAMS 0x000000008e200000, 0x000000008e200000| Untracked 
| 227|0x000000008e300000, 0x000000008e300000, 0x000000008e400000|  0%| F|  |TAMS 0x000000008e300000, 0x000000008e300000| Untracked 
| 228|0x000000008e400000, 0x000000008e400000, 0x000000008e500000|  0%| F|  |TAMS 0x000000008e400000, 0x000000008e400000| Untracked 
| 229|0x000000008e500000, 0x000000008e500000, 0x000000008e600000|  0%| F|  |TAMS 0x000000008e500000, 0x000000008e500000| Untracked 
| 230|0x000000008e600000, 0x000000008e600000, 0x000000008e700000|  0%| F|  |TAMS 0x000000008e600000, 0x000000008e600000| Untracked 
| 231|0x000000008e700000, 0x000000008e700000, 0x000000008e800000|  0%| F|  |TAMS 0x000000008e700000, 0x000000008e700000| Untracked 
| 232|0x000000008e800000, 0x000000008e800000, 0x000000008e900000|  0%| F|  |TAMS 0x000000008e800000, 0x000000008e800000| Untracked 
| 233|0x000000008e900000, 0x000000008e900000, 0x000000008ea00000|  0%| F|  |TAMS 0x000000008e900000, 0x000000008e900000| Untracked 
| 234|0x000000008ea00000, 0x000000008ea00000, 0x000000008eb00000|  0%| F|  |TAMS 0x000000008ea00000, 0x000000008ea00000| Untracked 
| 235|0x000000008eb00000, 0x000000008eb00000, 0x000000008ec00000|  0%| F|  |TAMS 0x000000008eb00000, 0x000000008eb00000| Untracked 
| 236|0x000000008ec00000, 0x000000008ecb7840, 0x000000008ed00000| 71%| E|  |TAMS 0x000000008ec00000, 0x000000008ec00000| Complete 
| 237|0x000000008ed00000, 0x000000008ee00000, 0x000000008ee00000|100%| E|CS|TAMS 0x000000008ed00000, 0x000000008ed00000| Complete 
| 238|0x000000008ee00000, 0x000000008ef00000, 0x000000008ef00000|100%| E|CS|TAMS 0x000000008ee00000, 0x000000008ee00000| Complete 
| 239|0x000000008ef00000, 0x000000008f000000, 0x000000008f000000|100%| E|CS|TAMS 0x000000008ef00000, 0x000000008ef00000| Complete 
| 240|0x000000008f000000, 0x000000008f100000, 0x000000008f100000|100%| E|CS|TAMS 0x000000008f000000, 0x000000008f000000| Complete 
| 241|0x000000008f100000, 0x000000008f200000, 0x000000008f200000|100%| E|CS|TAMS 0x000000008f100000, 0x000000008f100000| Complete 
| 242|0x000000008f200000, 0x000000008f300000, 0x000000008f300000|100%| E|CS|TAMS 0x000000008f200000, 0x000000008f200000| Complete 
| 243|0x000000008f300000, 0x000000008f400000, 0x000000008f400000|100%| E|CS|TAMS 0x000000008f300000, 0x000000008f300000| Complete 
| 244|0x000000008f400000, 0x000000008f500000, 0x000000008f500000|100%| E|CS|TAMS 0x000000008f400000, 0x000000008f400000| Complete 
| 245|0x000000008f500000, 0x000000008f600000, 0x000000008f600000|100%| E|CS|TAMS 0x000000008f500000, 0x000000008f500000| Complete 
| 246|0x000000008f600000, 0x000000008f700000, 0x000000008f700000|100%| E|CS|TAMS 0x000000008f600000, 0x000000008f600000| Complete 
| 247|0x000000008f700000, 0x000000008f800000, 0x000000008f800000|100%| E|CS|TAMS 0x000000008f700000, 0x000000008f700000| Complete 
| 248|0x000000008f800000, 0x000000008f900000, 0x000000008f900000|100%| E|CS|TAMS 0x000000008f800000, 0x000000008f800000| Complete 
| 249|0x000000008f900000, 0x000000008fa00000, 0x000000008fa00000|100%| E|CS|TAMS 0x000000008f900000, 0x000000008f900000| Complete 
| 250|0x000000008fa00000, 0x000000008fb00000, 0x000000008fb00000|100%| E|CS|TAMS 0x000000008fa00000, 0x000000008fa00000| Complete 
| 251|0x000000008fb00000, 0x000000008fc00000, 0x000000008fc00000|100%| E|CS|TAMS 0x000000008fb00000, 0x000000008fb00000| Complete 
| 252|0x000000008fc00000, 0x000000008fd00000, 0x000000008fd00000|100%| S|CS|TAMS 0x000000008fc00000, 0x000000008fc00000| Complete 
| 253|0x000000008fd00000, 0x000000008fe00000, 0x000000008fe00000|100%| S|CS|TAMS 0x000000008fd00000, 0x000000008fd00000| Complete 
| 254|0x000000008fe00000, 0x000000008ff00000, 0x000000008ff00000|100%| E|CS|TAMS 0x000000008fe00000, 0x000000008fe00000| Complete 
| 255|0x000000008ff00000, 0x0000000090000000, 0x0000000090000000|100%| E|CS|TAMS 0x000000008ff00000, 0x000000008ff00000| Complete 
| 256|0x0000000090000000, 0x0000000090100000, 0x0000000090100000|100%| E|CS|TAMS 0x0000000090000000, 0x0000000090000000| Complete 
| 257|0x0000000090100000, 0x0000000090200000, 0x0000000090200000|100%| E|CS|TAMS 0x0000000090100000, 0x0000000090100000| Complete 
| 258|0x0000000090200000, 0x0000000090300000, 0x0000000090300000|100%| E|CS|TAMS 0x0000000090200000, 0x0000000090200000| Complete 
| 259|0x0000000090300000, 0x0000000090400000, 0x0000000090400000|100%| E|CS|TAMS 0x0000000090300000, 0x0000000090300000| Complete 
| 260|0x0000000090400000, 0x0000000090500000, 0x0000000090500000|100%| E|CS|TAMS 0x0000000090400000, 0x0000000090400000| Complete 
| 261|0x0000000090500000, 0x0000000090600000, 0x0000000090600000|100%| E|CS|TAMS 0x0000000090500000, 0x0000000090500000| Complete 
| 262|0x0000000090600000, 0x0000000090700000, 0x0000000090700000|100%| E|CS|TAMS 0x0000000090600000, 0x0000000090600000| Complete 
| 263|0x0000000090700000, 0x0000000090800000, 0x0000000090800000|100%| E|CS|TAMS 0x0000000090700000, 0x0000000090700000| Complete 

Card table byte_map: [0x000001a036b20000,0x000001a036f20000] _byte_map_base: 0x000001a036720000

Marking Bits (Prev, Next): (CMBitMap*) 0x000001a023c6cf50, (CMBitMap*) 0x000001a023c6cf18
 Prev Bits: [0x000001a039320000, 0x000001a03b320000)
 Next Bits: [0x000001a037320000, 0x000001a039320000)

Polling page: 0x000001a021bd0000

Metaspace:

Usage:
  Non-class:    127.73 MB capacity,   123.84 MB ( 97%) used,     3.29 MB (  3%) free+waste,   614.81 KB ( <1%) overhead. 
      Class:     19.53 MB capacity,    17.46 MB ( 89%) used,     1.80 MB (  9%) free+waste,   276.31 KB (  1%) overhead. 
       Both:    147.26 MB capacity,   141.30 MB ( 96%) used,     5.09 MB (  3%) free+waste,   891.13 KB ( <1%) overhead. 

Virtual space:
  Non-class space:      128.00 MB reserved,     127.97 MB (>99%) committed 
      Class space:        1.00 GB reserved,      19.57 MB (  2%) committed 
             Both:        1.13 GB reserved,     147.54 MB ( 13%) committed 

Chunk freelists:
   Non-Class:  52.00 KB
       Class:  1.00 KB
        Both:  53.00 KB

MaxMetaspaceSize: 17179869184.00 GB
CompressedClassSpaceSize: 1.00 GB

CodeHeap 'non-profiled nmethods': size=120064Kb used=22770Kb max_used=22770Kb free=97293Kb
 bounds [0x000001a02f1e0000, 0x000001a030830000, 0x000001a036720000]
CodeHeap 'profiled nmethods': size=120000Kb used=56357Kb max_used=58037Kb free=63642Kb
 bounds [0x000001a027cb0000, 0x000001a02b5a0000, 0x000001a02f1e0000]
CodeHeap 'non-nmethods': size=5696Kb used=2402Kb max_used=2479Kb free=3293Kb
 bounds [0x000001a027720000, 0x000001a0279b0000, 0x000001a027cb0000]
 total_blobs=26926 nmethods=25892 adapters=943
 compilation: enabled
              stopped_count=0, restarted_count=0
 full_count=0

Compilation events (20 events):
Event: 3489.877 Thread 0x000001a03d82a000 nmethod 31647 0x000001a028b0b590 code [0x000001a028b0b760, 0x000001a028b0ba68]
Event: 3489.877 Thread 0x000001a03d82a000 31648       3       com.android.build.gradle.internal.dependency.AndroidXDependencySubstitution$replaceOldSupportLibraries$1$1$1$2::invoke (43 bytes)
Event: 3489.879 Thread 0x000001a03d82a000 nmethod 31648 0x000001a028d32190 code [0x000001a028d32460, 0x000001a028d331a8]
Event: 3489.884 Thread 0x000001a03d82a000 31649   !   3       jdk.internal.reflect.GeneratedConstructorAccessor63::newInstance (143 bytes)
Event: 3489.885 Thread 0x000001a03d82a000 nmethod 31649 0x000001a028d52f10 code [0x000001a028d53240, 0x000001a028d54a68]
Event: 3489.895 Thread 0x000001a0436de000 31650       4       org.gradle.internal.component.external.model.DefaultConfigurationMetadata$1::create (5 bytes)
Event: 3489.928 Thread 0x000001a03d82a000 31654       3       org.gradle.internal.resources.AbstractTrackedResourceLock::isLocked (9 bytes)
Event: 3489.928 Thread 0x000001a03d82a000 nmethod 31654 0x000001a028b70110 code [0x000001a028b70300, 0x000001a028b70688]
Event: 3489.971 Thread 0x000001a03d82a000 31656       3       com.google.common.collect.ImmutableMultimap::asMap (5 bytes)
Event: 3489.971 Thread 0x000001a03d82a000 nmethod 31656 0x000001a0289a4d90 code [0x000001a0289a4f40, 0x000001a0289a50d8]
Event: 3489.985 Thread 0x000001a03d82a000 31658       1       com.android.build.api.variant.impl.VariantOutputImpl::getFullName (5 bytes)
Event: 3489.985 Thread 0x000001a03d82a000 nmethod 31658 0x000001a030817e10 code [0x000001a030817fc0, 0x000001a030818078]
Event: 3490.070 Thread 0x000001a03d82a000 31664       3       org.gradle.api.internal.artifacts.dsl.DefaultComponentMetadataHandler$$Lambda$416/0x00000001005c3040::get (12 bytes)
Event: 3490.070 Thread 0x000001a03d82a000 nmethod 31664 0x000001a0289c0590 code [0x000001a0289c0740, 0x000001a0289c0888]
Event: 3490.070 Thread 0x000001a03d82a000 31665       3       org.gradle.internal.id.LongIdGenerator::<init> (17 bytes)
Event: 3490.070 Thread 0x000001a03d82a000 nmethod 31665 0x000001a028b0c610 code [0x000001a028b0c7e0, 0x000001a028b0cb38]
Event: 3490.105 Thread 0x000001a03d82a000 31666       3       org.gradle.util.GUtil::flatten (135 bytes)
Event: 3490.107 Thread 0x000001a03d82a000 nmethod 31666 0x000001a028d34190 code [0x000001a028d34480, 0x000001a028d35718]
Event: 3490.134 Thread 0x000001a03d82a000 31670       1       org.gradle.api.internal.tasks.TaskExecuterResult$1::executedIncrementally (2 bytes)
Event: 3490.134 Thread 0x000001a03d82a000 nmethod 31670 0x000001a030818110 code [0x000001a0308182c0, 0x000001a030818378]

GC Heap History (20 events):
Event: 2960.659 GC heap before
{Heap before GC invocations=200 (full 0):
 garbage-first heap   total 270336K, used 208838K [0x0000000080000000, 0x0000000100000000)
  region size 1024K, 49 young (50176K), 2 survivors (2048K)
 Metaspace       used 144317K, capacity 150436K, committed 150572K, reserved 1179648K
  class space    used 17875K, capacity 19998K, committed 20044K, reserved 1048576K
}
Event: 2960.671 GC heap after
{Heap after GC invocations=201 (full 0):
 garbage-first heap   total 270336K, used 165362K [0x0000000080000000, 0x0000000100000000)
  region size 1024K, 5 young (5120K), 5 survivors (5120K)
 Metaspace       used 144317K, capacity 150436K, committed 150572K, reserved 1179648K
  class space    used 17875K, capacity 19998K, committed 20044K, reserved 1048576K
}
Event: 2961.102 GC heap before
{Heap before GC invocations=201 (full 0):
 garbage-first heap   total 270336K, used 236018K [0x0000000080000000, 0x0000000100000000)
  region size 1024K, 59 young (60416K), 5 survivors (5120K)
 Metaspace       used 144319K, capacity 150500K, committed 150572K, reserved 1179648K
  class space    used 17875K, capacity 19998K, committed 20044K, reserved 1048576K
}
Event: 2961.110 GC heap after
{Heap after GC invocations=202 (full 0):
 garbage-first heap   total 270336K, used 164645K [0x0000000080000000, 0x0000000100000000)
  region size 1024K, 4 young (4096K), 4 survivors (4096K)
 Metaspace       used 144319K, capacity 150500K, committed 150572K, reserved 1179648K
  class space    used 17875K, capacity 19998K, committed 20044K, reserved 1048576K
}
Event: 2961.903 GC heap before
{Heap before GC invocations=203 (full 0):
 garbage-first heap   total 270336K, used 220965K [0x0000000080000000, 0x0000000100000000)
  region size 1024K, 60 young (61440K), 4 survivors (4096K)
 Metaspace       used 144370K, capacity 150564K, committed 150828K, reserved 1179648K
  class space    used 17876K, capacity 19998K, committed 20044K, reserved 1048576K
}
Event: 2961.907 GC heap after
{Heap after GC invocations=204 (full 0):
 garbage-first heap   total 270336K, used 162237K [0x0000000080000000, 0x0000000100000000)
  region size 1024K, 2 young (2048K), 2 survivors (2048K)
 Metaspace       used 144370K, capacity 150564K, committed 150828K, reserved 1179648K
  class space    used 17876K, capacity 19998K, committed 20044K, reserved 1048576K
}
Event: 2962.225 GC heap before
{Heap before GC invocations=204 (full 0):
 garbage-first heap   total 270336K, used 172477K [0x0000000080000000, 0x0000000100000000)
  region size 1024K, 13 young (13312K), 2 survivors (2048K)
 Metaspace       used 144371K, capacity 150564K, committed 150828K, reserved 1179648K
  class space    used 17876K, capacity 19998K, committed 20044K, reserved 1048576K
}
Event: 2962.240 GC heap after
{Heap after GC invocations=205 (full 0):
 garbage-first heap   total 270336K, used 153606K [0x0000000080000000, 0x0000000100000000)
  region size 1024K, 2 young (2048K), 2 survivors (2048K)
 Metaspace       used 144371K, capacity 150564K, committed 150828K, reserved 1179648K
  class space    used 17876K, capacity 19998K, committed 20044K, reserved 1048576K
}
Event: 2967.233 GC heap before
{Heap before GC invocations=205 (full 0):
 garbage-first heap   total 270336K, used 220166K [0x0000000080000000, 0x0000000100000000)
  region size 1024K, 68 young (69632K), 2 survivors (2048K)
 Metaspace       used 144407K, capacity 150584K, committed 150828K, reserved 1179648K
  class space    used 17876K, capacity 19999K, committed 20044K, reserved 1048576K
}
Event: 2967.246 GC heap after
{Heap after GC invocations=206 (full 0):
 garbage-first heap   total 270336K, used 156179K [0x0000000080000000, 0x0000000100000000)
  region size 1024K, 5 young (5120K), 5 survivors (5120K)
 Metaspace       used 144407K, capacity 150584K, committed 150828K, reserved 1179648K
  class space    used 17876K, capacity 19999K, committed 20044K, reserved 1048576K
}
Event: 2967.952 GC heap before
{Heap before GC invocations=207 (full 0):
 garbage-first heap   total 270336K, used 217619K [0x0000000080000000, 0x0000000100000000)
  region size 1024K, 71 young (72704K), 5 survivors (5120K)
 Metaspace       used 144495K, capacity 150654K, committed 150828K, reserved 1179648K
  class space    used 17876K, capacity 19999K, committed 20044K, reserved 1048576K
}
Event: 2967.970 GC heap after
{Heap after GC invocations=208 (full 0):
 garbage-first heap   total 270336K, used 151760K [0x0000000080000000, 0x0000000100000000)
  region size 1024K, 9 young (9216K), 9 survivors (9216K)
 Metaspace       used 144495K, capacity 150654K, committed 150828K, reserved 1179648K
  class space    used 17876K, capacity 19999K, committed 20044K, reserved 1048576K
}
Event: 2967.990 GC heap before
{Heap before GC invocations=208 (full 0):
 garbage-first heap   total 270336K, used 155856K [0x0000000080000000, 0x0000000100000000)
  region size 1024K, 13 young (13312K), 9 survivors (9216K)
 Metaspace       used 144495K, capacity 150654K, committed 150828K, reserved 1179648K
  class space    used 17876K, capacity 19999K, committed 20044K, reserved 1048576K
}
Event: 2968.017 GC heap after
{Heap after GC invocations=209 (full 0):
 garbage-first heap   total 270336K, used 139583K [0x0000000080000000, 0x0000000100000000)
  region size 1024K, 1 young (1024K), 1 survivors (1024K)
 Metaspace       used 144495K, capacity 150654K, committed 150828K, reserved 1179648K
  class space    used 17876K, capacity 19999K, committed 20044K, reserved 1048576K
}
Event: 2968.101 GC heap before
{Heap before GC invocations=209 (full 0):
 garbage-first heap   total 270336K, used 145727K [0x0000000080000000, 0x0000000100000000)
  region size 1024K, 9 young (9216K), 1 survivors (1024K)
 Metaspace       used 144495K, capacity 150654K, committed 150828K, reserved 1179648K
  class space    used 17876K, capacity 19999K, committed 20044K, reserved 1048576K
}
Event: 2968.108 GC heap after
{Heap after GC invocations=210 (full 0):
 garbage-first heap   total 270336K, used 140383K [0x0000000080000000, 0x0000000100000000)
  region size 1024K, 2 young (2048K), 2 survivors (2048K)
 Metaspace       used 144495K, capacity 150654K, committed 150828K, reserved 1179648K
  class space    used 17876K, capacity 19999K, committed 20044K, reserved 1048576K
}
Event: 3489.396 GC heap before
{Heap before GC invocations=211 (full 0):
 garbage-first heap   total 270336K, used 227423K [0x0000000080000000, 0x0000000100000000)
  region size 1024K, 78 young (79872K), 2 survivors (2048K)
 Metaspace       used 144616K, capacity 150730K, committed 150828K, reserved 1179648K
  class space    used 17876K, capacity 19999K, committed 20044K, reserved 1048576K
}
Event: 3489.404 GC heap after
{Heap after GC invocations=212 (full 0):
 garbage-first heap   total 270336K, used 141208K [0x0000000080000000, 0x0000000100000000)
  region size 1024K, 3 young (3072K), 3 survivors (3072K)
 Metaspace       used 144616K, capacity 150730K, committed 150828K, reserved 1179648K
  class space    used 17876K, capacity 19999K, committed 20044K, reserved 1048576K
}
Event: 3489.790 GC heap before
{Heap before GC invocations=212 (full 0):
 garbage-first heap   total 270336K, used 151448K [0x0000000080000000, 0x0000000100000000)
  region size 1024K, 13 young (13312K), 3 survivors (3072K)
 Metaspace       used 144683K, capacity 150731K, committed 150828K, reserved 1179648K
  class space    used 17876K, capacity 19999K, committed 20044K, reserved 1048576K
}
Event: 3489.812 GC heap after
{Heap after GC invocations=213 (full 0):
 garbage-first heap   total 270336K, used 142927K [0x0000000080000000, 0x0000000100000000)
  region size 1024K, 2 young (2048K), 2 survivors (2048K)
 Metaspace       used 144683K, capacity 150731K, committed 150828K, reserved 1179648K
  class space    used 17876K, capacity 19999K, committed 20044K, reserved 1048576K
}

Deoptimization events (20 events):
Event: 2968.391 Thread 0x000001a0432d7000 DEOPT PACKING pc=0x000001a029e4ab48 sp=0x000000144a3fcaf0
Event: 2968.391 Thread 0x000001a0432d7000 DEOPT UNPACKING pc=0x000001a0277476ce sp=0x000000144a3fbfd8 mode 0
Event: 2968.396 Thread 0x000001a0432d7000 DEOPT PACKING pc=0x000001a029e4ab48 sp=0x000000144a3fcaf0
Event: 2968.396 Thread 0x000001a0432d7000 DEOPT UNPACKING pc=0x000001a0277476ce sp=0x000000144a3fbfd8 mode 0
Event: 2968.398 Thread 0x000001a0432d7000 DEOPT PACKING pc=0x000001a029e4ab48 sp=0x000000144a3fcaf0
Event: 2968.398 Thread 0x000001a0432d7000 DEOPT UNPACKING pc=0x000001a0277476ce sp=0x000000144a3fbfd8 mode 0
Event: 2968.403 Thread 0x000001a0432d7000 DEOPT PACKING pc=0x000001a029e4ab48 sp=0x000000144a3fcaf0
Event: 2968.403 Thread 0x000001a0432d7000 DEOPT UNPACKING pc=0x000001a0277476ce sp=0x000000144a3fbfd8 mode 0
Event: 2968.461 Thread 0x000001a0432d7000 DEOPT PACKING pc=0x000001a029eb4b4f sp=0x000000144a3fccc0
Event: 2968.461 Thread 0x000001a0432d7000 DEOPT UNPACKING pc=0x000001a0277476ce sp=0x000000144a3fc1c0 mode 0
Event: 2968.804 Thread 0x000001a03e442800 Uncommon trap: trap_request=0xffffffde fr.pc=0x000001a02fe6cc3c relative=0x000000000000017c
Event: 2968.804 Thread 0x000001a03e442800 Uncommon trap: reason=class_check action=maybe_recompile pc=0x000001a02fe6cc3c method=com.google.common.base.Objects.equal(Ljava/lang/Object;Ljava/lang/Object;)Z @ 11 c2
Event: 2968.804 Thread 0x000001a03e442800 DEOPT PACKING pc=0x000001a02fe6cc3c sp=0x000000144bdfdb70
Event: 2968.804 Thread 0x000001a03e442800 DEOPT UNPACKING pc=0x000001a0277478af sp=0x000000144bdfdb18 mode 2
Event: 2968.922 Thread 0x000001a0436db800 Uncommon trap: trap_request=0xffffff64 fr.pc=0x000001a02f5fb974 relative=0x0000000000000b14
Event: 2968.922 Thread 0x000001a0436db800 Uncommon trap: reason=speculate_null_check action=make_not_entrant pc=0x000001a02f5fb974 method=org.gradle.internal.operations.UnmanagedBuildOperationWrapper.maybeStopUnmanagedThreadOperation(Lorg/gradle/internal/operations/BuildOperationState;)V @ 1 c2
Event: 2968.922 Thread 0x000001a0436db800 DEOPT PACKING pc=0x000001a02f5fb974 sp=0x0000001448dfd4b0
Event: 2968.922 Thread 0x000001a0436db800 DEOPT UNPACKING pc=0x000001a0277478af sp=0x0000001448dfd450 mode 2
Event: 3489.982 Thread 0x000001a03e440000 DEOPT PACKING pc=0x000001a027d54e0d sp=0x0000001448bf81b0
Event: 3489.982 Thread 0x000001a03e440000 DEOPT UNPACKING pc=0x000001a0277476ce sp=0x0000001448bf7650 mode 0

Classes redefined (0 events):
No events

Internal exceptions (20 events):
Event: 2958.637 Thread 0x000001a0436db800 Exception <a 'sun/nio/fs/WindowsException'{0x000000008e7a7050}> (0x000000008e7a7050) thrown at [./src/hotspot/share/prims/jni.cpp, line 615]
Event: 2958.637 Thread 0x000001a0436db800 Exception <a 'sun/nio/fs/WindowsException'{0x000000008e7a8010}> (0x000000008e7a8010) thrown at [./src/hotspot/share/prims/jni.cpp, line 615]
Event: 2958.637 Thread 0x000001a0436db800 Exception <a 'sun/nio/fs/WindowsException'{0x000000008e7a9020}> (0x000000008e7a9020) thrown at [./src/hotspot/share/prims/jni.cpp, line 615]
Event: 2958.638 Thread 0x000001a0436db800 Exception <a 'sun/nio/fs/WindowsException'{0x000000008e7aa030}> (0x000000008e7aa030) thrown at [./src/hotspot/share/prims/jni.cpp, line 615]
Event: 2959.935 Thread 0x000001a0436e2000 Implicit null exception at 0x000001a02f5fb044 to 0x000001a02f5fb964
Event: 2963.836 Thread 0x000001a0436e8000 Exception <a 'sun/nio/fs/WindowsException'{0x000000008f2d3dd8}> (0x000000008f2d3dd8) thrown at [./src/hotspot/share/prims/jni.cpp, line 615]
Event: 2963.836 Thread 0x000001a0436e8000 Exception <a 'sun/nio/fs/WindowsException'{0x000000008f2d3ec0}> (0x000000008f2d3ec0) thrown at [./src/hotspot/share/prims/jni.cpp, line 615]
Event: 2964.018 Thread 0x000001a0432d3800 Exception <a 'java/lang/InterruptedException'{0x000000008d801260}> (0x000000008d801260) thrown at [./src/hotspot/share/runtime/objectMonitor.cpp, line 1635]
Event: 2967.338 Thread 0x000001a0436e7000 Exception <a 'sun/nio/fs/WindowsException'{0x00000000901e6760}> (0x00000000901e6760) thrown at [./src/hotspot/share/prims/jni.cpp, line 615]
Event: 2968.214 Thread 0x000001a0432d7000 Exception <a 'sun/nio/fs/WindowsException'{0x00000000904d5a78}> (0x00000000904d5a78) thrown at [./src/hotspot/share/prims/jni.cpp, line 615]
Event: 2968.312 Thread 0x000001a0432d3800 Exception <a 'sun/nio/fs/WindowsException'{0x000000009057e188}> (0x000000009057e188) thrown at [./src/hotspot/share/prims/jni.cpp, line 615]
Event: 2968.375 Thread 0x000001a0432d3800 Exception <a 'sun/nio/fs/WindowsException'{0x000000008f3dcf00}> (0x000000008f3dcf00) thrown at [./src/hotspot/share/prims/jni.cpp, line 615]
Event: 2968.542 Thread 0x000001a0432d7000 Exception <a 'sun/nio/fs/WindowsException'{0x000000008ee4e778}> (0x000000008ee4e778) thrown at [./src/hotspot/share/prims/jni.cpp, line 615]
Event: 2968.922 Thread 0x000001a0436db800 Implicit null exception at 0x000001a02f5fb044 to 0x000001a02f5fb964
Event: 3489.312 Thread 0x000001a03e440000 Exception <a 'sun/nio/fs/WindowsException'{0x000000008bda36f8}> (0x000000008bda36f8) thrown at [./src/hotspot/share/prims/jni.cpp, line 615]
Event: 3489.511 Thread 0x000001a03e440000 Exception <a 'sun/nio/fs/WindowsException'{0x00000000903c71b0}> (0x00000000903c71b0) thrown at [./src/hotspot/share/prims/jni.cpp, line 615]
Event: 3489.519 Thread 0x000001a03e440000 Exception <a 'sun/nio/fs/WindowsException'{0x0000000090268798}> (0x0000000090268798) thrown at [./src/hotspot/share/prims/jni.cpp, line 615]
Event: 3489.520 Thread 0x000001a03e440000 Exception <a 'sun/nio/fs/WindowsException'{0x0000000090269758}> (0x0000000090269758) thrown at [./src/hotspot/share/prims/jni.cpp, line 615]
Event: 3489.520 Thread 0x000001a03e440000 Exception <a 'sun/nio/fs/WindowsException'{0x000000009026aa58}> (0x000000009026aa58) thrown at [./src/hotspot/share/prims/jni.cpp, line 615]
Event: 3489.520 Thread 0x000001a03e440000 Exception <a 'sun/nio/fs/WindowsException'{0x000000009026ba68}> (0x000000009026ba68) thrown at [./src/hotspot/share/prims/jni.cpp, line 615]

Events (20 events):
Event: 3489.826 Executing VM operation: RevokeBias
Event: 3489.827 Executing VM operation: RevokeBias done
Event: 3489.834 Executing VM operation: RevokeBias
Event: 3489.834 Executing VM operation: RevokeBias done
Event: 3489.861 Executing VM operation: RevokeBias
Event: 3489.861 Executing VM operation: RevokeBias done
Event: 3489.965 Executing VM operation: RevokeBias
Event: 3489.965 Executing VM operation: RevokeBias done
Event: 3489.970 Executing VM operation: RevokeBias
Event: 3489.970 Executing VM operation: RevokeBias done
Event: 3490.048 Executing VM operation: RevokeBias
Event: 3490.048 Executing VM operation: RevokeBias done
Event: 3490.122 Executing VM operation: RevokeBias
Event: 3490.129 Executing VM operation: RevokeBias done
Event: 3490.129 Executing VM operation: RevokeBias
Event: 3490.129 Executing VM operation: RevokeBias done
Event: 3490.129 Executing VM operation: RevokeBias
Event: 3490.130 Executing VM operation: RevokeBias done
Event: 3490.130 Executing VM operation: RevokeBias
Event: 3490.130 Executing VM operation: RevokeBias done


Dynamic libraries:
0x00007ff629810000 - 0x00007ff62981a000 	C:\Program Files\Android\Android Studio\jre\bin\java.exe
0x00007ffa95070000 - 0x00007ffa95266000 	C:\Windows\SYSTEM32\ntdll.dll
0x00007ffa947a0000 - 0x00007ffa9485d000 	C:\Windows\System32\KERNEL32.DLL
0x00007ffa92b20000 - 0x00007ffa92de8000 	C:\Windows\System32\KERNELBASE.dll
0x00007ffa92f20000 - 0x00007ffa93020000 	C:\Windows\System32\ucrtbase.dll
0x00007ffa64120000 - 0x00007ffa64137000 	C:\Program Files\Android\Android Studio\jre\bin\VCRUNTIME140.dll
0x00007ffa64be0000 - 0x00007ffa64bf9000 	C:\Program Files\Android\Android Studio\jre\bin\jli.dll
0x00007ffa94a00000 - 0x00007ffa94ba0000 	C:\Windows\System32\USER32.dll
0x00007ffa92940000 - 0x00007ffa92962000 	C:\Windows\System32\win32u.dll
0x00007ffa946a0000 - 0x00007ffa946ca000 	C:\Windows\System32\GDI32.dll
0x00007ffa92830000 - 0x00007ffa92939000 	C:\Windows\System32\gdi32full.dll
0x00007ffa801a0000 - 0x00007ffa8043b000 	C:\Windows\WinSxS\amd64_microsoft.windows.common-controls_6595b64144ccf1df_6.0.19041.488_none_ca04af081b815d21\COMCTL32.dll
0x00007ffa92df0000 - 0x00007ffa92e8d000 	C:\Windows\System32\msvcp_win.dll
0x00007ffa94600000 - 0x00007ffa9469e000 	C:\Windows\System32\msvcrt.dll
0x00007ffa94ba0000 - 0x00007ffa94bd0000 	C:\Windows\System32\IMM32.DLL
0x00007ffa64080000 - 0x00007ffa6411d000 	C:\Program Files\Android\Android Studio\jre\bin\msvcp140.dll
0x00007ffa3e050000 - 0x00007ffa3eb1f000 	C:\Program Files\Android\Android Studio\jre\bin\server\jvm.dll
0x00007ffa93b00000 - 0x00007ffa93bac000 	C:\Windows\System32\ADVAPI32.dll
0x00007ffa93bb0000 - 0x00007ffa93c4b000 	C:\Windows\System32\sechost.dll
0x00007ffa93c60000 - 0x00007ffa93d84000 	C:\Windows\System32\RPCRT4.dll
0x00007ffa93c50000 - 0x00007ffa93c58000 	C:\Windows\System32\PSAPI.DLL
0x00007ffa78b40000 - 0x00007ffa78b49000 	C:\Windows\SYSTEM32\WSOCK32.dll
0x00007ffa94730000 - 0x00007ffa9479b000 	C:\Windows\System32\WS2_32.dll
0x00007ffa80470000 - 0x00007ffa80497000 	C:\Windows\SYSTEM32\WINMM.dll
0x00007ffa8ad90000 - 0x00007ffa8ad9a000 	C:\Windows\SYSTEM32\VERSION.dll
0x00007ffa910e0000 - 0x00007ffa910f2000 	C:\Windows\SYSTEM32\kernel.appcore.dll
0x00007ffa8c560000 - 0x00007ffa8c571000 	C:\Program Files\Android\Android Studio\jre\bin\verify.dll
0x00007ffa90da0000 - 0x00007ffa90f84000 	C:\Windows\SYSTEM32\DBGHELP.DLL
0x00007ffa88440000 - 0x00007ffa8846c000 	C:\Windows\SYSTEM32\dbgcore.DLL
0x00007ffa927b0000 - 0x00007ffa9282f000 	C:\Windows\System32\bcryptPrimitives.dll
0x00007ffa7d5b0000 - 0x00007ffa7d5d9000 	C:\Program Files\Android\Android Studio\jre\bin\java.dll
0x00007ffa8c550000 - 0x00007ffa8c55b000 	C:\Program Files\Android\Android Studio\jre\bin\jimage.dll
0x00007ffa8bec0000 - 0x00007ffa8bed8000 	C:\Program Files\Android\Android Studio\jre\bin\zip.dll
0x00007ffa93d90000 - 0x00007ffa944d1000 	C:\Windows\System32\SHELL32.dll
0x00007ffa90530000 - 0x00007ffa90cc5000 	C:\Windows\SYSTEM32\windows.storage.dll
0x00007ffa930e0000 - 0x00007ffa93435000 	C:\Windows\System32\combase.dll
0x00007ffa92150000 - 0x00007ffa9217c000 	C:\Windows\SYSTEM32\Wldp.dll
0x00007ffa94550000 - 0x00007ffa945fe000 	C:\Windows\System32\SHCORE.dll
0x00007ffa946d0000 - 0x00007ffa94725000 	C:\Windows\System32\shlwapi.dll
0x00007ffa926e0000 - 0x00007ffa92706000 	C:\Windows\SYSTEM32\profapi.dll
0x00007ffa841e0000 - 0x00007ffa841fa000 	C:\Program Files\Android\Android Studio\jre\bin\net.dll
0x00007ffa837e0000 - 0x00007ffa838e0000 	C:\Windows\SYSTEM32\WINHTTP.dll
0x00007ffa91ed0000 - 0x00007ffa91f3a000 	C:\Windows\system32\mswsock.dll
0x00007ffa7d590000 - 0x00007ffa7d5a4000 	C:\Program Files\Android\Android Studio\jre\bin\nio.dll
0x00007ffa64050000 - 0x00007ffa64077000 	C:\Users\DELL\.gradle\native\8bec1ad78214c89d9ad589b4d07fe93259594b29d510b10fafb7a158f7737e5d\windows-amd64\native-platform.dll
0x00007ffa63f10000 - 0x00007ffa6404d000 	C:\Users\DELL\.gradle\native\53dbd7edfb1c66fb8903c78663c9afc45aea4f116125fa6feffd364cf09443e8\windows-amd64\native-platform-file-events.dll
0x00007ffa8c420000 - 0x00007ffa8c42a000 	C:\Program Files\Android\Android Studio\jre\bin\management.dll
0x00007ffa8aec0000 - 0x00007ffa8aecc000 	C:\Program Files\Android\Android Studio\jre\bin\management_ext.dll
0x00007ffa920b0000 - 0x00007ffa920c8000 	C:\Windows\SYSTEM32\CRYPTSP.dll
0x00007ffa91860000 - 0x00007ffa91894000 	C:\Windows\system32\rsaenh.dll
0x00007ffa92e90000 - 0x00007ffa92eb7000 	C:\Windows\System32\bcrypt.dll
0x00007ffa926a0000 - 0x00007ffa926ce000 	C:\Windows\SYSTEM32\USERENV.dll
0x00007ffa920a0000 - 0x00007ffa920ac000 	C:\Windows\SYSTEM32\CRYPTBASE.dll
0x00007ffa91bc0000 - 0x00007ffa91bfb000 	C:\Windows\SYSTEM32\IPHLPAPI.DLL
0x00007ffa944e0000 - 0x00007ffa944e8000 	C:\Windows\System32\NSI.dll
0x00007ffa84370000 - 0x00007ffa84387000 	C:\Windows\SYSTEM32\dhcpcsvc6.DLL
0x00007ffa84880000 - 0x00007ffa8489d000 	C:\Windows\SYSTEM32\dhcpcsvc.DLL
0x00007ffa91c00000 - 0x00007ffa91ccb000 	C:\Windows\SYSTEM32\DNSAPI.dll
0x00007ffa89a20000 - 0x00007ffa89a3e000 	C:\Users\DELL\AppData\Local\Temp\native-platform15152373329147925527dir\native-platform.dll
0x00007ffa89a10000 - 0x00007ffa89a18000 	C:\Program Files\Android\Android Studio\jre\bin\rmi.dll
0x00007ffa75900000 - 0x00007ffa75927000 	C:\Program Files\Android\Android Studio\jre\bin\sunec.dll

dbghelp: loaded successfully - version: 4.0.5 - missing functions: none
symbol engine: initialized successfully - sym options: 0x614 - pdb path: .;C:\Program Files\Android\Android Studio\jre\bin;C:\Windows\SYSTEM32;C:\Windows\WinSxS\amd64_microsoft.windows.common-controls_6595b64144ccf1df_6.0.19041.488_none_ca04af081b815d21;C:\Program Files\Android\Android Studio\jre\bin\server;C:\Users\DELL\.gradle\native\8bec1ad78214c89d9ad589b4d07fe93259594b29d510b10fafb7a158f7737e5d\windows-amd64;C:\Users\DELL\.gradle\native\53dbd7edfb1c66fb8903c78663c9afc45aea4f116125fa6feffd364cf09443e8\windows-amd64;C:\Users\DELL\AppData\Local\Temp\native-platform15152373329147925527dir

VM Arguments:
jvm_args: --add-opens=java.base/java.util=ALL-UNNAMED --add-opens=java.base/java.lang=ALL-UNNAMED --add-opens=java.base/java.lang.invoke=ALL-UNNAMED --add-opens=java.base/java.util=ALL-UNNAMED --add-opens=java.prefs/java.util.prefs=ALL-UNNAMED --add-opens=java.prefs/java.util.prefs=ALL-UNNAMED --add-opens=java.base/java.nio.charset=ALL-UNNAMED --add-opens=java.base/java.net=ALL-UNNAMED --add-opens=java.base/java.util.concurrent.atomic=ALL-UNNAMED -Xmx2048m -Dfile.encoding=UTF-8 -Duser.country=IN -Duser.language=en -Duser.variant 
java_command: org.gradle.launcher.daemon.bootstrap.GradleDaemon 7.0.2
java_class_path (initial): C:\Users\DELL\.gradle\wrapper\dists\gradle-7.0.2-bin\857tjihv64xamwrf0h14cai3r\gradle-7.0.2\lib\gradle-launcher-7.0.2.jar
Launcher Type: SUN_STANDARD

[Global flags]
     intx CICompilerCount                          = 3                                         {product} {ergonomic}
     uint ConcGCThreads                            = 1                                         {product} {ergonomic}
     uint G1ConcRefinementThreads                  = 4                                         {product} {ergonomic}
   size_t G1HeapRegionSize                         = 1048576                                   {product} {ergonomic}
    uintx GCDrainStackTargetSize                   = 64                                        {product} {ergonomic}
   size_t InitialHeapSize                          = 132120576                                 {product} {ergonomic}
   size_t MarkStackSize                            = 4194304                                   {product} {ergonomic}
   size_t MaxHeapSize                              = 2147483648                                {product} {command line}
   size_t MaxNewSize                               = 1287651328                                {product} {ergonomic}
   size_t MinHeapDeltaBytes                        = 1048576                                   {product} {ergonomic}
    uintx NonNMethodCodeHeapSize                   = 5830732                                {pd product} {ergonomic}
    uintx NonProfiledCodeHeapSize                  = 122913754                              {pd product} {ergonomic}
    uintx ProfiledCodeHeapSize                     = 122913754                              {pd product} {ergonomic}
    uintx ReservedCodeCacheSize                    = 251658240                              {pd product} {ergonomic}
     bool SegmentedCodeCache                       = true                                      {product} {ergonomic}
     bool UseCompressedClassPointers               = true                                 {lp64_product} {ergonomic}
     bool UseCompressedOops                        = true                                 {lp64_product} {ergonomic}
     bool UseG1GC                                  = true                                      {product} {ergonomic}
     bool UseLargePagesIndividualAllocation        = false                                  {pd product} {ergonomic}

Logging:
Log output configuration:
 #0: stdout all=warning uptime,level,tags
 #1: stderr all=off uptime,level,tags

Environment Variables:
PATH=C:\Windows\system32;C:\Windows;C:\Windows\System32\Wbem;C:\Windows\System32\WindowsPowerShell\v1.0\;C:\Windows\System32\OpenSSH\;C:\Users\DELL\AppData\Local\Microsoft\WindowsApps;
USERNAME=DELL
OS=Windows_NT
PROCESSOR_IDENTIFIER=Intel64 Family 6 Model 142 Stepping 9, GenuineIntel



---------------  S Y S T E M  ---------------

OS: Windows 10 , 64 bit Build 19041 (10.0.19041.546)
OS uptime: 0 days 1:57 hours

CPU:total 4 (initial active 4) (2 cores per cpu, 2 threads per core) family 6 model 142 stepping 9 microcode 0xb4, cmov, cx8, fxsr, mmx, sse, sse2, sse3, ssse3, sse4.1, sse4.2, popcnt, avx, avx2, aes, clmul, erms, 3dnowpref, lzcnt, ht, tsc, tscinvbit, bmi1, bmi2, adx, fma

Memory: 4k page, system-wide physical 8058M (1305M free)
TotalPageFile size 9978M (AvailPageFile size 2421M)
current process WorkingSet (physical memory assigned to process): 617M, peak: 640M
current process commit charge ("private bytes"): 689M, peak: 710M

vm_info: OpenJDK 64-Bit Server VM (11.0.10+0-b96-7249189) for windows-amd64 JRE (11.0.10+0-b96-7249189), built on Mar 31 2021 21:44:00 by "builder" with MS VC++ 14.0 (VS2015)

END.
